
Imposing and testing HOD1

*******************************************************
Restricted LS estimation results
Observations 145
R-squared 0.925652
Sigma-squared 0.155686

            estimate     st.err.     t-stat.     p-value  
constant      -4.691       0.891      -5.263       0.000
output         0.721       0.018      41.040       0.000
labor          0.593       0.206       2.878       0.005
fuel           0.414       0.100       4.159       0.000
capital       -0.007       0.192      -0.038       0.969

*******************************************************
            Value     p-value  
F           0.574       0.450
Wald        0.594       0.441
LR          0.593       0.441
Score       0.592       0.442

Imposing and testing CRTS

*******************************************************
Restricted LS estimation results
Observations 145
R-squared 0.790420
Sigma-squared 0.438861

            estimate     st.err.     t-stat.     p-value  
constant      -7.530       2.966      -2.539       0.012
output         1.000       0.000         Inf       0.000
labor          0.020       0.489       0.040       0.968
fuel           0.715       0.167       4.289       0.000
capital        0.076       0.572       0.132       0.895

*******************************************************
            Value     p-value  
F         256.262       0.000
Wald      265.414       0.000
LR        150.863       0.000
Score      93.771       0.000

