MPITB extensions found

OBDV

======================================================
BFGSMIN final results

Used analytic gradient

------------------------------------------------------
STRONG CONVERGENCE
Function conv 1  Param conv 1  Gradient conv 1
------------------------------------------------------
Objective function value 2.18496
Stepsize 0.0104394
13 iterations
------------------------------------------------------

 param    gradient  change
  1.0375   0.0000  -0.0000
  0.3673  -0.0000   0.0000
  0.2136   0.0000  -0.0000
  0.2816   0.0000  -0.0000
  0.3027   0.0000   0.0000
  0.0843  -0.0000   0.0000
 -0.0048   0.0000  -0.0000
  0.4780  -0.0000   0.0000


******************************************************
Negative Binomial model, MEPS 1996 full data set

MLE Estimation Results
BFGS convergence: Normal convergence

Average Log-L: -2.184962
Observations: 4564

              estimate     st. err      t-stat     p-value  
constant        -1.068       0.161      -6.622       0.000
pub. ins.        1.101       0.095      11.611       0.000
priv. ins.       0.476       0.081       5.880       0.000
sex              0.564       0.050      11.166       0.000
age              0.025       0.002      12.240       0.000
edu              0.029       0.009       3.106       0.002
inc             -0.000       0.000      -0.176       0.861
alpha            1.613       0.055      29.099       0.000

Information Criteria 
CAIC : 20019.7439      Avg. CAIC:   4.3864
 BIC : 20011.7439       Avg. BIC:   4.3847
 AIC : 19960.3362       Avg. AIC:   4.3734
******************************************************

