0.000000 2.883812 2.386986 
0.000000 2.883812 -4.464597 
0.000000 2.883812 -5.372938 
0.000000 2.883812 9.590221 
0.000000 2.883812 -3.709199 
0.000000 2.883812 -3.924011 
0.000000 2.883812 0.142307 
0.000000 2.883812 2.245249 
0.000000 2.883812 5.653386 
0.000000 2.883812 -0.605415 
0.000000 2.883812 -0.627174 
0.000000 2.883812 -2.598526 
0.000000 2.883812 -3.779855 
0.000000 2.883812 6.120269 
0.000000 2.883812 -1.032269 
0.000000 2.883812 -0.393144 
0.000000 2.883812 9.084160 
0.000000 2.883812 -1.657490 
0.000000 2.883812 -2.949597 
0.000000 2.883812 8.022244 
0.000000 2.883812 0.598472 
0.000000 2.883812 -3.330027 
0.000000 2.883812 -2.621494 
0.000000 2.883812 -3.519481 
0.000000 2.883812 -2.983388 
0.000000 2.883812 -5.882192 
0.000000 2.883812 -6.520387 
0.000000 2.883812 6.103270 
0.000000 2.883812 -5.584825 
0.000000 2.883812 13.019736 
0.000000 2.883812 -4.723605 
0.000000 2.883812 4.471749 
0.000000 2.883812 -4.116440 
0.000000 2.883812 -5.799408 
0.000000 2.883812 5.924508 
0.000000 2.883812 0.636276 
0.000000 2.883812 5.039743 
0.000000 2.883812 1.744238 
0.000000 2.883812 4.261299 
0.000000 2.883812 -1.477262 
0.000000 2.883812 7.266422 
0.000000 2.883812 -4.101202 
0.000000 2.883812 4.613313 
0.000000 2.883812 -1.221958 
0.000000 2.883812 -4.471666 
0.000000 2.883812 2.720496 
0.000000 2.883812 -4.645320 
0.000000 2.883812 2.820953 
0.000000 2.883812 0.262599 
0.000000 2.883812 -1.104299 
0.000000 2.883812 2.533981 
0.000000 2.883812 6.574892 
0.000000 2.883812 -2.936100 
0.000000 2.883812 -2.452987 
0.000000 2.883812 7.147325 
0.000000 2.883812 -4.807847 
0.000000 2.883812 -2.375978 
0.000000 2.883812 -5.872478 
0.000000 2.883812 -3.429565 
0.000000 2.883812 3.576985 
0.000000 2.883812 -2.774409 
0.000000 2.883812 -0.022823 
0.000000 2.883812 0.306720 
0.000000 2.883812 1.813607 
0.000000 2.883812 15.983474 
0.000000 2.883812 -0.017521 
0.000000 2.883812 2.131332 
0.000000 2.883812 -2.895266 
0.000000 2.883812 5.137088 
0.000000 2.883812 -6.334969 
0.000000 2.883812 -2.678255 
0.000000 2.883812 2.214908 
0.000000 2.883812 0.392928 
0.000000 2.883812 -9.793410 
0.000000 2.883812 6.640170 
0.000000 2.883812 3.639236 
0.000000 2.883812 -0.654866 
0.000000 2.883812 -1.210120 
0.000000 2.883812 0.515481 
0.000000 2.883812 -5.497681 
0.000000 2.883812 11.175899 
0.000000 2.883812 0.426614 
0.000000 2.883812 0.576221 
0.000000 2.883812 -0.907294 
0.000000 2.883812 -0.205668 
0.000000 2.883812 -2.231331 
0.000000 2.883812 -1.381958 
0.000000 2.883812 10.658936 
0.000000 2.883812 0.878715 
0.000000 2.883812 3.784955 
0.000000 2.883812 -2.796702 
0.000000 2.883812 -0.250175 
0.000000 2.883812 2.641723 
0.000000 2.883812 -0.228296 
0.000000 2.883812 -6.501914 
0.000000 2.883812 -2.682702 
0.000000 2.883812 -5.781861 
0.000000 2.883812 -4.736780 
0.000000 2.883812 9.883234 
0.000000 2.883812 3.890112 
0.000000 5.942436 -4.065478 
0.000000 5.942436 3.182254 
0.000000 5.942436 -6.900379 
0.000000 5.942436 -4.004496 
0.000000 5.942436 1.601113 
0.000000 5.942436 -4.603992 
0.000000 5.942436 -7.643574 
0.000000 5.942436 1.923427 
0.000000 5.942436 7.067195 
0.000000 5.942436 -1.160123 
0.000000 5.942436 10.010857 
0.000000 5.942436 8.233768 
0.000000 5.942436 -5.472141 
0.000000 5.942436 0.402067 
0.000000 5.942436 3.243224 
0.000000 5.942436 11.015154 
0.000000 5.942436 -2.597689 
0.000000 5.942436 -1.465040 
0.000000 5.942436 -7.457480 
0.000000 5.942436 9.848647 
0.000000 5.942436 -6.823305 
0.000000 5.942436 -0.954262 
0.000000 5.942436 -0.962875 
0.000000 5.942436 -3.486570 
0.000000 5.942436 -2.310575 
0.000000 5.942436 0.745042 
0.000000 5.942436 4.671305 
0.000000 5.942436 -0.763948 
0.000000 5.942436 3.596996 
0.000000 5.942436 0.683514 
0.000000 5.942436 -1.089956 
0.000000 5.942436 -4.767009 
0.000000 5.942436 -0.510130 
0.000000 5.942436 -1.964704 
0.000000 5.942436 0.053872 
0.000000 5.942436 -3.758077 
0.000000 5.942436 4.849544 
0.000000 5.942436 8.145386 
0.000000 5.942436 -1.716468 
0.000000 5.942436 0.830978 
0.000000 5.942436 -0.047265 
0.000000 5.942436 -5.873429 
0.000000 5.942436 6.533479 
0.000000 5.942436 0.090488 
0.000000 5.942436 -4.981249 
0.000000 5.942436 -9.271583 
0.000000 5.942436 -4.981130 
0.000000 5.942436 -2.970862 
0.000000 5.942436 -2.889031 
0.000000 5.942436 -6.531142 
0.000000 5.942436 0.273745 
0.000000 5.942436 -2.153594 
0.000000 5.942436 -0.379952 
0.000000 5.942436 -6.144796 
0.000000 5.942436 -1.945273 
0.000000 5.942436 -2.716608 
0.000000 5.942436 1.310957 
0.000000 5.942436 -7.049081 
0.000000 5.942436 1.476125 
0.000000 5.942436 -6.466395 
0.000000 5.942436 1.087635 
0.000000 5.942436 5.052526 
0.000000 5.942436 7.826454 
0.000000 5.942436 -4.044830 
0.000000 5.942436 0.660436 
0.000000 5.942436 -0.470395 
0.000000 5.942436 -2.397622 
0.000000 5.942436 -1.198245 
0.000000 5.942436 7.505800 
0.000000 5.942436 -0.393262 
0.000000 5.942436 -3.061458 
0.000000 5.942436 0.070799 
0.000000 5.942436 -5.699519 
0.000000 5.942436 0.386413 
0.000000 5.942436 -2.533045 
0.000000 5.942436 -3.398580 
0.000000 5.942436 -4.447820 
0.000000 5.942436 3.839320 
0.000000 5.942436 2.258529 
0.000000 5.942436 1.160239 
0.000000 5.942436 8.347858 
0.000000 5.942436 1.953553 
0.000000 5.942436 -4.082222 
0.000000 5.942436 -0.162071 
0.000000 5.942436 12.717502 
0.000000 5.942436 -4.727445 
0.000000 5.942436 -0.856726 
0.000000 5.942436 0.157045 
0.000000 5.942436 5.660711 
0.000000 5.942436 -1.833786 
0.000000 5.942436 0.495722 
0.000000 5.942436 -3.041876 
0.000000 5.942436 3.005063 
0.000000 5.942436 -1.805237 
0.000000 5.942436 4.046476 
0.000000 5.942436 -0.616772 
0.000000 5.942436 2.109410 
0.000000 5.942436 1.862757 
0.000000 5.942436 -5.969148 
0.000000 5.942436 -1.309744 
0.000000 8.707085 4.386932 
0.000000 8.707085 -4.572130 
0.000000 8.707085 -0.127369 
0.000000 8.707085 -2.741337 
0.000000 8.707085 0.786995 
0.000000 8.707085 1.236520 
0.000000 8.707085 3.278070 
0.000000 8.707085 3.872834 
0.000000 8.707085 2.724251 
0.000000 8.707085 1.837709 
0.000000 8.707085 7.937053 
0.000000 8.707085 -3.173437 
0.000000 8.707085 7.966328 
0.000000 8.707085 2.354097 
0.000000 8.707085 3.214678 
0.000000 8.707085 1.652833 
0.000000 8.707085 3.341913 
0.000000 8.707085 -5.562807 
0.000000 8.707085 4.969282 
0.000000 8.707085 0.154754 
0.000000 8.707085 -6.204779 
0.000000 8.707085 -3.612177 
0.000000 8.707085 1.214782 
0.000000 8.707085 3.951813 
0.000000 8.707085 -6.494529 
0.000000 8.707085 1.433552 
0.000000 8.707085 -3.385869 
0.000000 8.707085 -1.917388 
0.000000 8.707085 0.158026 
0.000000 8.707085 -4.997031 
0.000000 8.707085 3.070429 
0.000000 8.707085 3.463833 
0.000000 8.707085 -6.862987 
0.000000 8.707085 -3.106770 
0.000000 8.707085 3.313830 
0.000000 8.707085 -0.220784 
0.000000 8.707085 -3.821730 
0.000000 8.707085 -5.155347 
0.000000 8.707085 -5.829924 
0.000000 8.707085 -1.670476 
0.000000 8.707085 -2.283681 
0.000000 8.707085 -4.910131 
0.000000 8.707085 -5.215810 
0.000000 8.707085 -5.378164 
0.000000 8.707085 2.335373 
0.000000 8.707085 5.618347 
0.000000 8.707085 -2.050966 
0.000000 8.707085 -6.345604 
0.000000 8.707085 -1.174059 
0.000000 8.707085 -2.690563 
0.000000 8.707085 -1.438970 
0.000000 8.707085 -1.180980 
0.000000 8.707085 2.786548 
0.000000 8.707085 1.860036 
0.000000 8.707085 -1.324221 
0.000000 8.707085 -2.469147 
0.000000 8.707085 -0.308009 
0.000000 8.707085 -2.151071 
0.000000 8.707085 -1.359693 
0.000000 8.707085 9.262097 
0.000000 8.707085 -8.465442 
0.000000 8.707085 8.033580 
0.000000 8.707085 -5.287125 
0.000000 8.707085 0.489473 
0.000000 8.707085 1.106381 
0.000000 8.707085 -4.610198 
0.000000 8.707085 0.634816 
0.000000 8.707085 -1.516882 
0.000000 8.707085 1.559356 
0.000000 8.707085 -2.968677 
0.000000 8.707085 2.243312 
0.000000 8.707085 3.006569 
0.000000 8.707085 4.543061 
0.000000 8.707085 -1.980402 
0.000000 8.707085 -6.824052 
0.000000 8.707085 -7.499138 
0.000000 8.707085 -0.788306 
0.000000 8.707085 11.797435 
0.000000 8.707085 -6.612490 
0.000000 8.707085 -3.752480 
0.000000 8.707085 1.080074 
0.000000 8.707085 -2.434326 
0.000000 8.707085 -0.163927 
0.000000 8.707085 0.723842 
0.000000 8.707085 0.593289 
0.000000 8.707085 2.747796 
0.000000 8.707085 -3.759899 
0.000000 8.707085 -3.770682 
0.000000 8.707085 -2.604137 
0.000000 8.707085 -4.670182 
0.000000 8.707085 4.122370 
0.000000 8.707085 0.654425 
0.000000 8.707085 -3.380266 
0.000000 8.707085 8.339853 
0.000000 8.707085 -3.871678 
0.000000 8.707085 1.467921 
0.000000 8.707085 -4.268787 
0.000000 8.707085 -1.465437 
0.000000 8.707085 -0.634963 
0.000000 8.707085 -7.230673 
