*********************************************************
OLS estimation results
Observations 145
R-squared 0.958822
Sigma-squared 0.090800

Results (Het. consistent var-cov estimator)

             estimate     st.err.     t-stat.     p-value  
constant1      -1.046       1.276      -0.820       0.414
constant2      -1.977       1.364      -1.450       0.149
constant3      -3.616       1.656      -2.184       0.031
constant4      -4.052       1.462      -2.771       0.006
constant5      -5.308       1.586      -3.346       0.001
output1         0.391       0.090       4.363       0.000
output2         0.649       0.090       7.184       0.000
output3         0.897       0.134       6.688       0.000
output4         0.962       0.112       8.612       0.000
output5         1.101       0.090      12.237       0.000
labor           0.007       0.208       0.032       0.975
fuel            0.498       0.081       6.149       0.000
capital        -0.460       0.253      -1.818       0.071

*********************************************************

*********************************************************
OLS estimation results
Observations 145
R-squared 0.987429
Sigma-squared 1.092393

Results (Het. consistent var-cov estimator)

             estimate     st.err.     t-stat.     p-value  
constant1      -1.580       0.917      -1.723       0.087
constant2      -2.497       0.988      -2.528       0.013
constant3      -4.108       1.327      -3.097       0.002
constant4      -4.494       1.180      -3.808       0.000
constant5      -5.765       1.274      -4.525       0.000
output1         0.392       0.090       4.346       0.000
output2         0.648       0.094       6.917       0.000
output3         0.892       0.138       6.474       0.000
output4         0.951       0.109       8.755       0.000
output5         1.093       0.086      12.684       0.000
labor           0.103       0.141       0.733       0.465
fuel            0.492       0.044      11.294       0.000
capital        -0.366       0.165      -2.217       0.028

*********************************************************

Testing HOD1
                Value     p-value  
Wald test       9.312       0.002

