0.000000 1.662979 0.656171 -0.727202 
0.000000 1.662979 -2.559209 0.269800 
0.000000 1.662979 3.065041 5.915126 
0.000000 1.662979 7.228366 1.549667 
0.000000 1.662979 -1.081498 0.703979 
0.000000 1.662979 1.709038 0.699191 
0.000000 1.662979 13.192715 5.394429 
0.000000 1.662979 -0.557577 0.353011 
0.000000 1.662979 -2.679688 -3.476359 
0.000000 1.662979 2.672945 -0.918223 
0.000000 1.662979 -2.384303 -1.766159 
0.000000 1.662979 -2.149582 -1.921650 
0.000000 1.662979 1.410909 3.813157 
0.000000 1.662979 1.573900 0.075805 
0.000000 1.662979 -2.877016 1.007660 
0.000000 1.662979 -1.836246 -2.408300 
0.000000 1.662979 1.671561 0.210196 
0.000000 1.662979 -7.290958 -1.425312 
0.000000 1.662979 -0.517561 -0.476231 
0.000000 1.662979 -7.601599 -1.875332 
0.000000 1.662979 4.009215 1.246669 
0.000000 1.662979 -2.074690 -0.429463 
0.000000 1.662979 -4.035967 0.874564 
0.000000 1.662979 -8.415040 -3.728653 
0.000000 1.662979 4.732283 3.255871 
0.000000 1.662979 -9.014312 0.582430 
0.000000 1.662979 9.484100 -0.126355 
0.000000 1.662979 3.819679 1.501461 
0.000000 1.662979 -4.456158 -1.168318 
0.000000 1.662979 5.190949 1.601214 
0.000000 1.662979 -7.128297 -1.717547 
0.000000 1.662979 0.510126 1.587269 
0.000000 1.662979 4.761506 -0.409594 
0.000000 1.662979 -4.541433 -0.947161 
0.000000 1.662979 2.731571 2.400934 
0.000000 1.662979 -1.600833 0.506701 
0.000000 1.662979 -2.365589 0.098685 
0.000000 1.662979 4.415753 0.082011 
0.000000 1.662979 9.064675 3.076524 
0.000000 1.662979 -6.624248 -1.013053 
0.000000 1.662979 3.119456 4.161284 
0.000000 1.662979 0.757728 0.964990 
0.000000 1.662979 -0.141269 -1.191467 
0.000000 1.662979 2.852490 -0.503358 
0.000000 1.662979 1.258895 -1.063087 
0.000000 1.662979 2.418518 -3.365870 
0.000000 1.662979 0.644594 -0.217333 
0.000000 1.662979 -1.901773 -1.241165 
0.000000 1.662979 -4.667837 -2.182870 
0.000000 1.662979 -2.460677 3.039082 
0.000000 1.662979 -0.910060 -1.564576 
0.000000 1.662979 -4.389874 -2.264209 
0.000000 1.662979 -6.047211 -2.315540 
0.000000 1.662979 3.011029 1.683630 
0.000000 1.662979 -5.373928 0.350069 
0.000000 1.662979 -3.661480 0.285653 
0.000000 1.662979 -3.311383 -1.595871 
0.000000 1.662979 -0.546811 -0.759090 
0.000000 1.662979 2.915694 2.575578 
0.000000 1.662979 -0.467843 -1.063037 
0.000000 1.662979 -0.901776 -4.620340 
0.000000 1.662979 12.726828 0.200042 
0.000000 1.662979 2.724364 0.870227 
0.000000 1.662979 -5.814925 0.666268 
0.000000 1.662979 5.625499 3.758540 
0.000000 1.662979 -1.054929 -2.361150 
0.000000 1.662979 -2.863106 -2.018356 
0.000000 1.662979 1.328581 -1.051760 
0.000000 1.662979 -11.032900 -3.171147 
0.000000 1.662979 -3.303414 0.213427 
0.000000 1.662979 -6.950964 -0.358589 
0.000000 1.662979 -3.141003 2.509751 
0.000000 1.662979 -1.725986 1.306998 
0.000000 1.662979 -3.573504 -1.766218 
0.000000 1.662979 2.859405 -1.152266 
0.000000 1.662979 0.251936 3.490915 
0.000000 1.662979 5.069930 1.478071 
0.000000 1.662979 -0.460044 -2.453474 
0.000000 1.662979 5.892812 1.847945 
0.000000 1.662979 -3.966312 -0.560511 
0.000000 1.662979 2.475304 1.549214 
0.000000 1.662979 0.786006 -1.085910 
0.000000 1.662979 -2.692846 -3.383174 
0.000000 1.662979 4.848067 1.906842 
0.000000 1.662979 -3.124677 0.178426 
0.000000 1.662979 1.041305 -0.339157 
0.000000 1.662979 -6.262814 -1.271237 
0.000000 1.662979 0.433309 -1.700876 
0.000000 1.662979 4.217368 0.163767 
0.000000 1.662979 2.552548 -1.365775 
0.000000 1.662979 -6.774514 -0.605954 
0.000000 1.662979 4.723555 -0.683768 
0.000000 1.662979 2.477158 2.242348 
0.000000 1.662979 3.901884 0.247317 
0.000000 1.662979 -2.295143 -1.259075 
0.000000 1.662979 5.210549 1.578681 
0.000000 1.662979 -4.664005 -2.748176 
0.000000 1.662979 5.105338 3.433189 
0.000000 1.662979 -0.833729 -0.879299 
0.000000 1.662979 -5.023245 -1.015096 
0.000000 3.391266 2.804460 3.150104 
0.000000 3.391266 -7.269616 -1.201289 
0.000000 3.391266 3.739178 5.311239 
0.000000 3.391266 0.882687 -1.176097 
0.000000 3.391266 3.551253 2.365788 
0.000000 3.391266 -4.320268 2.292666 
0.000000 3.391266 -3.421983 -2.312751 
0.000000 3.391266 -5.072518 -3.267623 
0.000000 3.391266 8.319281 0.894407 
0.000000 3.391266 -5.871485 2.361323 
0.000000 3.391266 -2.347951 1.848125 
0.000000 3.391266 -4.270439 -1.382611 
0.000000 3.391266 -2.838344 -0.763074 
0.000000 3.391266 2.743680 1.889772 
0.000000 3.391266 5.917132 1.541450 
0.000000 3.391266 0.387187 -3.494343 
0.000000 3.391266 12.266560 2.547387 
0.000000 3.391266 -5.262187 -1.125360 
0.000000 3.391266 1.540858 0.859975 
0.000000 3.391266 2.625866 1.458983 
0.000000 3.391266 8.376533 3.079483 
0.000000 3.391266 5.539525 2.546055 
0.000000 3.391266 -0.063654 1.713441 
0.000000 3.391266 -0.493581 -0.013207 
0.000000 3.391266 2.812481 0.096825 
0.000000 3.391266 -2.849566 -2.829468 
0.000000 3.391266 -2.658580 0.933027 
0.000000 3.391266 0.950275 -0.065184 
0.000000 3.391266 0.578580 -1.926230 
0.000000 3.391266 -4.286949 1.850100 
0.000000 3.391266 4.923170 -0.556543 
0.000000 3.391266 1.808838 -0.202168 
0.000000 3.391266 0.908049 -1.164882 
0.000000 3.391266 1.914550 -2.345260 
0.000000 3.391266 4.563551 2.509778 
0.000000 3.391266 5.358348 2.923543 
0.000000 3.391266 0.265710 0.626379 
0.000000 3.391266 -3.374279 -0.454464 
0.000000 3.391266 3.861345 -0.940107 
0.000000 3.391266 12.108046 3.635913 
0.000000 3.391266 -4.287498 -2.599401 
0.000000 3.391266 -1.617236 2.582563 
0.000000 3.391266 0.538442 3.650068 
0.000000 3.391266 -5.830562 1.448384 
0.000000 3.391266 -1.927457 2.425847 
0.000000 3.391266 4.044330 2.292574 
0.000000 3.391266 4.431107 2.143039 
0.000000 3.391266 -3.677814 -1.089764 
0.000000 3.391266 -1.478484 -3.098722 
0.000000 3.391266 8.529702 -0.287268 
0.000000 3.391266 0.585870 -1.042519 
0.000000 3.391266 4.710906 -1.152473 
0.000000 3.391266 3.778532 2.351856 
0.000000 3.391266 7.806549 4.271225 
0.000000 3.391266 3.016148 -1.909483 
0.000000 3.391266 3.557530 -2.614225 
0.000000 3.391266 -3.080685 0.161235 
0.000000 3.391266 4.307439 4.569418 
0.000000 3.391266 2.658316 -0.042579 
0.000000 3.391266 8.037628 -0.556940 
0.000000 3.391266 2.442184 -1.944467 
0.000000 3.391266 2.859402 -2.385200 
0.000000 3.391266 -0.163710 -0.228498 
0.000000 3.391266 4.912150 -2.970644 
0.000000 3.391266 -2.285511 0.388911 
0.000000 3.391266 -6.940925 -1.106786 
0.000000 3.391266 8.006480 1.709828 
0.000000 3.391266 2.030907 -0.315638 
0.000000 3.391266 7.665039 0.992544 
0.000000 3.391266 -0.242719 0.816537 
0.000000 3.391266 -4.915120 -1.312428 
0.000000 3.391266 5.679595 1.362736 
0.000000 3.391266 9.417740 0.604995 
0.000000 3.391266 -3.619437 -3.018797 
0.000000 3.391266 2.842031 -3.159817 
0.000000 3.391266 2.491211 -2.298216 
0.000000 3.391266 3.529810 0.830549 
0.000000 3.391266 2.714338 2.977674 
0.000000 3.391266 5.375630 -3.581205 
0.000000 3.391266 8.243930 -0.368346 
0.000000 3.391266 -0.279243 -2.174964 
0.000000 3.391266 1.901882 1.127790 
0.000000 3.391266 -2.742285 -1.059378 
0.000000 3.391266 2.751093 1.016665 
0.000000 3.391266 6.423538 1.287990 
0.000000 3.391266 4.645904 6.230182 
0.000000 3.391266 -6.033709 -2.048103 
0.000000 3.391266 -6.314479 -1.789943 
0.000000 3.391266 3.099367 5.383892 
0.000000 3.391266 5.945269 0.181471 
0.000000 3.391266 10.417219 0.406532 
0.000000 3.391266 9.412908 -1.213799 
0.000000 3.391266 -8.226446 1.166384 
0.000000 3.391266 -3.819898 -0.295234 
0.000000 3.391266 -2.832448 0.975446 
0.000000 3.391266 -1.558964 -2.530988 
0.000000 3.391266 2.789306 3.882043 
0.000000 3.391266 -4.237488 -1.185274 
0.000000 3.391266 2.706081 0.199021 
0.000000 3.391266 -1.727126 -1.326360 
0.000000 5.071846 3.360357 6.838897 
0.000000 5.071846 -2.633412 1.706961 
0.000000 5.071846 1.052270 -2.516085 
0.000000 5.071846 0.675537 1.691164 
0.000000 5.071846 -1.365301 -0.678418 
0.000000 5.071846 4.435166 3.801515 
0.000000 5.071846 0.513607 -3.722048 
0.000000 5.071846 -2.294085 -0.108778 
0.000000 5.071846 -8.110952 -5.398286 
0.000000 5.071846 0.871900 3.536899 
0.000000 5.071846 -5.637945 -3.824807 
0.000000 5.071846 -0.021719 -0.830942 
0.000000 5.071846 -3.242828 -3.264622 
0.000000 5.071846 10.436098 5.106482 
0.000000 5.071846 5.910389 3.368767 
0.000000 5.071846 -2.896054 -1.584170 
0.000000 5.071846 0.139012 -1.310151 
0.000000 5.071846 -7.282357 -1.500090 
0.000000 5.071846 0.256522 -0.974683 
0.000000 5.071846 5.959778 4.422100 
0.000000 5.071846 1.701126 -1.846019 
0.000000 5.071846 0.407079 2.897300 
0.000000 5.071846 -2.351113 0.103840 
0.000000 5.071846 -4.792214 -2.268824 
0.000000 5.071846 -6.496833 -2.642347 
0.000000 5.071846 11.744227 -1.500865 
0.000000 5.071846 -0.510485 0.907277 
0.000000 5.071846 1.930344 0.626529 
0.000000 5.071846 0.132586 1.473097 
0.000000 5.071846 5.906533 4.579221 
0.000000 5.071846 -2.948348 -0.004474 
0.000000 5.071846 -1.711464 -2.929259 
0.000000 5.071846 -7.465917 1.693782 
0.000000 5.071846 -0.722687 1.126385 
0.000000 5.071846 -10.341527 -1.832381 
0.000000 5.071846 2.693104 0.806547 
0.000000 5.071846 0.565282 0.122965 
0.000000 5.071846 -0.275080 -0.758133 
0.000000 5.071846 -8.557966 -1.934382 
0.000000 5.071846 2.395207 -4.932092 
0.000000 5.071846 3.401765 -1.375913 
0.000000 5.071846 -7.100327 -2.205899 
0.000000 5.071846 0.252054 1.851864 
0.000000 5.071846 1.522930 0.365870 
0.000000 5.071846 -6.324665 -4.338471 
0.000000 5.071846 1.586913 -3.879665 
0.000000 5.071846 0.646974 -0.342411 
0.000000 5.071846 -5.143043 -1.160400 
0.000000 5.071846 -2.118873 -3.641978 
0.000000 5.071846 -2.709297 1.263907 
0.000000 5.071846 2.501098 1.141140 
0.000000 5.071846 -4.632664 1.190105 
0.000000 5.071846 0.745718 2.387623 
0.000000 5.071846 0.975318 0.892690 
0.000000 5.071846 4.913295 0.335138 
0.000000 5.071846 -0.119802 -0.118218 
0.000000 5.071846 -0.461457 2.606124 
0.000000 5.071846 -0.414876 -0.628482 
0.000000 5.071846 -3.133121 1.224115 
0.000000 5.071846 -4.558527 -2.865112 
0.000000 5.071846 -3.040670 -1.304600 
0.000000 5.071846 -5.362797 -0.935399 
0.000000 5.071846 -8.646927 -1.606510 
0.000000 5.071846 5.054456 -0.059678 
0.000000 5.071846 -3.574881 -3.864532 
0.000000 5.071846 9.849962 2.608702 
0.000000 5.071846 -6.503225 -1.799960 
0.000000 5.071846 1.666714 -3.492898 
0.000000 5.071846 1.428048 3.693994 
0.000000 5.071846 4.385635 0.766600 
0.000000 5.071846 -9.700565 -0.920572 
0.000000 5.071846 1.444176 3.413762 
0.000000 5.071846 -6.362166 0.241967 
0.000000 5.071846 1.612416 -1.891321 
0.000000 5.071846 3.304196 4.592696 
0.000000 5.071846 1.896702 5.493231 
0.000000 5.071846 -4.834585 0.921057 
0.000000 5.071846 1.100519 0.605602 
0.000000 5.071846 0.828354 -2.670918 
0.000000 5.071846 -0.849351 -0.620064 
0.000000 5.071846 -1.141555 0.460662 
0.000000 5.071846 2.314838 1.025672 
0.000000 5.071846 3.582797 4.260289 
0.000000 5.071846 5.655229 1.432344 
0.000000 5.071846 -4.767772 0.483871 
0.000000 5.071846 -0.129915 0.636943 
0.000000 5.071846 -0.026157 0.634610 
0.000000 5.071846 1.311409 -1.792179 
0.000000 5.071846 4.079740 3.992585 
0.000000 5.071846 5.338630 4.713878 
0.000000 5.071846 -2.076885 1.927164 
0.000000 5.071846 -5.102090 0.046989 
0.000000 5.071846 2.123244 3.868979 
0.000000 5.071846 2.600524 0.472895 
0.000000 5.071846 7.785718 4.938006 
0.000000 5.071846 3.811764 0.495679 
0.000000 5.071846 -7.759329 -6.350310 
0.000000 5.071846 1.341651 2.176453 
0.000000 5.071846 -3.844064 -0.922240 
0.000000 5.071846 0.036568 -1.758296 
0.000000 6.779800 6.280059 2.252879 
0.000000 6.779800 -8.177857 -3.459514 
0.000000 6.779800 -4.563557 -3.655306 
0.000000 6.779800 -3.779200 -3.064370 
0.000000 6.779800 -5.810183 -0.663827 
0.000000 6.779800 3.026702 1.868282 
0.000000 6.779800 -3.082012 -2.228714 
0.000000 6.779800 -12.136304 -3.385484 
0.000000 6.779800 1.971701 -0.404143 
0.000000 6.779800 2.974172 0.175984 
0.000000 6.779800 7.501032 -0.539390 
0.000000 6.779800 1.162205 0.877134 
0.000000 6.779800 -0.424728 1.752267 
0.000000 6.779800 3.633918 -2.290240 
0.000000 6.779800 4.694368 2.512206 
0.000000 6.779800 -0.500333 1.139786 
0.000000 6.779800 9.281891 -0.685465 
0.000000 6.779800 -2.031962 -1.417191 
0.000000 6.779800 -0.780847 3.473918 
0.000000 6.779800 -0.789570 -1.694100 
0.000000 6.779800 -2.320994 -1.900617 
0.000000 6.779800 9.386083 5.617627 
0.000000 6.779800 4.511102 -1.867576 
0.000000 6.779800 -3.283227 -1.282147 
0.000000 6.779800 3.576895 -0.564996 
0.000000 6.779800 8.954599 5.656331 
0.000000 6.779800 3.556846 2.328984 
0.000000 6.779800 3.609908 3.371907 
0.000000 6.779800 1.990844 2.800352 
0.000000 6.779800 -2.677801 -0.490366 
0.000000 6.779800 -5.148949 -2.262418 
0.000000 6.779800 1.580840 1.423993 
0.000000 6.779800 -3.973355 -0.898412 
0.000000 6.779800 11.497114 5.263383 
0.000000 6.779800 -1.904019 0.164779 
0.000000 6.779800 -5.861237 -0.782690 
0.000000 6.779800 -6.629308 0.079000 
0.000000 6.779800 2.010656 -0.939780 
0.000000 6.779800 -1.856728 0.122387 
0.000000 6.779800 -2.385929 -1.037174 
0.000000 6.779800 -1.191508 -1.697716 
0.000000 6.779800 -4.310882 -1.056665 
0.000000 6.779800 7.211656 2.970845 
0.000000 6.779800 -2.231990 -2.043190 
0.000000 6.779800 -1.978458 2.166488 
0.000000 6.779800 -2.390203 -3.859882 
0.000000 6.779800 1.435736 0.513177 
0.000000 6.779800 0.174389 1.514620 
0.000000 6.779800 1.269755 0.476983 
0.000000 6.779800 4.464937 1.702918 
0.000000 6.779800 1.960852 1.738461 
0.000000 6.779800 -6.003871 -0.815342 
0.000000 6.779800 3.957413 1.142490 
0.000000 6.779800 0.261273 2.317704 
0.000000 6.779800 3.231404 -2.119191 
0.000000 6.779800 2.954736 -1.241855 
0.000000 6.779800 -3.435892 1.377300 
0.000000 6.779800 7.668413 -0.211344 
0.000000 6.779800 0.659160 -0.434730 
0.000000 6.779800 -2.396382 0.034519 
0.000000 6.779800 -0.354415 1.128208 
0.000000 6.779800 -3.249699 -2.950640 
0.000000 6.779800 1.110878 0.551887 
0.000000 6.779800 -2.037500 -1.485594 
0.000000 6.779800 0.283150 -1.873758 
0.000000 6.779800 6.492556 -0.937906 
0.000000 6.779800 -5.583875 -0.511300 
0.000000 6.779800 0.170722 -2.310725 
0.000000 6.779800 -4.665075 -2.165397 
0.000000 6.779800 -0.094711 -0.478240 
0.000000 6.779800 -9.255029 -5.585303 
0.000000 6.779800 -1.640298 -0.451155 
0.000000 6.779800 -0.835056 -3.566938 
0.000000 6.779800 -6.652650 -1.685122 
0.000000 6.779800 4.870420 -0.793558 
0.000000 6.779800 -5.409886 0.983559 
0.000000 6.779800 1.223405 0.382091 
0.000000 6.779800 -6.652336 1.624520 
0.000000 6.779800 3.202546 -0.781965 
0.000000 6.779800 0.418656 2.416217 
0.000000 6.779800 -2.908477 -1.708075 
0.000000 6.779800 -7.229229 -1.738181 
0.000000 6.779800 0.630332 3.170581 
0.000000 6.779800 -3.983534 -4.315322 
0.000000 6.779800 -2.024004 0.761962 
0.000000 6.779800 6.638852 0.268840 
0.000000 6.779800 -10.877889 -4.919589 
0.000000 6.779800 4.132537 -2.408509 
0.000000 6.779800 5.296077 -2.635029 
0.000000 6.779800 -4.775224 0.998817 
0.000000 6.779800 -3.329734 -1.275708 
0.000000 6.779800 4.118126 -0.652587 
0.000000 6.779800 3.149312 0.162621 
0.000000 6.779800 6.689300 0.211526 
0.000000 6.779800 1.603456 2.130348 
0.000000 6.779800 2.988460 -0.033829 
0.000000 6.779800 -3.873960 0.540277 
0.000000 6.779800 -7.380562 -4.807514 
0.000000 6.779800 -4.182961 -0.338035 
0.000000 6.779800 8.521415 1.456363 
0.000000 8.655914 0.336238 1.496500 
0.000000 8.655914 -1.290569 1.507611 
0.000000 8.655914 -4.702980 -1.962476 
0.000000 8.655914 1.340499 -0.129341 
0.000000 8.655914 0.034843 -1.117906 
0.000000 8.655914 2.082855 2.883009 
0.000000 8.655914 -2.084001 0.812768 
0.000000 8.655914 -9.855006 -4.189687 
0.000000 8.655914 3.459394 -0.412906 
0.000000 8.655914 6.123436 4.099075 
0.000000 8.655914 0.550970 -4.316684 
0.000000 8.655914 3.463694 0.578337 
0.000000 8.655914 -1.922820 -0.385133 
0.000000 8.655914 0.734796 0.698955 
0.000000 8.655914 9.635050 1.721050 
0.000000 8.655914 3.616453 3.419387 
0.000000 8.655914 0.623336 0.646807 
0.000000 8.655914 -7.555678 0.466391 
0.000000 8.655914 -0.635426 1.107527 
0.000000 8.655914 1.687168 -3.202852 
0.000000 8.655914 -3.714248 2.819069 
0.000000 8.655914 1.191640 -0.359947 
0.000000 8.655914 -2.378473 -0.025808 
0.000000 8.655914 11.097885 1.170526 
0.000000 8.655914 0.160045 1.657452 
0.000000 8.655914 -8.250537 0.189538 
0.000000 8.655914 -0.496955 0.906485 
0.000000 8.655914 1.422568 2.472179 
0.000000 8.655914 1.076985 -1.244368 
0.000000 8.655914 1.018333 -3.575116 
0.000000 8.655914 7.390888 2.046630 
0.000000 8.655914 -4.290008 -2.641349 
0.000000 8.655914 -7.543229 -5.917634 
0.000000 8.655914 -4.944527 -2.018123 
0.000000 8.655914 2.099210 0.688313 
0.000000 8.655914 4.119677 4.520624 
0.000000 8.655914 -1.899096 -0.227511 
0.000000 8.655914 -3.534844 -3.569654 
0.000000 8.655914 3.276931 4.515603 
0.000000 8.655914 2.574451 1.275512 
0.000000 8.655914 2.090088 -0.676581 
0.000000 8.655914 4.045687 -1.815220 
0.000000 8.655914 -0.680317 -1.141399 
0.000000 8.655914 -1.333394 0.052730 
0.000000 8.655914 -1.041071 -2.540993 
0.000000 8.655914 -1.137602 -1.779179 
0.000000 8.655914 -3.071583 0.789473 
0.000000 8.655914 -0.054576 -1.025256 
0.000000 8.655914 -0.417315 -0.045044 
0.000000 8.655914 -7.429076 -4.615722 
0.000000 8.655914 1.176723 2.853636 
0.000000 8.655914 8.679448 0.990598 
0.000000 8.655914 -4.494928 -1.182313 
0.000000 8.655914 -1.797587 2.113944 
0.000000 8.655914 -2.687768 1.185951 
0.000000 8.655914 2.742371 1.169151 
0.000000 8.655914 -6.688737 -1.713347 
0.000000 8.655914 1.698544 1.672042 
0.000000 8.655914 -2.279558 -0.263995 
0.000000 8.655914 4.763454 5.394255 
0.000000 8.655914 -4.183986 -1.814412 
0.000000 8.655914 2.945096 5.492045 
0.000000 8.655914 -3.543808 -4.799587 
0.000000 8.655914 -1.460722 0.176154 
0.000000 8.655914 -0.608322 2.380385 
0.000000 8.655914 -3.836086 -1.209052 
0.000000 8.655914 -0.144670 -1.916140 
0.000000 8.655914 -5.605766 -2.561293 
0.000000 8.655914 1.930947 0.928154 
0.000000 8.655914 14.961573 2.525447 
0.000000 8.655914 1.054221 -0.222083 
0.000000 8.655914 -5.315667 -4.904213 
0.000000 8.655914 2.074574 -1.149825 
0.000000 8.655914 0.743855 1.130202 
0.000000 8.655914 -3.346700 -1.200473 
0.000000 8.655914 -9.620704 -4.732554 
0.000000 8.655914 -1.727518 0.009990 
0.000000 8.655914 0.988175 2.367245 
0.000000 8.655914 -0.841469 0.635249 
0.000000 8.655914 4.184517 -2.237985 
0.000000 8.655914 -4.234709 0.760468 
0.000000 8.655914 -1.787648 0.611002 
0.000000 8.655914 5.505621 3.835076 
0.000000 8.655914 1.373422 -2.221680 
0.000000 8.655914 4.223222 7.332655 
0.000000 8.655914 3.292114 1.734913 
0.000000 8.655914 -8.370111 -6.593881 
0.000000 8.655914 5.784250 0.713135 
0.000000 8.655914 0.975436 2.500793 
0.000000 8.655914 2.582676 -1.095798 
0.000000 8.655914 2.160111 1.238547 
0.000000 8.655914 -2.386415 -0.437544 
0.000000 8.655914 -1.019621 -0.806644 
0.000000 8.655914 2.650763 1.759261 
0.000000 8.655914 -2.898188 -0.230721 
0.000000 8.655914 -6.921923 0.368094 
0.000000 8.655914 -3.587325 -4.394489 
0.000000 8.655914 -4.694456 -2.072031 
0.000000 8.655914 -5.693580 -0.336232 
0.000000 8.655914 -1.896611 -1.092687 
0.000000 10.349335 5.009798 -0.730871 
0.000000 10.349335 1.974671 -2.156613 
0.000000 10.349335 1.233110 -1.988933 
0.000000 10.349335 -2.743182 0.811354 
0.000000 10.349335 2.519124 1.920843 
0.000000 10.349335 -4.360075 -0.116374 
0.000000 10.349335 -6.520052 -2.637525 
0.000000 10.349335 -1.701786 -2.033293 
0.000000 10.349335 4.829025 1.486779 
0.000000 10.349335 -1.318002 -0.919458 
0.000000 10.349335 4.075485 2.656059 
0.000000 10.349335 0.017322 -0.846439 
0.000000 10.349335 0.324715 -2.941348 
0.000000 10.349335 7.435423 0.718628 
0.000000 10.349335 -3.261885 -1.566286 
0.000000 10.349335 -1.303797 1.472767 
0.000000 10.349335 0.971492 0.591029 
0.000000 10.349335 5.860347 -1.240338 
0.000000 10.349335 1.993735 0.648825 
0.000000 10.349335 -1.347447 1.534994 
0.000000 10.349335 -1.358194 -1.493991 
0.000000 10.349335 3.423772 2.130971 
0.000000 10.349335 3.101536 1.069422 
0.000000 10.349335 -6.096782 -0.164282 
0.000000 10.349335 1.095472 1.614866 
0.000000 10.349335 -6.945853 -1.672311 
0.000000 10.349335 4.416511 5.764174 
0.000000 10.349335 -1.267778 3.196487 
0.000000 10.349335 -0.693583 -0.679850 
0.000000 10.349335 -0.445073 -0.369028 
0.000000 10.349335 -2.888364 -3.258943 
0.000000 10.349335 4.863590 1.627158 
0.000000 10.349335 -4.614247 0.161865 
0.000000 10.349335 5.785428 -1.154759 
0.000000 10.349335 -0.350320 0.003393 
0.000000 10.349335 -4.596310 -3.897895 
0.000000 10.349335 6.074836 -4.168622 
0.000000 10.349335 0.667593 -0.046080 
0.000000 10.349335 -4.090589 -0.943064 
0.000000 10.349335 4.335354 -1.025210 
0.000000 10.349335 3.929017 4.064747 
0.000000 10.349335 2.829835 3.721039 
0.000000 10.349335 6.632579 3.636203 
0.000000 10.349335 2.877098 -2.975411 
0.000000 10.349335 -3.650453 0.781755 
0.000000 10.349335 -2.108194 0.584195 
0.000000 10.349335 -0.067542 1.338353 
0.000000 10.349335 -4.195716 -2.729835 
0.000000 10.349335 1.488734 -0.221257 
0.000000 10.349335 -4.478169 0.857291 
0.000000 10.349335 -6.854443 1.712424 
0.000000 10.349335 -3.028506 -2.055920 
0.000000 10.349335 1.793757 2.321021 
0.000000 10.349335 1.066178 1.794673 
0.000000 10.349335 1.523545 1.584000 
0.000000 10.349335 5.605289 3.310926 
0.000000 10.349335 3.106222 2.175699 
0.000000 10.349335 -8.223358 -4.638729 
0.000000 10.349335 -2.290545 -2.514049 
0.000000 10.349335 3.722654 0.384337 
0.000000 10.349335 -1.161942 0.675874 
0.000000 10.349335 -4.567609 -1.347002 
0.000000 10.349335 -2.464113 -2.067933 
0.000000 10.349335 0.280088 0.306441 
0.000000 10.349335 -3.251366 -1.491032 
0.000000 10.349335 2.526158 -4.376848 
0.000000 10.349335 -1.467581 -2.304411 
0.000000 10.349335 -0.137975 2.836995 
0.000000 10.349335 -4.070245 -0.797664 
0.000000 10.349335 1.548489 1.592802 
0.000000 10.349335 0.958081 3.492876 
0.000000 10.349335 -8.788173 -5.215560 
0.000000 10.349335 -6.839892 -1.462808 
0.000000 10.349335 0.714284 -0.037477 
0.000000 10.349335 -0.748591 -1.496340 
0.000000 10.349335 2.765068 2.716196 
0.000000 10.349335 3.810895 2.901209 
0.000000 10.349335 -4.027301 1.267883 
0.000000 10.349335 2.398571 2.623321 
0.000000 10.349335 -2.504821 -1.216099 
0.000000 10.349335 -4.360323 2.278727 
0.000000 10.349335 9.252614 1.390736 
0.000000 10.349335 -3.083353 0.647751 
0.000000 10.349335 -5.418461 -3.531693 
0.000000 10.349335 3.185650 0.719122 
0.000000 10.349335 7.830916 2.082140 
0.000000 10.349335 3.621463 -1.113813 
0.000000 10.349335 3.625236 -0.024171 
0.000000 10.349335 5.832145 3.332601 
0.000000 10.349335 -0.276410 -2.877149 
0.000000 10.349335 3.101446 -1.175197 
0.000000 10.349335 -1.683701 -1.021153 
0.000000 10.349335 -10.059120 -2.430704 
0.000000 10.349335 -2.278972 -0.126320 
0.000000 10.349335 -0.839066 -1.268859 
0.000000 10.349335 2.288653 5.322958 
0.000000 10.349335 6.777650 2.645364 
0.000000 10.349335 -0.254463 -0.707390 
0.000000 10.349335 4.124192 1.822506 
0.000000 10.349335 2.265923 -0.890153 
0.000000 12.106354 8.068648 1.591440 
0.000000 12.106354 0.080561 3.178104 
0.000000 12.106354 8.998051 0.951295 
0.000000 12.106354 -1.342699 -1.588455 
0.000000 12.106354 -1.149760 2.788457 
0.000000 12.106354 6.181914 -2.363056 
0.000000 12.106354 -0.480104 -0.754625 
0.000000 12.106354 -6.457816 -4.807449 
0.000000 12.106354 1.721110 -0.053574 
0.000000 12.106354 -2.426908 0.315559 
0.000000 12.106354 -0.366489 -1.017750 
0.000000 12.106354 -0.043056 1.448558 
0.000000 12.106354 1.707916 1.480263 
0.000000 12.106354 1.024693 -0.052086 
0.000000 12.106354 3.684464 1.795437 
0.000000 12.106354 -3.633747 -1.109939 
0.000000 12.106354 -2.389036 -0.844464 
0.000000 12.106354 9.982365 1.434918 
0.000000 12.106354 0.683030 -0.811479 
0.000000 12.106354 4.644899 -3.283487 
0.000000 12.106354 -6.587690 -1.566329 
0.000000 12.106354 5.554916 2.031679 
0.000000 12.106354 -6.280721 -2.375638 
0.000000 12.106354 -3.059009 1.441332 
0.000000 12.106354 -1.471390 -0.322462 
0.000000 12.106354 -2.285015 -0.898821 
0.000000 12.106354 2.515056 -0.045736 
0.000000 12.106354 -3.421688 0.765245 
0.000000 12.106354 0.938967 -1.084069 
0.000000 12.106354 -0.306936 -0.389631 
0.000000 12.106354 -6.552451 -3.511347 
0.000000 12.106354 3.826248 1.209758 
0.000000 12.106354 0.234295 -3.302543 
0.000000 12.106354 1.385147 1.969237 
0.000000 12.106354 2.120769 0.268231 
0.000000 12.106354 0.159567 0.145525 
0.000000 12.106354 -1.652059 2.026093 
0.000000 12.106354 -8.049013 0.252535 
0.000000 12.106354 10.677323 0.773189 
0.000000 12.106354 0.547151 3.710684 
0.000000 12.106354 -4.220745 -0.031959 
0.000000 12.106354 0.310498 -1.304188 
0.000000 12.106354 -4.517761 -0.696500 
0.000000 12.106354 2.164648 1.465101 
0.000000 12.106354 -4.734601 1.273016 
0.000000 12.106354 -3.860224 -2.928430 
0.000000 12.106354 8.251483 1.621067 
0.000000 12.106354 -6.930072 -1.693867 
0.000000 12.106354 -4.045167 -0.200763 
0.000000 12.106354 2.923874 1.144518 
0.000000 12.106354 0.149383 -3.098352 
0.000000 12.106354 -6.618112 -1.985324 
0.000000 12.106354 2.257713 -1.427105 
0.000000 12.106354 1.578848 2.070375 
0.000000 12.106354 -3.013214 0.795723 
0.000000 12.106354 2.073805 1.440781 
0.000000 12.106354 3.784589 -1.262469 
0.000000 12.106354 3.492693 1.418552 
0.000000 12.106354 -2.142290 -3.085711 
0.000000 12.106354 1.048501 1.747878 
0.000000 12.106354 -5.356487 1.402825 
0.000000 12.106354 -3.720491 0.353346 
0.000000 12.106354 -3.124636 -4.380889 
0.000000 12.106354 -0.328259 -1.011948 
0.000000 12.106354 -1.935353 0.910381 
0.000000 12.106354 7.907525 2.737765 
0.000000 12.106354 2.580301 1.763695 
0.000000 12.106354 3.564670 -1.009258 
0.000000 12.106354 -5.683472 0.205265 
0.000000 12.106354 -3.971403 -3.681363 
0.000000 12.106354 12.588314 4.779328 
0.000000 12.106354 0.841595 0.940038 
0.000000 12.106354 -3.934335 -3.089703 
0.000000 12.106354 -0.821379 1.069548 
0.000000 12.106354 -4.172759 -1.236213 
0.000000 12.106354 -2.363376 -2.314446 
0.000000 12.106354 1.623102 0.415761 
0.000000 12.106354 2.074412 0.783414 
0.000000 12.106354 -8.503405 -2.600618 
0.000000 12.106354 7.811022 0.831738 
0.000000 12.106354 -2.670297 -1.401917 
0.000000 12.106354 0.512607 0.099192 
0.000000 12.106354 -3.066178 0.269847 
0.000000 12.106354 -2.694115 -1.617954 
0.000000 12.106354 -9.198364 0.540623 
0.000000 12.106354 -1.827740 -0.891202 
0.000000 12.106354 -0.658986 -0.095713 
0.000000 12.106354 8.628446 2.860633 
0.000000 12.106354 -0.378419 -0.700939 
0.000000 12.106354 0.001834 -0.701279 
0.000000 12.106354 4.214283 2.589222 
0.000000 12.106354 -3.049139 -1.270708 
0.000000 12.106354 -4.275026 -1.111918 
0.000000 12.106354 5.430697 -2.216771 
0.000000 12.106354 5.143102 1.716900 
0.000000 12.106354 -3.172504 -1.497104 
0.000000 12.106354 3.884842 2.662881 
0.000000 12.106354 1.418323 0.427249 
0.000000 12.106354 -2.628978 0.693417 
0.000000 12.106354 -4.263948 1.581293 
0.000000 14.002533 -2.496533 -1.143897 
0.000000 14.002533 2.395776 2.537643 
0.000000 14.002533 -4.544207 -2.642918 
0.000000 14.002533 -2.210704 0.882256 
0.000000 14.002533 -7.877702 0.264688 
0.000000 14.002533 1.427719 0.551678 
0.000000 14.002533 -3.958031 1.109019 
0.000000 14.002533 1.235017 1.766728 
0.000000 14.002533 -0.467490 0.542838 
0.000000 14.002533 1.646242 -0.137324 
0.000000 14.002533 2.679585 1.077780 
0.000000 14.002533 -1.824564 -3.985492 
0.000000 14.002533 10.636293 5.717338 
0.000000 14.002533 3.398598 0.292057 
0.000000 14.002533 4.092853 0.748166 
0.000000 14.002533 -3.178729 -0.636835 
0.000000 14.002533 -3.801925 -1.301403 
0.000000 14.002533 1.386835 -0.400749 
0.000000 14.002533 -0.017326 2.032883 
0.000000 14.002533 5.227039 -1.687276 
0.000000 14.002533 -1.063408 -0.111817 
0.000000 14.002533 -4.232496 -2.018531 
0.000000 14.002533 -6.012768 -1.369374 
0.000000 14.002533 6.262537 4.316203 
0.000000 14.002533 -4.068607 -3.230526 
0.000000 14.002533 1.470122 4.127347 
0.000000 14.002533 -1.867835 -3.464883 
0.000000 14.002533 -4.047146 -1.139140 
0.000000 14.002533 7.070797 0.431539 
0.000000 14.002533 -5.102808 -1.852782 
0.000000 14.002533 7.512589 2.504395 
0.000000 14.002533 3.406394 0.342900 
0.000000 14.002533 7.966917 2.580507 
0.000000 14.002533 0.719381 2.554905 
0.000000 14.002533 2.462472 -0.175688 
0.000000 14.002533 10.154522 5.462901 
0.000000 14.002533 -1.699187 -0.357358 
0.000000 14.002533 -1.539474 -1.425871 
0.000000 14.002533 0.569581 1.675463 
0.000000 14.002533 -2.945778 -0.128260 
0.000000 14.002533 -1.960424 3.779446 
0.000000 14.002533 4.903700 -0.357104 
0.000000 14.002533 14.225264 -0.155376 
0.000000 14.002533 -5.690877 1.793124 
0.000000 14.002533 4.402255 1.247860 
0.000000 14.002533 3.059001 1.343078 
0.000000 14.002533 -2.932511 -1.153685 
0.000000 14.002533 -1.802592 -0.386117 
0.000000 14.002533 -0.111511 1.153836 
0.000000 14.002533 4.166713 1.966907 
0.000000 14.002533 2.822033 -0.716032 
0.000000 14.002533 -0.630641 -0.856598 
0.000000 14.002533 1.436108 1.448438 
0.000000 14.002533 2.820329 1.048769 
0.000000 14.002533 -1.265836 0.616639 
0.000000 14.002533 1.490928 -1.706570 
0.000000 14.002533 2.928691 3.367220 
0.000000 14.002533 2.728858 -3.378195 
0.000000 14.002533 -2.487899 0.217427 
0.000000 14.002533 1.881097 1.735386 
0.000000 14.002533 2.245740 2.381325 
0.000000 14.002533 4.510561 -0.123502 
0.000000 14.002533 7.797422 0.761722 
0.000000 14.002533 5.123101 1.962214 
0.000000 14.002533 -2.379553 -1.960616 
0.000000 14.002533 1.599427 3.358614 
0.000000 14.002533 3.383885 -1.529801 
0.000000 14.002533 9.672485 0.633245 
0.000000 14.002533 -0.588304 -2.502695 
0.000000 14.002533 -0.610938 0.499525 
0.000000 14.002533 -5.038681 -0.038523 
0.000000 14.002533 1.658229 0.885835 
0.000000 14.002533 0.035924 0.370248 
0.000000 14.002533 -4.650187 -0.941757 
0.000000 14.002533 -4.785536 -0.742976 
0.000000 14.002533 -2.427520 0.159261 
0.000000 14.002533 3.706914 -1.605719 
0.000000 14.002533 0.736876 0.422632 
0.000000 14.002533 -3.107337 -0.417564 
0.000000 14.002533 9.583337 4.630238 
0.000000 14.002533 7.394048 0.290523 
0.000000 14.002533 -5.096648 -1.010625 
0.000000 14.002533 -2.926733 -0.671694 
0.000000 14.002533 1.209729 -2.042228 
0.000000 14.002533 5.278545 0.939404 
0.000000 14.002533 0.288945 0.065908 
0.000000 14.002533 0.608608 2.934450 
0.000000 14.002533 2.073497 1.882096 
0.000000 14.002533 -1.783663 1.623868 
0.000000 14.002533 4.299931 3.749461 
0.000000 14.002533 -0.364944 -1.276920 
0.000000 14.002533 -1.397590 -2.296608 
0.000000 14.002533 4.776215 1.437140 
0.000000 14.002533 6.291897 3.741088 
0.000000 14.002533 1.985270 -1.015755 
0.000000 14.002533 1.086832 -1.686077 
0.000000 14.002533 11.586417 3.536566 
0.000000 14.002533 -7.980737 -1.911056 
0.000000 14.002533 8.324819 2.447835 
0.000000 14.002533 3.465349 2.927218 
0.000000 15.796432 -4.160411 1.021534 
0.000000 15.796432 -8.214197 -2.814694 
0.000000 15.796432 -2.646774 -2.611098 
0.000000 15.796432 -1.556166 -1.045437 
0.000000 15.796432 -2.554893 -2.140060 
0.000000 15.796432 -1.126269 -0.474107 
0.000000 15.796432 -7.889830 1.023289 
0.000000 15.796432 0.080862 -0.082435 
0.000000 15.796432 16.365210 2.128033 
0.000000 15.796432 -3.193822 -3.036539 
0.000000 15.796432 6.163026 1.499752 
0.000000 15.796432 -3.274046 -1.610454 
0.000000 15.796432 -4.487274 -2.670182 
0.000000 15.796432 -0.596305 -0.899773 
0.000000 15.796432 -0.292084 -1.755120 
0.000000 15.796432 -3.614721 0.130452 
0.000000 15.796432 6.136050 -0.386190 
0.000000 15.796432 -2.420265 -4.097898 
0.000000 15.796432 6.643668 4.272066 
0.000000 15.796432 2.041571 1.803557 
0.000000 15.796432 3.477107 -0.888625 
0.000000 15.796432 2.063725 0.160090 
0.000000 15.796432 -1.887180 -0.315976 
0.000000 15.796432 -4.216561 -1.340682 
0.000000 15.796432 -8.216091 -1.631211 
0.000000 15.796432 -1.129215 -0.836860 
0.000000 15.796432 1.387243 -1.316548 
0.000000 15.796432 -8.446182 -1.229706 
0.000000 15.796432 2.974335 2.267895 
0.000000 15.796432 -4.716790 -2.366191 
0.000000 15.796432 -6.810926 1.667482 
0.000000 15.796432 -0.259717 -0.212337 
0.000000 15.796432 -5.911039 1.342158 
0.000000 15.796432 -4.217522 -0.898394 
0.000000 15.796432 0.427688 4.206627 
0.000000 15.796432 -9.965067 -2.131298 
0.000000 15.796432 -1.239183 2.294518 
0.000000 15.796432 4.540127 -0.152731 
0.000000 15.796432 1.666733 0.791189 
0.000000 15.796432 -6.478840 -3.121570 
0.000000 15.796432 0.261483 3.486644 
0.000000 15.796432 3.655224 1.507581 
0.000000 15.796432 3.697815 0.575280 
0.000000 15.796432 5.275171 0.741788 
0.000000 15.796432 -6.140154 -2.841889 
0.000000 15.796432 -4.109699 -3.679042 
0.000000 15.796432 -5.543588 -2.495573 
0.000000 15.796432 -3.043746 0.088911 
0.000000 15.796432 1.351631 0.675222 
0.000000 15.796432 7.077438 1.128967 
0.000000 15.796432 0.941616 -0.805989 
0.000000 15.796432 -6.438640 -1.026884 
0.000000 15.796432 -5.009142 -0.986164 
0.000000 15.796432 -4.699000 -1.520525 
0.000000 15.796432 1.389535 -1.402831 
0.000000 15.796432 1.033285 0.704253 
0.000000 15.796432 -1.222505 -1.552425 
0.000000 15.796432 0.554529 -2.100695 
0.000000 15.796432 -1.260154 -1.609264 
0.000000 15.796432 -3.251063 2.558501 
0.000000 15.796432 -3.348762 0.773819 
0.000000 15.796432 -2.680049 -0.942509 
0.000000 15.796432 -0.799990 0.280915 
0.000000 15.796432 -10.053793 -0.448056 
0.000000 15.796432 1.232851 -2.706290 
0.000000 15.796432 -6.632279 -6.909528 
0.000000 15.796432 -5.946259 -2.110331 
0.000000 15.796432 1.493067 -0.087703 
0.000000 15.796432 -5.251894 -0.244554 
0.000000 15.796432 2.847058 2.053175 
0.000000 15.796432 -7.583202 -2.510353 
0.000000 15.796432 0.997176 -0.123486 
0.000000 15.796432 -0.028729 1.286908 
0.000000 15.796432 7.336660 2.379462 
0.000000 15.796432 -2.459291 -1.158449 
0.000000 15.796432 0.491583 1.307253 
0.000000 15.796432 -3.895028 -0.023847 
0.000000 15.796432 12.983270 0.334789 
0.000000 15.796432 6.013793 -1.022383 
0.000000 15.796432 -4.556432 0.705671 
0.000000 15.796432 -3.333327 0.804311 
0.000000 15.796432 -6.598701 -3.908988 
0.000000 15.796432 2.008273 -2.918083 
0.000000 15.796432 3.184730 -2.188444 
0.000000 15.796432 -0.979662 -2.954611 
0.000000 15.796432 0.988055 0.273437 
0.000000 15.796432 1.772011 0.109113 
0.000000 15.796432 0.026748 1.445144 
0.000000 15.796432 3.837563 0.202075 
0.000000 15.796432 -1.834541 2.716534 
0.000000 15.796432 -6.050638 -1.124213 
0.000000 15.796432 0.003018 -1.508657 
0.000000 15.796432 -6.218541 -2.975981 
0.000000 15.796432 1.667417 2.656915 
0.000000 15.796432 -0.006126 0.676796 
0.000000 15.796432 0.357640 -0.766046 
0.000000 15.796432 -3.875558 -4.091514 
0.000000 15.796432 0.622165 -0.451032 
0.000000 15.796432 3.115462 0.287398 
0.000000 15.796432 -1.852354 2.161825 
0.000000 17.497437 -0.386142 -2.064288 
0.000000 17.497437 -0.012794 2.881964 
0.000000 17.497437 7.749833 0.629285 
0.000000 17.497437 1.010040 -0.535482 
0.000000 17.497437 7.047361 4.893279 
0.000000 17.497437 -5.113552 -2.637183 
0.000000 17.497437 -6.441117 -3.577850 
0.000000 17.497437 1.227658 -0.488491 
0.000000 17.497437 0.980634 -0.760086 
0.000000 17.497437 0.208470 0.883500 
0.000000 17.497437 1.302979 -0.315174 
0.000000 17.497437 5.265581 -0.019943 
0.000000 17.497437 2.769009 4.869504 
0.000000 17.497437 -0.259835 2.450622 
0.000000 17.497437 4.959344 -1.155280 
0.000000 17.497437 -2.383824 1.547671 
0.000000 17.497437 2.115664 -0.419623 
0.000000 17.497437 -7.412037 -3.360371 
0.000000 17.497437 -6.592025 -1.780362 
0.000000 17.497437 -14.238515 -5.650802 
0.000000 17.497437 -0.105218 2.574592 
0.000000 17.497437 -3.048965 0.673103 
0.000000 17.497437 -3.149086 -1.560527 
0.000000 17.497437 -2.641393 -0.842180 
0.000000 17.497437 3.791686 -0.523552 
0.000000 17.497437 -2.597703 1.370683 
0.000000 17.497437 1.788907 0.408329 
0.000000 17.497437 0.847331 -0.643861 
0.000000 17.497437 0.909907 0.026924 
0.000000 17.497437 1.292061 4.069289 
0.000000 17.497437 4.763833 0.373817 
0.000000 17.497437 -6.129888 -0.863240 
0.000000 17.497437 6.434043 0.063624 
0.000000 17.497437 2.167834 -0.994082 
0.000000 17.497437 -0.960209 1.850507 
0.000000 17.497437 -5.020674 0.596816 
0.000000 17.497437 -6.730721 -0.365573 
0.000000 17.497437 -5.303018 -0.960799 
0.000000 17.497437 -0.018833 3.587562 
0.000000 17.497437 -2.080309 0.132530 
0.000000 17.497437 -3.210439 0.611704 
0.000000 17.497437 8.360980 4.117072 
0.000000 17.497437 3.048277 -0.891756 
0.000000 17.497437 2.639503 1.678335 
0.000000 17.497437 -6.874275 -1.108408 
0.000000 17.497437 -2.198511 1.761049 
0.000000 17.497437 2.045985 0.720467 
0.000000 17.497437 -6.172841 -2.567531 
0.000000 17.497437 4.836878 3.792677 
0.000000 17.497437 1.586691 -0.587749 
0.000000 17.497437 -2.738993 0.524631 
0.000000 17.497437 -3.167023 -4.020741 
0.000000 17.497437 -0.146617 -1.811145 
0.000000 17.497437 -3.471137 -0.558727 
0.000000 17.497437 6.363405 3.472012 
0.000000 17.497437 2.647970 -3.195315 
0.000000 17.497437 -4.955971 1.787836 
0.000000 17.497437 1.489572 0.618923 
0.000000 17.497437 8.004065 2.731907 
0.000000 17.497437 1.855737 -0.388311 
0.000000 17.497437 0.352536 2.181849 
0.000000 17.497437 11.892025 5.231366 
0.000000 17.497437 -5.353621 -2.688221 
0.000000 17.497437 -1.955827 -0.400244 
0.000000 17.497437 -5.375112 -3.461671 
0.000000 17.497437 -2.457772 -2.438962 
0.000000 17.497437 -3.466245 -3.090580 
0.000000 17.497437 -3.346904 -1.525469 
0.000000 17.497437 -4.288958 3.487858 
0.000000 17.497437 4.835472 -2.049651 
0.000000 17.497437 4.166131 3.376033 
0.000000 17.497437 0.525765 -3.433064 
0.000000 17.497437 0.788370 1.725371 
0.000000 17.497437 0.820538 -0.128705 
0.000000 17.497437 7.225474 0.511879 
0.000000 17.497437 3.603218 2.635599 
0.000000 17.497437 0.668875 -1.665649 
0.000000 17.497437 0.867988 -1.328924 
0.000000 17.497437 6.774902 -2.184912 
0.000000 17.497437 -7.071317 -3.931939 
0.000000 17.497437 -3.092856 -0.833734 
0.000000 17.497437 6.467654 1.929510 
0.000000 17.497437 2.495659 -0.585853 
0.000000 17.497437 -11.218083 -1.036596 
0.000000 17.497437 -1.909124 -1.343346 
0.000000 17.497437 3.279861 0.765904 
0.000000 17.497437 -4.660922 -1.088380 
0.000000 17.497437 2.023216 0.744256 
0.000000 17.497437 -0.394551 -1.649797 
0.000000 17.497437 8.786555 2.483747 
0.000000 17.497437 1.820810 -1.317987 
0.000000 17.497437 -3.013490 -0.361015 
0.000000 17.497437 2.436525 2.075183 
0.000000 17.497437 -0.457095 -5.443194 
0.000000 17.497437 -1.336300 -0.502054 
0.000000 17.497437 3.446062 0.855426 
0.000000 17.497437 -5.318772 -1.411628 
0.000000 17.497437 5.921599 -1.254298 
0.000000 17.497437 0.293139 2.748958 
0.000000 17.497437 2.444448 -2.483374 
