0.000000 1.293427 1.289147 0.735940 1.391534 1.276758 2.027610 1.291899 1.063173 1.063173 
0.000000 1.293427 1.123656 1.128631 0.898870 1.096678 1.938130 1.128710 1.009876 1.009876 
0.000000 1.293427 1.219364 0.961813 1.062229 1.278508 1.954197 1.221496 1.013819 1.013819 
0.000000 1.293427 0.889650 0.665681 1.094607 0.956413 1.725790 0.903202 0.889670 0.889670 
0.000000 1.293427 1.043136 0.612530 1.143157 1.007845 1.642049 1.039685 0.876791 0.876791 
0.000000 1.293427 1.197396 1.445609 0.906204 1.259729 2.238498 1.175158 1.176668 1.176668 
0.000000 1.293427 0.956421 1.335969 0.901927 0.905472 2.134671 0.966876 1.124598 1.124598 
0.000000 1.293427 1.119983 1.364477 0.680069 1.181112 2.020553 1.086485 1.011062 1.011062 
0.000000 1.293427 0.885959 0.810944 1.263698 0.749023 1.791088 0.854176 1.019533 1.019533 
0.000000 1.293427 1.034175 0.627786 1.475060 1.040647 1.908807 1.033695 1.034103 1.034103 
0.000000 1.293427 0.687790 0.959507 0.915575 0.634389 1.864748 0.688994 0.936971 0.936971 
0.000000 1.293427 1.232820 1.034458 0.787072 1.342189 1.720964 1.215386 0.910458 0.910458 
0.000000 1.293427 0.797187 1.841091 -0.059765 0.805535 1.797206 0.927263 0.981841 0.981841 
0.000000 1.293427 0.900674 0.853936 1.034136 0.944110 1.794205 0.905435 0.948889 0.948889 
0.000000 1.293427 1.200873 1.371669 0.770827 1.301388 2.042230 1.157413 1.082088 1.082088 
0.000000 1.293427 0.869602 1.363157 1.182308 0.876440 2.502722 0.869527 1.271039 1.271039 
0.000000 1.293427 1.045737 0.753108 1.148236 0.964166 1.821098 1.037355 0.955329 0.955329 
0.000000 1.293427 0.805732 1.006457 0.963846 0.789623 1.964292 0.806125 0.984164 0.984164 
0.000000 1.293427 1.012461 0.510431 1.229213 0.969444 1.641009 0.996773 0.876359 0.876359 
0.000000 1.293427 0.798459 1.121873 1.062036 0.738729 2.039618 0.799944 1.092254 1.092254 
0.000000 1.293427 0.804999 1.336428 0.410680 0.842148 1.669833 0.765061 0.899146 0.899146 
0.000000 1.293427 1.029083 0.805872 1.223796 1.182960 1.816117 1.054522 1.010115 1.010115 
0.000000 1.293427 1.458033 2.176894 -0.229504 1.451024 1.992352 1.411642 1.075047 1.075047 
0.000000 1.293427 0.929785 0.442325 1.610996 1.048397 2.027471 0.962245 1.046758 1.046758 
0.000000 1.293427 1.116505 0.611264 1.587787 1.320893 1.935233 1.201280 1.079792 1.079792 
0.000000 1.293427 1.084350 1.127247 0.856514 1.187425 1.766300 1.073909 0.997282 0.997282 
0.000000 1.293427 0.913271 1.546264 0.403309 0.922199 1.882525 0.904606 0.992265 0.992265 
0.000000 1.293427 0.989870 0.821375 1.382241 0.957625 1.965541 0.989164 1.096105 1.096105 
0.000000 1.293427 0.959386 0.553688 1.549735 0.977483 1.848864 0.966821 1.026652 1.026652 
0.000000 1.293427 1.100039 1.065701 1.098643 1.123288 1.980357 1.100323 1.081616 1.081616 
0.000000 1.293427 1.116313 0.726610 1.276999 1.217528 1.895194 1.138532 1.000907 1.000907 
0.000000 1.293427 0.996544 1.318361 0.549512 1.026676 1.800821 0.986079 0.915481 0.915481 
0.000000 1.293427 0.932503 1.190721 0.828412 0.862584 1.846483 0.943441 1.015044 1.015044 
0.000000 1.293427 1.001046 0.983130 0.957869 0.959325 1.838600 1.001594 0.970320 0.970320 
0.000000 1.293427 1.187384 1.323836 0.666018 1.272550 1.922612 1.151904 0.992860 0.992860 
0.000000 1.293427 1.021336 0.845661 0.948968 1.133005 1.653712 1.028160 0.895213 0.895213 
0.000000 1.293427 0.721251 0.872112 1.258209 0.724861 2.021281 0.722599 1.065038 1.065038 
0.000000 1.293427 0.817529 0.614147 1.218668 0.958895 1.523424 0.855816 0.891391 0.891391 
0.000000 1.293427 1.091359 0.866987 1.176456 0.974048 1.962735 1.076876 1.021879 1.021879 
0.000000 1.293427 1.119025 0.559330 1.320975 0.966073 1.911420 1.074153 0.962116 0.962116 
0.000000 1.293427 1.032814 0.379506 1.717310 1.053550 1.921443 1.047595 1.059156 1.059156 
0.000000 1.293427 0.665357 0.640400 1.140349 0.675692 1.540998 0.662984 0.875345 0.875345 
0.000000 1.293427 0.966780 0.997222 0.982437 0.820801 1.860337 0.967768 0.989964 0.989964 
0.000000 1.293427 0.812290 0.525482 1.380590 1.093025 1.678610 0.911299 0.940922 0.940922 
0.000000 1.293427 0.771463 0.770752 1.610939 0.806068 2.219566 0.768616 1.228079 1.228079 
0.000000 1.293427 1.342176 0.796068 1.295713 1.352913 2.195119 1.338716 1.067861 1.067861 
0.000000 1.293427 0.778693 1.177669 0.774926 0.843672 1.933164 0.760833 0.969351 0.969351 
0.000000 1.293427 1.012952 1.347519 0.554337 0.991281 1.887396 1.034714 0.942700 0.942700 
0.000000 1.293427 1.017160 0.551491 1.503006 0.930111 1.841794 0.990419 1.021709 1.021709 
0.000000 1.293427 1.189158 1.036595 0.909417 1.225992 1.675966 1.186152 0.973358 0.973358 
0.000000 1.293427 0.798883 1.042353 0.855288 0.838811 1.757030 0.795261 0.953016 0.953016 
0.000000 1.293427 0.948810 1.239839 0.938798 0.936222 2.045904 0.950271 1.091671 1.091671 
0.000000 1.293427 0.645565 1.189183 1.431293 0.876853 2.651022 0.663626 1.319034 1.319034 
0.000000 1.293427 0.603943 1.591553 0.556600 0.607651 2.192627 0.606690 1.042640 1.042640 
0.000000 1.293427 1.042807 0.288338 1.516977 1.021545 1.588840 1.043741 0.894774 0.894774 
0.000000 1.293427 1.010727 0.849007 1.191193 0.996182 1.694687 1.006653 1.007548 1.007548 
0.000000 1.293427 0.994931 1.036547 0.944316 0.998628 1.906767 0.995948 0.988048 0.988048 
0.000000 1.293427 1.065256 0.953962 0.985222 1.079455 1.733186 1.065664 0.969018 0.969018 
0.000000 1.293427 1.021624 0.672007 1.399303 0.912734 1.942416 0.995241 1.036910 1.036910 
0.000000 1.293427 0.843834 0.998921 1.105089 0.735482 1.984749 0.838586 1.051280 1.051280 
0.000000 1.293427 0.989769 0.358922 1.948551 0.778805 1.861985 0.905808 1.074861 1.074861 
0.000000 1.293427 0.870833 1.365479 0.774215 0.808397 2.031829 0.896992 1.082550 1.082550 
0.000000 1.293427 1.049161 0.330571 1.545708 0.968911 1.758604 1.036817 0.973230 0.973230 
0.000000 1.293427 1.243452 1.264207 0.787853 1.350539 2.074348 1.212195 1.009269 1.009269 
0.000000 1.293427 1.037549 1.053223 0.999956 1.064377 1.970574 1.039040 1.025742 1.025742 
0.000000 1.293427 1.120129 0.421408 1.791632 0.986402 2.063921 1.075663 1.104255 1.104255 
0.000000 1.293427 0.917744 1.579927 0.557184 0.866977 2.115028 0.955236 1.046283 1.046283 
0.000000 1.293427 0.733525 0.945582 1.173700 0.584278 2.089358 0.717344 1.065073 1.065073 
0.000000 1.293427 0.907974 1.019428 1.002530 1.088584 1.773799 0.906527 1.011765 1.011765 
0.000000 1.293427 0.913698 0.592574 1.015254 0.782545 1.354444 0.887911 0.795532 0.795532 
0.000000 1.293427 0.783940 1.539411 0.449947 0.815780 1.946918 0.744370 0.987611 0.987611 
0.000000 1.293427 0.831883 0.588663 1.406024 0.664739 1.968080 0.781568 1.029087 1.029087 
0.000000 1.293427 0.809765 2.265986 -0.100750 0.819832 2.167255 0.931941 1.068536 1.068536 
0.000000 1.293427 0.829825 0.528992 1.483026 0.934707 1.918294 0.887352 1.021241 1.021241 
0.000000 1.293427 0.952348 1.427432 0.574242 0.954577 1.957232 0.949891 0.999967 0.999967 
0.000000 1.293427 1.272166 1.843693 0.091480 1.275442 1.930323 1.244138 0.965340 0.965340 
0.000000 1.293427 1.031981 1.378556 0.642689 0.962432 2.061998 1.073309 0.990173 0.990173 
0.000000 1.293427 1.020860 1.184606 0.903260 0.993783 2.078545 1.024445 1.039337 1.039337 
0.000000 1.293427 0.787711 1.211520 0.940109 0.725698 2.122458 0.794230 1.073183 1.073183 
0.000000 1.293427 1.013044 0.964582 0.937426 0.976596 1.923535 1.013603 0.950498 0.950498 
0.000000 1.293427 0.819011 1.110753 1.178149 0.940576 2.152643 0.822584 1.145222 1.145222 
0.000000 1.293427 0.786680 0.955183 1.296300 0.855853 2.073950 0.798034 1.124328 1.124328 
0.000000 1.293427 1.186315 1.599503 0.571761 1.154199 2.118888 1.232341 1.074260 1.074260 
0.000000 1.293427 1.275178 1.383974 0.541910 1.272624 1.898952 1.276962 0.960976 0.960976 
0.000000 1.293427 1.358738 1.479668 0.943508 1.399475 2.286155 1.346270 1.220998 1.220998 
0.000000 1.293427 0.803166 1.504468 0.653046 0.856690 2.175666 0.761734 1.057527 1.057527 
0.000000 1.293427 0.986958 1.310547 0.831432 0.945010 2.039331 0.994175 1.076993 1.076993 
0.000000 1.293427 1.154580 1.321247 0.635359 1.141285 1.938133 1.158541 0.970198 0.970198 
0.000000 1.293427 1.137116 0.419176 1.511922 1.258298 1.879166 1.202073 0.989289 0.989289 
0.000000 1.293427 0.727832 1.208106 0.894831 0.705771 1.909247 0.728613 1.059813 1.059813 
0.000000 1.293427 1.227731 0.549684 1.499067 1.154890 1.930320 1.203725 1.020262 1.020262 
0.000000 1.293427 0.844178 0.831203 1.187531 0.765619 1.963530 0.830579 1.012388 1.012388 
0.000000 1.293427 1.218031 1.209166 0.724371 1.212539 1.890643 1.220814 0.962438 0.962438 
0.000000 1.293427 0.822422 0.245781 2.037984 0.984491 2.245665 0.895851 1.146476 1.146476 
0.000000 1.293427 1.302194 -0.292709 2.115621 1.434896 2.063365 1.402927 1.009236 1.009236 
0.000000 1.293427 1.056432 1.263053 0.765566 0.943134 1.914744 1.099647 1.020270 1.020270 
0.000000 1.293427 0.849217 1.486987 0.473621 0.771100 1.934407 0.941394 0.979784 0.979784 
0.000000 1.293427 1.142743 1.474457 0.520349 1.213649 1.912699 1.093309 1.013447 1.013447 
0.000000 1.293427 1.137785 1.264969 0.829274 1.093444 1.997494 1.147717 1.053411 1.053411 
0.000000 1.293427 0.966008 1.177343 0.702997 0.897267 1.802317 0.996607 0.937189 0.937189 
0.000000 1.293427 1.065433 1.476078 0.655734 1.087554 2.111159 1.042871 1.055024 1.055024 
0.000000 1.293427 1.301307 1.114070 0.684224 1.427392 1.740757 1.262888 0.892125 0.892125 
0.000000 1.293427 0.949455 -0.125763 2.128262 0.726054 1.605575 0.835415 0.913075 0.913075 
0.000000 1.293427 1.027018 0.772087 0.937992 1.157928 1.557054 1.037050 0.853301 0.853301 
0.000000 1.293427 0.766705 1.177252 0.683505 0.746881 1.783403 0.779562 0.934786 0.934786 
0.000000 1.293427 1.118419 1.101856 0.924967 0.987921 1.937306 1.132901 1.014864 1.014864 
0.000000 1.293427 1.057708 1.136165 0.741672 1.032439 1.807056 1.064250 0.941759 0.941759 
0.000000 1.293427 1.193038 1.013804 1.024022 1.289784 2.052105 1.193535 1.019120 1.019120 
0.000000 1.293427 1.000594 1.372104 0.738760 0.926175 2.059141 1.032433 1.053458 1.053458 
0.000000 1.293427 0.775308 1.388336 0.427142 0.805092 1.795575 0.745350 0.898827 0.898827 
0.000000 1.293427 1.365519 1.272573 0.883125 1.399715 2.186871 1.351802 1.062988 1.062988 
0.000000 1.293427 0.953361 1.101163 0.612255 0.912343 1.675189 0.967449 0.855068 0.855068 
0.000000 1.293427 1.074796 1.063246 0.923525 1.149462 1.774829 1.070159 0.996924 0.996924 
0.000000 1.293427 1.166004 0.858519 1.061181 1.201333 1.950553 1.168484 0.964910 0.964910 
0.000000 1.293427 1.153980 0.905075 1.023798 1.165707 1.857280 1.155986 0.966155 0.966155 
0.000000 1.293427 1.166472 0.857554 1.258198 1.091021 1.949691 1.156973 1.054530 1.054530 
0.000000 1.293427 1.178719 1.188673 1.028124 1.166158 2.183319 1.179299 1.106196 1.106196 
0.000000 1.293427 0.990245 1.338357 0.658827 1.117792 1.898566 0.920584 1.010047 1.010047 
0.000000 1.293427 0.917855 1.028551 0.782353 0.862554 1.735983 0.925428 0.908106 0.908106 
0.000000 1.293427 0.735584 1.074210 0.712907 0.721894 1.683886 0.739992 0.899171 0.899171 
0.000000 1.293427 0.730404 1.041325 1.040606 0.852663 2.062027 0.730360 1.040952 1.040952 
0.000000 1.293427 1.027019 0.702697 1.329787 0.986771 1.921297 1.014442 1.014489 1.014489 
0.000000 1.293427 0.870270 0.740033 1.387384 0.900278 1.991070 0.872396 1.065081 1.065081 
0.000000 1.293427 0.856156 1.615790 0.567903 0.868093 2.178286 0.844507 1.071743 1.071743 
0.000000 1.293427 1.330491 0.630767 1.633692 1.369045 2.138627 1.344786 1.134965 1.134965 
0.000000 1.293427 0.877623 1.525342 0.176465 0.866638 1.689145 0.914512 0.841002 0.841002 
0.000000 1.293427 1.031526 0.751731 1.395632 1.050685 1.846227 1.024685 1.060128 1.060128 
0.000000 1.293427 0.979396 1.424159 0.424829 0.991034 1.839420 0.959380 0.915839 0.915839 
0.000000 1.293427 1.287677 1.543837 0.540002 1.327780 2.058985 1.268376 1.013524 1.013524 
0.000000 1.293427 0.899291 0.596123 1.291654 0.839000 1.826960 0.887642 0.948158 0.948158 
0.000000 1.293427 0.632930 1.135554 0.964890 0.631670 2.094646 0.637483 1.042477 1.042477 
0.000000 1.293427 1.031550 1.582075 0.153828 1.013390 1.726565 1.106692 0.847750 0.847750 
0.000000 1.293427 1.134010 1.131475 0.951936 1.227354 1.979494 1.125890 1.042378 1.042378 
0.000000 1.293427 0.788065 1.076797 0.958857 0.777827 1.885926 0.788733 1.018692 1.018692 
0.000000 1.293427 1.432094 0.864079 0.963491 1.542185 1.847919 1.437886 0.916273 0.916273 
0.000000 1.293427 1.117459 1.196592 0.816637 1.226307 1.867936 1.099047 1.009371 1.009371 
0.000000 1.293427 1.236749 0.385343 1.304856 1.462212 1.485479 1.290297 0.848498 0.848498 
0.000000 1.293427 1.157219 0.954540 1.118214 1.146028 1.954493 1.156007 1.035903 1.035903 
0.000000 1.293427 0.903257 0.038793 1.518068 1.101758 1.707990 0.992199 0.832376 0.832376 
0.000000 1.293427 0.891627 1.733313 0.242771 0.872376 1.958275 0.957822 0.978356 0.978356 
0.000000 1.293427 1.209250 1.346088 0.586105 1.265900 1.863025 1.168720 0.975532 0.975532 
0.000000 1.293427 0.938379 1.323166 0.658051 0.905756 1.908751 0.958533 0.993908 0.993908 
0.000000 1.293427 1.215956 0.807471 1.197666 1.191492 1.958526 1.211942 1.004484 1.004484 
0.000000 1.293427 0.892846 0.609521 1.373558 0.949448 2.074549 0.907348 1.022116 1.022116 
0.000000 1.293427 0.911835 1.030712 1.245891 0.919774 2.168616 0.910728 1.138339 1.138339 
0.000000 1.293427 0.937739 0.534170 1.490593 1.077572 1.980115 1.003723 1.036453 1.036453 
0.000000 1.293427 0.595122 1.039750 1.109160 0.673946 1.948652 0.597161 1.073033 1.073033 
0.000000 1.293427 1.204702 -0.074869 2.258348 1.078867 2.054112 1.135047 1.104057 1.104057 
0.000000 1.293427 0.836063 0.459546 1.869186 1.204458 2.078671 0.986312 1.137311 1.137311 
0.000000 1.293427 0.943425 0.911578 0.949620 0.983400 1.692677 0.943447 0.929944 0.929944 
0.000000 1.293427 1.173765 1.671826 0.396532 1.150150 2.002706 1.209468 1.077349 1.077349 
0.000000 1.293427 0.943554 0.700584 1.144780 0.960591 1.753779 0.948499 0.924698 0.924698 
0.000000 1.293427 0.889528 0.628139 1.161373 0.846977 1.616135 0.879010 0.895455 0.895455 
0.000000 1.293427 0.917592 1.080501 1.049113 0.825468 2.004650 0.918766 1.064419 1.064419 
0.000000 1.293427 0.863401 1.144954 0.603764 0.796278 1.645554 0.889115 0.879484 0.879484 
0.000000 1.293427 1.049583 1.026640 0.990985 1.119560 1.943334 1.048377 1.008954 1.008954 
0.000000 1.293427 0.999362 1.633358 0.497182 0.940247 2.104076 1.073573 1.047098 1.047098 
0.000000 1.293427 1.123942 1.686503 0.638379 1.024114 2.172194 1.185737 1.172088 1.172088 
0.000000 1.293427 0.845113 0.644877 1.406231 0.673540 1.831876 0.800654 1.010507 1.010507 
0.000000 1.293427 1.123018 1.013798 0.774385 1.120246 1.680033 1.122089 0.896643 0.896643 
0.000000 1.293427 1.120479 1.423640 0.481568 1.147560 1.878324 1.087565 0.940288 0.940288 
0.000000 1.293427 1.090406 1.722781 0.498576 1.105388 2.191876 1.060142 1.084685 1.084685 
0.000000 1.293427 0.790154 0.974761 1.003731 0.754329 1.827001 0.789721 0.988888 0.988888 
0.000000 1.293427 1.119693 0.470037 1.822908 1.124557 1.892693 1.122696 1.091902 1.091902 
0.000000 1.293427 1.162985 1.415230 0.818862 1.116017 2.192814 1.176888 1.111380 1.111380 
0.000000 1.293427 0.977437 0.626057 1.592878 1.005134 1.981501 0.986431 1.080456 1.080456 
0.000000 1.293427 0.929711 0.782927 1.546737 1.054448 2.210713 0.955651 1.168949 1.168949 
0.000000 1.293427 1.068217 1.590581 0.342321 1.034965 1.908303 1.134340 0.961155 0.961155 
0.000000 1.293427 1.148381 0.824984 1.238949 0.900691 1.914370 1.107525 1.030643 1.030643 
0.000000 1.293427 1.016592 1.023851 0.740952 0.891492 1.696241 1.036255 0.876419 0.876419 
0.000000 1.293427 0.844980 0.805937 1.145335 0.918692 1.915056 0.854219 0.979224 0.979224 
0.000000 1.293427 1.081023 0.627174 1.579893 1.138225 2.328614 1.099263 1.144267 1.144267 
0.000000 1.293427 0.724228 1.240165 0.836345 0.673576 1.967270 0.733028 1.038029 1.038029 
0.000000 1.293427 0.878649 0.399995 1.568667 0.790562 1.802838 0.844859 0.982163 0.982163 
0.000000 1.293427 0.978013 1.208234 0.944513 1.006525 2.081991 0.970795 1.075234 1.075234 
0.000000 1.293427 1.127340 1.031559 0.866866 1.126105 1.798518 1.128121 0.950681 0.950681 
0.000000 1.293427 0.791277 1.252965 0.926244 0.807215 1.992990 0.789285 1.095490 1.095490 
0.000000 1.293427 1.300305 0.609536 1.011781 1.233155 1.531974 1.279801 0.808513 0.808513 
0.000000 1.293427 0.904586 0.907026 1.182484 0.847153 2.032430 0.900879 1.047875 1.047875 
0.000000 1.293427 0.635363 1.153593 0.744015 0.682074 1.804334 0.617095 0.949286 0.949286 
0.000000 1.293427 0.650278 1.293596 0.773834 0.678561 1.895561 0.646916 1.041000 1.041000 
0.000000 1.293427 1.170123 1.020248 1.107888 1.295650 2.059130 1.175685 1.065818 1.065818 
0.000000 1.293427 0.961475 1.225127 1.127359 0.990557 2.413294 0.960137 1.173477 1.173477 
0.000000 1.293427 1.204226 0.840081 1.197151 1.171821 1.924440 1.197214 1.017252 1.017252 
0.000000 1.293427 0.770741 1.425901 0.388908 0.735515 1.751328 0.827022 0.918141 0.918141 
0.000000 1.293427 1.154211 0.534116 1.329490 1.171327 1.690567 1.163453 0.923150 0.923150 
0.000000 1.293427 0.825440 1.124220 0.812622 0.876925 1.936386 0.820672 0.959123 0.959123 
0.000000 1.293427 0.988211 0.903153 1.519606 0.979084 2.291519 0.988366 1.219695 1.219695 
0.000000 1.293427 0.794753 0.724878 0.966525 0.806413 1.535954 0.795019 0.842119 0.842119 
0.000000 1.293427 0.848743 1.456890 0.612888 0.833873 1.970540 0.863425 1.043755 1.043755 
0.000000 1.293427 1.024727 0.659333 1.145074 0.992606 1.642761 1.018717 0.896153 0.896153 
0.000000 1.293427 1.008813 1.563892 0.377000 0.986121 1.928256 1.043407 0.960869 0.960869 
0.000000 1.293427 1.163753 0.673521 1.356893 1.096381 1.962997 1.150539 1.015946 1.015946 
0.000000 1.293427 1.095814 0.716605 1.446277 1.028591 1.987243 1.082116 1.075282 1.075282 
0.000000 1.293427 1.069093 0.432015 1.360880 1.172831 1.441735 1.114889 0.844418 0.844418 
0.000000 1.293427 0.940140 0.573931 1.243461 1.063466 1.927791 0.966439 0.938385 0.938385 
0.000000 1.293427 0.963006 2.219076 0.147939 0.963775 2.364739 0.947256 1.157524 1.157524 
0.000000 1.293427 0.687272 0.940345 1.031479 0.771324 1.704568 0.691077 0.982649 0.982649 
0.000000 1.293427 1.035605 0.778179 0.936556 0.981542 1.717171 1.029484 0.862364 0.862364 
0.000000 1.293427 1.059954 1.216384 0.894385 1.175443 2.011672 1.046000 1.051581 1.051581 
0.000000 1.293427 0.957215 0.760484 1.074376 0.804835 1.754450 0.937749 0.918118 0.918118 
0.000000 1.293427 1.020686 0.577381 0.784866 0.894539 1.201587 1.003387 0.675417 0.675417 
0.000000 1.293427 0.936731 1.131821 0.802145 0.817208 1.869404 0.964500 0.963590 0.963590 
0.000000 1.293427 0.864835 1.311437 0.552993 0.853348 1.798335 0.875777 0.937988 0.937988 
0.000000 1.293427 0.787906 0.611987 1.538349 0.770868 1.843660 0.789627 1.053869 1.053869 
0.000000 1.293427 1.347954 0.449458 1.448153 1.319319 1.635600 1.342396 0.936999 0.936999 
0.000000 1.293427 1.098316 1.134880 0.989507 0.946635 2.097899 1.106709 1.057379 1.057379 
0.000000 1.293427 1.050576 1.171337 0.754768 1.081621 1.836622 1.037462 0.958331 0.958331 
0.000000 1.293427 0.767125 0.605988 1.386530 0.773966 1.746655 0.779364 0.979013 0.979013 
0.000000 1.293427 1.124375 1.275371 0.598918 1.196480 1.828117 1.078994 0.930289 0.930289 
0.000000 1.293427 0.960927 0.845534 1.188696 1.034489 1.926928 0.968631 1.013924 1.013924 
0.000000 1.293427 0.772800 0.223316 1.625863 0.622067 1.832987 0.691689 0.942278 0.942278 
0.000000 1.293427 0.796670 0.925810 1.274385 1.051797 2.197393 0.825213 1.112918 1.112918 
0.000000 1.293427 1.063027 1.519990 0.420328 1.059739 1.939074 1.068713 0.931572 0.931572 
0.000000 1.293427 1.168932 0.784036 1.273658 1.210467 1.800655 1.175435 1.010981 1.010981 
0.000000 1.293427 0.913923 1.947248 -0.058814 0.925517 1.889634 1.107817 0.929775 0.929775 
0.000000 1.293427 0.996763 1.065148 0.931805 1.027922 1.846411 0.995386 1.000247 1.000247 
0.000000 1.293427 0.850239 1.588973 0.565814 0.894810 2.163372 0.811460 1.064563 1.064563 
0.000000 1.293427 1.125325 0.814894 1.153253 1.024576 1.786060 1.116006 0.979649 0.979649 
0.000000 1.293427 1.134468 1.041354 1.114645 1.258196 2.050700 1.139351 1.077524 1.077524 
0.000000 1.293427 0.663036 1.321540 0.818661 0.638006 2.145249 0.671762 1.056980 1.056980 
0.000000 1.293427 1.072121 1.405023 0.883552 1.122298 2.246125 1.051718 1.137129 1.137129 
0.000000 1.293427 0.779256 1.662879 0.668553 0.768607 2.293797 0.802723 1.149420 1.149420 
0.000000 1.293427 0.779952 1.051736 0.711233 0.724446 1.687692 0.795128 0.881139 0.881139 
0.000000 1.293427 0.864190 1.020146 1.130410 0.824132 1.952113 0.862438 1.073810 1.073810 
0.000000 1.293427 1.005742 1.012680 1.737170 0.920433 2.263562 0.987590 1.338913 1.338913 
0.000000 1.293427 0.864309 0.336161 1.716717 0.798538 1.925813 0.824660 1.023640 1.023640 
0.000000 1.293427 1.049610 1.063280 0.852937 1.195526 1.815280 1.033758 0.958424 0.958424 
0.000000 1.293427 1.286046 0.803306 1.148878 1.292538 1.874229 1.289962 0.978974 0.978974 
0.000000 1.293427 0.860437 1.269963 0.730963 0.867041 1.837610 0.863024 1.016966 1.016966 
0.000000 1.293427 1.004470 0.227480 1.635083 1.107870 1.783681 1.042016 0.946881 0.946881 
0.000000 1.293427 1.097364 1.044046 0.985530 1.045343 2.277690 1.098903 1.010103 1.010103 
0.000000 1.293427 0.395331 1.507351 0.335629 0.372776 1.822758 0.432513 0.912303 0.912303 
0.000000 1.293427 1.010125 2.177605 -0.189514 1.018565 2.012196 1.080638 1.023533 1.023533 
0.000000 1.293427 0.673218 1.592285 0.580672 0.650288 2.072147 0.684499 1.108194 1.108194 
0.000000 1.293427 1.110634 0.730660 1.211210 1.121554 1.833890 1.112370 0.970522 0.970522 
0.000000 1.293427 0.752402 1.322163 0.411778 0.733316 1.665525 0.771766 0.872758 0.872758 
0.000000 1.293427 0.717279 1.001838 0.791738 0.589660 1.690633 0.736227 0.900840 0.900840 
0.000000 1.293427 0.743942 0.738852 1.178787 0.722832 1.977405 0.742114 0.973888 0.973888 
0.000000 1.293427 0.728127 0.101976 1.795827 1.074131 1.762024 0.891617 0.980459 0.980459 
0.000000 1.293427 1.574075 0.799319 0.803745 1.541334 1.624075 1.573958 0.801739 0.801739 
0.000000 1.293427 0.836836 0.812819 1.435872 0.820683 2.132973 0.841564 1.126834 1.126834 
0.000000 1.293427 1.310228 0.601383 1.460727 1.485517 2.042630 1.364289 1.039050 1.039050 
0.000000 1.293427 0.887329 1.181410 1.086570 0.896959 2.151648 0.888863 1.130869 1.130869 
0.000000 1.293427 1.018507 1.599347 0.428242 1.002752 1.980730 1.032343 1.032587 1.032587 
0.000000 1.293427 1.007315 0.657766 1.310493 0.982493 1.845434 1.006485 0.987264 0.987264 
0.000000 1.293427 1.136634 1.825591 -0.032008 1.136774 1.796458 1.116863 0.900575 0.900575 
0.000000 1.293427 0.938854 1.169256 0.769028 1.035710 1.886510 0.917273 0.961365 0.961365 
0.000000 1.293427 1.228411 1.147321 0.777686 1.120885 1.820639 1.249361 0.966375 0.966375 
0.000000 1.293427 1.090520 0.898711 0.961077 1.100700 1.786759 1.091049 0.929838 0.929838 
0.000000 1.293427 0.852195 0.639221 1.191844 0.879213 1.803297 0.856114 0.921482 0.921482 
0.000000 1.293427 0.929015 1.891391 0.157486 0.918243 2.070527 0.982074 0.937206 0.937206 
0.000000 1.293427 0.920453 0.733882 1.066099 0.997348 1.803162 0.936449 0.909755 0.909755 
0.000000 1.293427 1.207161 0.676372 1.141329 1.246794 1.729919 1.214461 0.908343 0.908343 
0.000000 1.293427 1.140799 0.772100 1.156045 1.021273 1.873134 1.116264 0.970116 0.970116 
0.000000 1.293427 1.415733 1.085705 1.167427 1.363998 2.278603 1.414251 1.128889 1.128889 
0.000000 1.293427 1.102372 0.372153 1.746380 0.866204 1.727596 1.031914 1.037416 1.037416 
0.000000 1.293427 1.016800 1.080738 0.563929 0.955713 1.482787 1.053421 0.834901 0.834901 
0.000000 1.293427 1.176664 1.479492 0.985022 1.147951 2.411319 1.186159 1.226851 1.226851 
0.000000 1.293427 0.659034 1.086255 0.849166 0.635939 1.950006 0.663189 0.963375 0.963375 
0.000000 1.293427 0.937330 0.736587 1.137991 1.032036 1.752138 0.959354 0.939581 0.939581 
0.000000 1.293427 0.900736 1.310311 0.580646 0.861178 1.910503 0.926910 0.919538 0.919538 
0.000000 1.293427 0.946460 0.672925 1.377257 0.841652 1.884230 0.923339 1.020527 1.020527 
0.000000 1.293427 1.381969 1.328932 0.699048 1.455213 1.984705 1.342972 1.006671 1.006671 
0.000000 1.293427 0.989495 0.844172 1.383589 1.058723 2.107623 1.006739 1.115659 1.115659 
0.000000 1.293427 1.065201 1.614514 0.307826 1.046581 1.873162 1.117946 0.986280 0.986280 
0.000000 1.293427 1.152015 0.699716 1.551694 1.077298 2.054634 1.129663 1.141436 1.141436 
0.000000 1.293427 1.159017 0.668457 1.421171 1.116543 1.699798 1.127316 1.016536 1.016536 
0.000000 1.293427 1.228804 0.612506 1.788049 1.125865 2.093990 1.198516 1.166505 1.166505 
0.000000 1.293427 1.039276 1.095203 0.909350 1.006126 1.870286 1.042527 1.002108 1.002108 
0.000000 1.293427 1.278861 1.447899 0.884965 1.244631 2.139248 1.293507 1.191654 1.191654 
0.000000 1.293427 0.922757 0.339339 1.708486 0.805140 1.695680 0.861492 0.980522 0.980522 
0.000000 1.293427 1.126926 1.739370 0.160088 1.137433 1.870478 1.097479 0.970111 0.970111 
0.000000 1.293427 0.742442 0.386936 1.330429 0.868711 1.517041 0.801398 0.846601 0.846601 
0.000000 1.293427 1.128399 1.140348 0.996217 1.160936 2.031066 1.125970 1.069501 1.069501 
0.000000 1.293427 0.969724 0.950310 1.139307 0.944011 1.908191 0.967782 1.042891 1.042891 
0.000000 1.293427 0.755011 1.613731 0.620364 0.906393 2.091329 0.655231 1.139113 1.139113 
0.000000 1.293427 1.018132 0.507068 1.370225 1.119274 1.585880 1.053408 0.907013 0.907013 
0.000000 1.293427 1.230155 0.691460 1.244546 1.138923 1.915426 1.198800 0.980319 0.980319 
0.000000 1.293427 0.800137 -0.052692 1.662502 0.559489 1.667123 0.668801 0.843245 0.843245 
0.000000 1.293427 1.227426 0.808093 1.497252 1.287034 2.039969 1.231136 1.140953 1.140953 
0.000000 1.293427 1.060883 0.643664 1.502862 0.956724 1.601294 1.062904 1.053042 1.053042 
0.000000 1.293427 0.896736 0.484362 1.435192 0.904822 1.753850 0.902905 0.950631 0.950631 
0.000000 1.293427 0.912457 1.051355 1.080580 0.843485 1.980601 0.911157 1.066052 1.066052 
0.000000 1.293427 0.543183 0.875675 0.831544 0.527817 1.577289 0.543177 0.854496 0.854496 
0.000000 1.293427 0.982118 1.181251 0.759462 0.910858 1.934451 1.004223 0.958800 0.958800 
0.000000 1.293427 0.863840 1.663999 0.376070 0.867163 2.014578 0.853722 1.015324 1.015324 
0.000000 1.293427 0.912408 0.977475 0.870012 0.789736 1.752832 0.920356 0.923570 0.923570 
0.000000 1.293427 1.075459 1.364956 0.794579 1.114677 2.090816 1.071168 1.070366 1.070366 
0.000000 1.293427 0.983708 0.562192 1.423742 1.117673 1.819238 1.012302 0.982157 0.982157 
0.000000 1.293427 1.016391 0.528897 1.492556 1.044713 2.003796 1.008956 1.031029 1.031029 
0.000000 1.293427 0.965473 0.993903 0.943144 0.937855 1.780128 0.966046 0.968252 0.968252 
0.000000 1.293427 1.080893 0.726699 1.284183 1.046975 1.891322 1.072802 1.006059 1.006059 
0.000000 1.293427 0.945007 0.947643 1.288102 1.130918 2.145176 0.973066 1.120806 1.120806 
0.000000 1.293427 0.987108 0.969922 1.114752 0.912958 1.928060 0.983776 1.040997 1.040997 
0.000000 1.293427 1.084157 0.011423 2.063681 1.171009 1.771839 1.119341 0.984385 0.984385 
0.000000 1.293427 0.992921 0.021997 1.742792 0.936459 1.913982 0.946216 0.957304 0.957304 
0.000000 1.293427 1.091133 1.143968 0.865646 1.025681 1.951730 1.097905 1.003301 1.003301 
0.000000 1.293427 0.907101 1.279307 0.797934 0.967231 2.033447 0.876209 1.026310 1.026310 
0.000000 1.293427 1.026603 0.604036 1.314447 0.963487 1.827554 0.999546 0.961332 0.961332 
0.000000 1.293427 1.147768 0.123763 1.566744 1.309797 1.585256 1.235828 0.858491 0.858491 
0.000000 1.293427 1.246634 1.480057 0.513894 1.273345 1.935156 1.223054 0.991612 0.991612 
0.000000 1.293427 1.459574 1.507233 0.641718 1.465860 2.094315 1.450148 1.079228 1.079228 
0.000000 1.293427 1.223723 0.892177 1.334413 1.237474 2.073863 1.221789 1.116114 1.116114 
0.000000 1.293427 1.144405 1.600951 0.261412 1.134940 1.816852 1.156212 0.967319 0.967319 
0.000000 1.293427 1.304594 0.735982 1.299577 1.324277 1.966342 1.308835 1.028028 1.028028 
0.000000 1.293427 0.949457 0.955114 0.829427 0.798509 1.706869 0.961072 0.892078 0.892078 
0.000000 1.293427 0.885027 1.367263 1.035645 0.860727 2.287011 0.895390 1.199587 1.199587 
0.000000 1.293427 1.021113 0.793993 1.292989 1.114534 1.963422 1.040823 1.040589 1.040589 
0.000000 1.293427 1.267729 1.791525 0.003848 1.267828 1.795210 1.231868 0.868929 0.868929 
0.000000 1.293427 0.963121 0.215150 1.578419 1.149951 1.876978 1.041169 0.933002 0.933002 
0.000000 1.293427 1.189032 0.258135 1.532025 1.146341 1.594975 1.175974 0.873347 0.873347 
0.000000 1.293427 0.921933 1.181085 0.695540 0.944996 1.831053 0.910533 0.939842 0.939842 
0.000000 1.293427 1.073806 1.450862 0.803708 1.027284 2.252635 1.104240 1.094337 1.094337 
0.000000 1.293427 1.133402 0.553141 1.846995 0.977240 2.413875 1.081975 1.240160 1.240160 
0.000000 1.293427 0.825158 0.765276 1.199243 0.893620 1.944161 0.841842 0.991389 0.991389 
0.000000 1.293427 0.997377 0.158141 1.907326 1.105898 1.771111 1.040149 0.997412 0.997412 
0.000000 1.293427 1.203715 0.311366 1.249271 1.206578 1.499624 1.201311 0.810170 0.810170 
0.000000 1.293427 1.062507 1.002544 1.057288 1.197214 1.889129 1.066044 1.028942 1.028942 
0.000000 1.293427 0.911211 0.237352 1.688866 0.609974 1.670452 0.795389 0.930115 0.930115 
0.000000 1.293427 0.763705 1.194066 0.700631 0.778848 1.816779 0.750033 0.942083 0.942083 
0.000000 1.293427 1.209549 0.903233 1.158518 1.287611 2.053283 1.218159 1.039410 1.039410 
0.000000 1.293427 0.960271 1.035354 0.855460 0.995526 1.781511 0.956470 0.947637 0.947637 
0.000000 1.293427 0.953386 1.366883 0.814873 0.968847 2.082303 0.947107 1.098961 1.098961 
0.000000 1.293427 1.059286 0.821760 1.206747 1.132599 1.873476 1.064112 1.014321 1.014321 
0.000000 1.293427 1.109305 1.605103 0.240131 1.121477 1.819186 1.060190 0.919143 0.919143 
0.000000 1.293427 0.653602 -0.438029 2.277335 0.953709 1.813590 0.835985 0.967388 0.967388 
0.000000 1.293427 0.902582 0.950363 1.388181 0.946586 2.106963 0.919727 1.165117 1.165117 
0.000000 1.293427 0.831362 0.081111 1.591388 1.035359 1.396233 0.947488 0.787777 0.787777 
0.000000 1.293427 0.761819 1.480944 0.544356 0.759776 1.996372 0.758175 1.004615 1.004615 
0.000000 1.293427 1.397963 1.352142 0.828011 1.436453 2.182471 1.373287 1.068777 1.068777 
0.000000 1.293427 0.791707 1.116808 0.567959 0.785254 1.568525 0.799265 0.849428 0.849428 
0.000000 1.293427 0.874554 1.347886 1.093333 0.873867 2.250687 0.876623 1.222569 1.222569 
0.000000 1.293427 1.044361 0.905448 1.002979 0.963800 1.998774 1.041233 0.957819 0.957819 
0.000000 1.293427 1.165988 1.674577 0.157350 1.159530 1.809731 1.195169 0.940566 0.940566 
0.000000 1.293427 1.250472 0.956593 1.179727 1.244041 1.868376 1.250133 1.057791 1.057791 
0.000000 1.293427 0.948578 1.334192 0.614296 0.987413 1.954092 0.935039 0.956933 0.956933 
0.000000 1.293427 0.954618 1.056051 0.929886 0.936347 1.861546 0.959561 0.993044 0.993044 
0.000000 1.293427 0.785714 1.074974 1.134076 0.618562 1.991444 0.781875 1.104237 1.104237 
0.000000 1.293427 0.860818 2.067053 -0.132234 0.843663 1.943238 0.715108 0.973377 0.973377 
0.000000 1.293427 1.007793 1.764987 0.433196 1.000074 2.135886 1.021397 1.122783 1.122783 
0.000000 1.293427 0.941224 0.436322 1.551876 0.972603 1.872691 0.946087 0.995869 0.995869 
0.000000 1.293427 0.948093 1.137049 1.149191 0.850448 2.134672 0.947651 1.143201 1.143201 
0.000000 1.293427 0.972792 0.907554 1.196039 1.035876 2.064790 0.975870 1.055824 1.055824 
0.000000 1.293427 0.699249 1.126348 0.550949 0.687333 1.698692 0.694849 0.813034 0.813034 
0.000000 1.293427 0.903899 1.067457 0.898923 0.804039 1.790361 0.916009 0.989414 0.989414 
0.000000 1.293427 1.103052 1.224350 1.051979 0.953846 2.196580 1.118136 1.135608 1.135608 
0.000000 1.293427 1.121453 0.405899 1.306303 1.177070 1.560307 1.129795 0.855631 0.855631 
0.000000 1.293427 0.888835 0.430453 1.536192 1.052148 1.767079 0.950328 0.974611 0.974611 
0.000000 1.293427 1.157531 1.522633 0.345025 1.192184 1.888747 1.092970 0.888670 0.888670 
0.000000 1.293427 1.240985 1.087073 0.760393 1.283324 1.801761 1.234268 0.917827 0.917827 
0.000000 1.293427 1.091826 1.002791 0.891590 1.140267 1.701151 1.088987 0.950473 0.950473 
0.000000 1.293427 1.017770 0.602050 1.363583 1.111877 1.891815 1.048844 0.995516 0.995516 
0.000000 1.293427 0.999510 0.426492 1.570117 0.951200 1.892985 0.980085 1.028175 1.028175 
0.000000 1.293427 0.647993 0.864055 1.271986 0.747286 1.979783 0.666971 1.061186 1.061186 
0.000000 1.293427 0.631215 1.394386 0.702095 0.663859 2.041285 0.616409 1.048658 1.048658 
0.000000 1.293427 0.874708 0.030803 1.527909 1.059310 1.717453 0.966049 0.837336 0.837336 
0.000000 1.293427 1.160500 1.365484 0.896526 1.139187 2.279485 1.167064 1.120598 1.120598 
0.000000 1.293427 1.068911 0.912775 1.057403 1.050182 1.828130 1.068791 0.982558 0.982558 
0.000000 1.293427 1.147211 0.868447 0.956757 1.306214 1.786619 1.153580 0.913936 0.913936 
0.000000 1.293427 1.498115 1.215506 0.846765 1.460166 1.942875 1.503425 1.035616 1.035616 
0.000000 1.293427 0.865223 1.445879 0.700948 0.862601 2.124226 0.862376 1.063869 1.063869 
0.000000 1.293427 1.174751 1.886178 0.347679 1.195072 2.197079 1.144505 1.117963 1.117963 
0.000000 1.293427 1.150677 0.915882 0.966112 1.057915 1.659337 1.148540 0.939118 0.939118 
0.000000 1.293427 0.848409 1.228782 1.159156 0.774505 2.181001 0.850106 1.195310 1.195310 
0.000000 1.293427 0.772782 0.835019 1.033254 0.819066 1.802238 0.777885 0.934816 0.934816 
0.000000 1.293427 1.087087 0.703554 1.384372 1.088912 1.610913 1.089233 1.016667 1.016667 
0.000000 1.293427 1.154441 0.896601 1.162284 1.030127 1.977400 1.142641 1.031250 1.031250 
0.000000 1.293427 0.979257 1.275716 0.599507 1.053175 1.778061 0.958947 0.943650 0.943650 
0.000000 1.293427 1.118804 1.040212 1.054941 1.083586 1.887708 1.118364 1.047108 1.047108 
0.000000 1.293427 1.004383 2.442481 -0.342271 0.980247 2.083080 0.915916 0.964737 0.964737 
0.000000 1.293427 0.911125 1.046980 0.669102 0.857253 1.646110 0.931615 0.858590 0.858590 
0.000000 1.293427 1.043987 1.467378 0.848671 0.955484 2.222147 1.079755 1.158661 1.158661 
0.000000 1.293427 1.032583 1.177203 0.845061 1.121763 2.017413 1.014090 1.003565 1.003565 
0.000000 1.293427 1.054636 0.987528 1.170975 0.927516 2.334772 1.044871 1.088348 1.088348 
0.000000 1.293427 1.204564 0.236993 1.667768 1.096549 1.644171 1.163649 0.918489 0.918489 
0.000000 1.293427 0.730158 0.539671 1.669232 0.576664 2.239358 0.679539 1.130461 1.130461 
0.000000 1.293427 0.757484 0.438965 1.702137 0.726432 1.863102 0.726268 1.056069 1.056069 
0.000000 1.293427 1.276335 0.938351 1.000888 1.273704 1.937472 1.275794 0.970429 0.970429 
0.000000 1.293427 0.941714 0.884478 1.133374 0.988131 1.772320 0.947531 1.001610 1.001610 
0.000000 1.293427 0.810285 1.022287 1.025390 0.862948 1.895793 0.810370 1.023774 1.023774 
0.000000 1.293427 1.004694 1.004508 0.749763 1.000668 1.745066 1.000821 0.869625 0.869625 
0.000000 1.293427 1.212912 1.573926 0.679253 1.187394 2.231912 1.227906 1.098884 1.098884 
0.000000 1.293427 0.946745 1.183093 0.681044 0.974997 1.726442 0.934975 0.936681 0.936681 
0.000000 1.293427 1.098507 1.276743 0.687484 1.124833 1.936528 1.087550 0.975764 0.975764 
0.000000 1.293427 1.193401 0.624113 1.174535 1.204023 1.635734 1.191838 0.901901 0.901901 
0.000000 1.293427 1.252537 0.672599 1.093163 1.178771 1.611881 1.223853 0.886111 0.886111 
0.000000 1.293427 0.800425 0.681334 1.423748 0.795503 1.960050 0.791852 1.049330 1.049330 
0.000000 1.293427 0.822288 1.172014 0.925644 0.651279 1.810510 0.842663 1.063398 1.063398 
0.000000 1.293427 0.593371 1.173454 1.039522 0.579463 2.212046 0.594102 1.103714 1.103714 
0.000000 1.293427 1.006319 1.061420 1.210000 0.983450 2.015031 1.000380 1.134392 1.134392 
0.000000 1.293427 1.522666 0.309186 1.459766 1.696207 1.627538 1.572849 0.907143 0.907143 
0.000000 1.293427 1.364329 1.250782 0.885597 1.313027 2.050857 1.374638 1.064983 1.064983 
0.000000 1.293427 0.968270 1.254794 0.460918 1.004160 1.637414 0.936424 0.866459 0.866459 
0.000000 1.293427 0.879007 1.232351 0.753956 0.874003 2.019986 0.882200 0.979256 0.979256 
0.000000 1.293427 0.894891 1.211290 0.787683 0.968405 1.901673 0.881782 0.984455 0.984455 
0.000000 1.293427 1.014581 0.899516 1.223903 0.920951 2.065571 1.001910 1.062960 1.062960 
0.000000 1.293427 0.676792 1.760195 0.450399 0.632501 2.220508 0.748715 1.051412 1.051412 
0.000000 1.293427 1.220333 0.708746 1.345384 1.159873 2.023371 1.203776 1.033481 1.033481 
0.000000 1.293427 1.015023 0.609783 1.724083 1.088330 2.223692 1.022059 1.178604 1.178604 
0.000000 1.293427 0.800923 1.506268 0.526189 0.816293 2.024605 0.787739 0.996376 0.996376 
0.000000 1.293427 0.982453 1.701318 0.326654 0.948517 2.038890 1.046242 0.984481 0.984481 
0.000000 1.293427 1.003672 0.872780 1.027233 0.924212 1.743141 0.999174 0.947779 0.947779 
0.000000 1.293427 1.040615 0.282904 1.605083 1.002345 1.774353 1.032397 0.949773 0.949773 
0.000000 1.293427 1.131062 1.215988 0.581628 1.184814 1.848713 1.100294 0.868410 0.868410 
0.000000 1.293427 1.209852 1.568693 0.635221 1.178095 2.219089 1.214839 1.058433 1.058433 
0.000000 1.293427 0.992040 1.411419 0.701794 0.902620 1.960280 1.042432 1.084090 1.084090 
0.000000 1.293427 0.971392 1.818628 0.374951 0.987391 2.216291 0.935045 1.048256 1.048256 
0.000000 1.293427 0.933482 1.139255 1.215634 1.020744 2.184854 0.935881 1.177498 1.177498 
0.000000 1.293427 1.192947 1.495663 0.471887 1.225819 1.852938 1.168283 1.021735 1.021735 
0.000000 1.293427 0.777729 2.035543 0.335701 0.817191 2.348559 0.702047 1.167170 1.167170 
0.000000 1.293427 1.111016 1.109129 0.913167 1.104366 1.877775 1.110012 1.014062 1.014062 
0.000000 1.293427 1.097345 1.498555 -0.131157 1.096134 1.407675 1.110376 0.782961 0.782961 
0.000000 1.293427 1.005443 0.567087 1.364068 0.837813 1.675120 0.943095 0.947820 0.947820 
0.000000 1.293427 0.955080 1.115267 1.031500 0.951710 2.146245 0.955513 1.071573 1.071573 
0.000000 1.293427 0.939053 1.434754 0.402655 0.914690 1.800376 0.970239 0.931374 0.931374 
0.000000 1.293427 0.997752 0.445153 1.450997 1.126070 1.879966 1.042381 0.963262 0.963262 
0.000000 1.293427 1.376049 0.474184 1.333229 1.218268 1.854806 1.327442 0.923504 0.923504 
0.000000 1.293427 0.907498 1.327080 0.687308 0.906900 1.870259 0.909806 1.021407 1.021407 
0.000000 1.293427 0.697353 0.951298 0.874420 0.798799 1.743911 0.692687 0.913180 0.913180 
0.000000 1.293427 1.329785 1.119517 0.856360 1.314466 1.791721 1.326517 0.995748 0.995748 
0.000000 1.293427 0.791685 0.780041 1.278030 0.949006 1.992633 0.821960 1.035043 1.035043 
0.000000 1.293427 1.067761 1.558789 0.255145 1.025306 1.731577 1.185151 0.999313 0.999313 
0.000000 1.293427 1.340119 1.054254 1.172875 1.364779 2.132312 1.343748 1.115621 1.115621 
0.000000 1.293427 1.435765 1.233262 0.918491 1.402097 2.023597 1.441421 1.079047 1.079047 
0.000000 1.293427 1.198870 1.105640 0.743310 1.211025 1.785703 1.194202 0.925452 0.925452 
0.000000 1.293427 0.894822 1.074108 0.833961 0.838680 1.997340 0.907008 0.939732 0.939732 
0.000000 1.293427 0.835718 0.560232 1.285740 0.898408 1.623544 0.866349 0.914675 0.914675 
0.000000 1.293427 0.971216 0.898462 1.253370 0.922071 1.938820 0.964477 1.069897 1.069897 
0.000000 1.293427 1.118080 1.206495 0.940990 1.153349 1.912708 1.113063 1.084706 1.084706 
0.000000 1.293427 1.096835 1.631403 0.612468 1.203781 2.208641 1.026949 1.099201 1.099201 
0.000000 1.293427 0.874721 1.204815 0.835971 0.849216 1.799209 0.869495 1.020264 1.020264 
0.000000 1.293427 1.102252 1.149028 0.784980 1.003546 1.998683 1.127683 0.953739 0.953739 
0.000000 1.293427 1.117167 0.469893 1.634172 1.103763 1.646395 1.112416 0.997553 0.997553 
0.000000 1.293427 0.859995 0.616436 1.176616 0.861954 1.750748 0.860955 0.903181 0.903181 
0.000000 1.293427 0.896515 1.216247 0.851250 0.829373 1.976345 0.905503 1.030320 1.030320 
0.000000 1.293427 1.164181 0.370608 1.554205 1.352610 1.701835 1.253931 0.957607 0.957607 
0.000000 1.293427 1.113459 0.960431 1.315458 1.254555 2.239393 1.138316 1.154051 1.154051 
0.000000 1.293427 1.066476 1.742196 0.377189 1.086310 2.079800 1.048388 1.055830 1.055830 
0.000000 1.293427 1.080370 1.802818 0.625394 1.006894 2.416490 1.125322 1.189377 1.189377 
0.000000 1.293427 0.878043 1.238557 0.740262 0.791369 1.855189 0.910287 1.005120 1.005120 
0.000000 1.293427 0.922845 0.907650 1.363669 0.800903 2.100653 0.902473 1.132379 1.132379 
0.000000 1.293427 1.358999 1.170369 0.527686 1.356592 1.642719 1.361001 0.851804 0.851804 
0.000000 1.293427 1.213786 0.831989 1.031284 1.180555 1.889656 1.209181 0.940203 0.940203 
0.000000 1.293427 0.729943 1.664290 0.330255 0.700072 1.958754 0.772630 1.001204 1.001204 
0.000000 1.293427 1.435911 1.508795 0.376495 1.432936 1.873290 1.432975 0.940859 0.940859 
0.000000 1.293427 0.895080 1.080895 0.986834 1.029874 1.851412 0.889321 1.037073 1.037073 
0.000000 1.293427 0.840354 1.557112 0.505037 0.814108 2.097683 0.871830 0.994374 0.994374 
0.000000 1.293427 1.024564 0.928334 1.009341 0.980643 1.919333 1.024076 0.970753 0.970753 
0.000000 1.293427 1.062618 0.796939 1.361148 1.016937 2.064037 1.059401 1.082483 1.082483 
0.000000 1.293427 0.674865 0.604801 1.463976 0.666040 1.741307 0.672168 1.011412 1.011412 
0.000000 1.293427 0.994728 0.381279 1.582932 0.925588 1.694490 0.971695 0.972280 0.972280 
0.000000 1.293427 1.052425 1.445963 0.802535 0.982148 2.202826 1.077566 1.124203 1.124203 
0.000000 1.293427 1.129020 2.517388 -0.186156 1.113060 2.319663 1.051124 1.073871 1.073871 
0.000000 1.293427 0.900710 1.045674 1.094373 0.960334 2.021959 0.901315 1.070015 1.070015 
0.000000 1.293427 1.089743 1.309634 0.990663 1.163608 2.104164 1.077320 1.160299 1.160299 
0.000000 1.293427 0.690118 0.549337 1.614931 0.892846 1.908500 0.757762 1.072422 1.072422 
0.000000 1.293427 0.868492 -0.255117 2.180276 0.947217 1.848377 0.922942 0.981102 0.981102 
0.000000 1.293427 0.966968 1.327368 0.603442 0.920522 1.810050 1.002550 0.990903 0.990903 
0.000000 1.293427 1.466836 1.048591 0.479933 1.481923 1.488911 1.455187 0.766872 0.766872 
0.000000 1.293427 0.949859 0.756134 1.219235 0.962245 1.899900 0.957328 0.992667 0.992667 
0.000000 1.293427 0.877346 1.651425 0.253714 0.867249 1.855034 0.905621 0.992724 0.992724 
0.000000 1.293427 0.969658 0.644290 1.330143 0.842638 1.737751 0.937742 0.976825 0.976825 
0.000000 1.293427 1.046472 1.454644 0.453371 1.046151 1.897272 1.050982 0.941140 0.941140 
0.000000 1.293427 0.748447 0.733571 0.847416 0.774180 1.437401 0.748841 0.789577 0.789577 
0.000000 1.293427 1.170791 1.260977 0.601053 1.223360 1.750901 1.142001 0.955162 0.955162 
0.000000 1.293427 0.992505 1.152502 0.960997 1.145788 2.144401 0.976738 1.051868 1.051868 
0.000000 1.293427 1.017638 0.414163 1.796641 1.022198 1.986547 1.015579 1.093415 1.093415 
0.000000 1.293427 1.309166 1.842350 -0.064081 1.306690 1.784293 1.255926 0.908702 0.908702 
0.000000 1.293427 0.969385 0.539423 1.561167 1.130374 2.069798 1.011545 1.072771 1.072771 
0.000000 1.293427 1.140140 0.854756 1.366677 1.281936 1.926273 1.169809 1.091071 1.091071 
0.000000 1.293427 1.094281 0.610963 1.265299 1.096397 1.790717 1.100235 0.945010 0.945010 
0.000000 1.293427 0.614064 1.667784 0.399727 0.596067 1.998072 0.643393 1.073052 1.073052 
0.000000 1.293427 0.897680 1.399124 1.008048 0.930887 2.485369 0.893201 1.189887 1.189887 
0.000000 1.293427 0.572866 0.150120 1.913939 0.467752 1.949406 0.533363 1.030232 1.030232 
0.000000 1.293427 0.932095 1.260409 0.536260 0.943682 1.755524 0.925372 0.907843 0.907843 
0.000000 1.293427 1.026815 0.901503 1.106487 0.830383 2.013170 1.002285 1.009379 1.009379 
0.000000 1.293427 0.852764 0.680948 1.339466 0.882294 1.961260 0.872342 1.027093 1.027093 
0.000000 1.293427 0.878430 1.206997 1.221318 0.789658 2.319970 0.877913 1.214044 1.214044 
0.000000 1.293427 1.134111 1.329156 0.644354 1.006225 1.794774 1.194150 1.012095 1.012095 
0.000000 1.293427 0.863432 1.160060 0.807356 0.914657 1.924081 0.852166 0.981683 0.981683 
0.000000 1.293427 1.094415 0.517275 1.206933 1.204772 1.626379 1.125583 0.859957 0.859957 
0.000000 1.293427 1.013221 0.539741 1.278351 0.916495 1.792900 0.980765 0.918239 0.918239 
0.000000 1.293427 0.788168 1.712278 0.689984 0.735684 2.430059 0.830666 1.176471 1.176471 
0.000000 1.293427 0.941810 1.378703 0.930409 1.002124 2.206690 0.933729 1.147508 1.147508 
0.000000 1.293427 1.152872 1.161462 0.899378 1.227226 2.038094 1.142658 1.028834 1.028834 
0.000000 1.293427 0.979396 1.484381 0.624360 0.972107 2.037982 0.984671 1.064969 1.064969 
0.000000 1.293427 0.732844 0.488484 1.537472 0.686207 1.664830 0.698238 0.982784 0.982784 
0.000000 1.293427 1.157014 1.541146 0.448741 1.198424 1.917378 1.095533 1.028653 1.028653 
0.000000 1.293427 0.683154 1.390896 0.405234 0.663932 1.699057 0.742801 0.899114 0.899114 
0.000000 1.293427 1.124423 1.323352 0.687641 1.201911 1.914400 1.084316 1.019520 1.019520 
0.000000 1.293427 0.940160 0.953816 0.802967 1.077326 1.571028 0.926970 0.882248 0.882248 
0.000000 1.293427 1.183647 1.385191 0.943823 1.165776 2.275632 1.184060 1.161058 1.161058 
0.000000 1.293427 1.015119 1.202890 0.667747 0.879748 1.755468 1.071689 0.948515 0.948515 
0.000000 1.293427 0.883687 1.467369 0.493221 0.980013 1.908830 0.776310 0.971719 0.971719 
0.000000 1.293427 1.273939 0.251092 1.888261 1.100170 1.949748 1.206560 1.061586 1.061586 
0.000000 1.293427 0.802659 0.813276 1.172085 1.022356 1.679173 0.837276 0.979556 0.979556 
0.000000 1.293427 1.039833 0.306403 1.412956 0.979299 1.534551 1.011957 0.835014 0.835014 
0.000000 1.293427 1.040237 0.813855 1.209769 1.164286 1.897711 1.056482 1.015325 1.015325 
0.000000 1.293427 1.039461 -0.037245 1.706894 0.943885 1.586329 0.983430 0.893857 0.893857 
0.000000 2.603317 0.907452 1.243786 0.892508 0.935074 2.097950 0.900051 1.059174 1.059174 
0.000000 2.603317 0.866774 0.836571 1.424983 0.777041 1.990688 0.836506 1.117208 1.117208 
0.000000 2.603317 0.830028 0.436493 1.558516 0.904874 1.864361 0.845573 0.999039 0.999039 
0.000000 2.603317 0.963979 1.634554 0.238701 0.960851 1.861134 0.959381 0.911931 0.911931 
0.000000 2.603317 1.097715 1.209678 0.942577 1.248778 2.141082 1.073876 1.070809 1.070809 
0.000000 2.603317 1.025527 1.174313 0.374761 1.033607 1.484881 1.019381 0.796979 0.796979 
0.000000 2.603317 1.323740 1.449267 0.576124 1.410123 1.983137 1.276707 0.993947 0.993947 
0.000000 2.603317 0.905826 0.281004 1.734884 1.085891 1.840247 0.979190 1.004974 1.004974 
0.000000 2.603317 0.866143 1.038641 0.514207 0.866414 1.446758 0.868137 0.789689 0.789689 
0.000000 2.603317 1.077239 0.414090 1.185864 1.004843 1.418270 1.058578 0.781142 0.781142 
0.000000 2.603317 0.893095 0.845849 1.431405 1.014162 2.199814 0.913734 1.149907 1.149907 
0.000000 2.603317 0.894343 0.676538 1.478615 0.870305 2.035345 0.881859 1.070955 1.070955 
0.000000 2.603317 0.991468 0.852385 1.267295 1.093297 1.763244 1.005393 1.037546 1.037546 
0.000000 2.603317 1.350744 1.284486 0.823670 1.386988 2.145444 1.342141 1.039476 1.039476 
0.000000 2.603317 0.954740 0.469061 1.606534 0.958883 2.109996 0.960603 1.072147 1.072147 
0.000000 2.603317 0.913734 0.244400 1.622882 0.938282 1.687940 0.923459 0.905254 0.905254 
0.000000 2.603317 0.817090 1.633865 0.238258 0.793211 1.815433 0.888788 0.973958 0.973958 
0.000000 2.603317 0.681044 1.593527 0.878622 0.816421 2.383241 0.646421 1.230147 1.230147 
0.000000 2.603317 1.109524 1.421845 0.520012 1.161495 1.841995 1.061230 0.982865 0.982865 
0.000000 2.603317 1.223047 1.456308 0.340020 1.260655 1.717849 1.140425 0.920427 0.920427 
0.000000 2.603317 1.081545 0.833966 1.302373 1.147552 2.061991 1.096565 1.074776 1.074776 
0.000000 2.603317 1.076130 0.681678 1.498105 1.368247 2.266873 1.146011 1.114585 1.114585 
0.000000 2.603317 1.180219 1.235870 0.556685 1.196033 1.716355 1.170796 0.903531 0.903531 
0.000000 2.603317 1.219374 1.149997 0.891273 1.085814 1.875201 1.239679 1.026167 1.026167 
0.000000 2.603317 0.940441 1.615695 0.539581 0.943828 2.137342 0.924957 1.062312 1.062312 
0.000000 2.603317 1.205089 0.876359 0.955085 1.245386 1.702155 1.206434 0.913974 0.913974 
0.000000 2.603317 1.173973 1.122225 0.670717 1.138244 1.817232 1.186237 0.886926 0.886926 
0.000000 2.603317 0.878354 1.772047 0.171513 0.874107 1.927173 0.909658 0.964529 0.964529 
0.000000 2.603317 0.773589 0.562998 1.359040 0.851951 1.803079 0.807494 0.961229 0.961229 
0.000000 2.603317 0.941833 0.950607 1.329740 0.997507 2.180767 0.949864 1.142823 1.142823 
0.000000 2.603317 0.827048 1.292120 0.594496 0.772704 1.852345 0.855824 0.932422 0.932422 
0.000000 2.603317 0.934491 1.389394 0.875495 0.994446 2.210037 0.918012 1.125882 1.125882 
0.000000 2.603317 1.107725 1.015067 0.899391 1.213845 1.787320 1.101907 0.956969 0.956969 
0.000000 2.603317 0.593767 0.965202 0.587555 0.540004 1.452707 0.597845 0.769748 0.769748 
0.000000 2.603317 0.746900 1.568150 0.801493 0.725872 2.269795 0.755593 1.196335 1.196335 
0.000000 2.603317 0.956304 1.373282 0.764746 0.962126 2.099995 0.950316 1.064140 1.064140 
0.000000 2.603317 0.963004 -0.385657 1.990470 0.952160 1.366228 0.966542 0.863862 0.863862 
0.000000 2.603317 0.873157 0.803617 1.093243 0.885940 1.919327 0.877019 0.956768 0.956768 
0.000000 2.603317 0.840781 1.130993 0.538267 0.941948 1.703041 0.789463 0.817332 0.817332 
0.000000 2.603317 1.267516 1.136406 1.082379 1.346215 2.146010 1.263092 1.108680 1.108680 
0.000000 2.603317 0.812080 0.694759 1.411626 1.128837 1.923389 0.889894 1.043771 1.043771 
0.000000 2.603317 0.759847 0.398696 1.151308 0.782239 1.406995 0.783299 0.804857 0.804857 
0.000000 2.603317 0.981327 1.068444 0.879443 0.865247 1.972717 0.993264 0.970052 0.970052 
0.000000 2.603317 1.019116 1.040383 0.336192 1.015665 1.310633 1.023413 0.707186 0.707186 
0.000000 2.603317 1.231685 0.735923 1.598398 1.204849 2.155488 1.223341 1.168602 1.168602 
0.000000 2.603317 1.084698 0.254468 1.783740 1.248606 1.854665 1.137572 1.031561 1.031561 
0.000000 2.603317 0.788726 1.090932 1.025589 0.737538 1.944414 0.790638 1.059510 1.059510 
0.000000 2.603317 0.888828 1.336627 0.651174 0.860479 1.851939 0.895049 1.003488 1.003488 
0.000000 2.603317 1.090832 0.549159 1.228358 1.000489 1.625342 1.065507 0.889145 0.889145 
0.000000 2.603317 1.140255 0.591321 1.072587 1.158088 1.458442 1.147772 0.820126 0.820126 
0.000000 2.603317 0.877171 1.169768 0.971328 0.905367 2.059223 0.875657 1.067587 1.067587 
0.000000 2.603317 1.233482 1.068769 0.819481 1.297715 1.769905 1.221394 0.943833 0.943833 
0.000000 2.603317 0.860001 0.915062 1.162067 1.004178 1.862185 0.872190 1.035591 1.035591 
0.000000 2.603317 1.023084 1.406958 0.674493 1.032835 2.056557 1.018364 1.036979 1.036979 
0.000000 2.603317 1.087757 1.309680 0.722896 1.024457 1.943172 1.112891 1.012685 1.012685 
0.000000 2.603317 0.829056 1.472355 0.325147 0.821836 1.741476 0.842392 0.921916 0.921916 
0.000000 2.603317 1.227862 1.811458 0.155718 1.233968 1.963186 1.193450 0.961526 0.961526 
0.000000 2.603317 0.691961 1.169156 1.086678 0.656359 2.186057 0.693052 1.126927 1.126927 
0.000000 2.603317 0.905331 0.759456 0.989819 0.865752 1.530584 0.901227 0.867448 0.867448 
0.000000 2.603317 1.010668 1.790043 0.524136 0.991672 2.307645 1.052657 1.111148 1.111148 
0.000000 2.603317 0.868011 0.849620 1.174467 0.722189 1.946389 0.848624 1.013439 1.013439 
0.000000 2.603317 1.230677 0.984483 0.979682 1.312412 2.006012 1.230519 0.981919 0.981919 
0.000000 2.603317 1.082892 1.008184 0.924064 1.193011 1.885044 1.078923 0.964581 0.964581 
0.000000 2.603317 0.705804 1.689278 0.070208 0.704810 1.743342 0.621962 0.845846 0.845846 
0.000000 2.603317 0.927661 1.938307 -0.120010 0.921220 1.846107 0.900062 0.985304 0.985304 
0.000000 2.603317 0.839496 0.964731 0.926911 0.945144 1.764829 0.837265 0.946492 0.946492 
0.000000 2.603317 1.224976 1.883788 0.065131 1.226500 1.943999 1.188848 0.960665 0.960665 
0.000000 2.603317 1.251568 0.846555 1.061942 1.416207 1.850986 1.268805 0.955714 0.955714 
0.000000 2.603317 0.819425 0.383325 1.548211 0.839929 2.096481 0.818720 1.022093 1.022093 
0.000000 2.603317 0.991314 1.772730 0.521391 1.000348 2.308610 0.956081 1.083617 1.083617 
0.000000 2.603317 1.137383 1.334131 0.648657 1.202974 1.908513 1.101448 1.005374 1.005374 
0.000000 2.603317 1.200399 0.787056 1.014012 1.270182 1.581378 1.205633 0.896281 0.896281 
0.000000 2.603317 1.079378 0.959483 1.434454 1.016259 2.153614 1.066918 1.190236 1.190236 
0.000000 2.603317 0.914764 0.815418 1.046357 1.035426 1.667149 0.926654 0.928351 0.928351 
0.000000 2.603317 1.173205 1.058692 1.037210 1.023185 1.888361 1.174717 1.048459 1.048459 
0.000000 2.603317 0.985992 0.834370 1.310130 0.961966 1.976804 0.982269 1.059112 1.059112 
0.000000 2.603317 0.848799 -0.187426 2.228936 1.101081 1.678447 0.997796 0.937697 0.937697 
0.000000 2.603317 0.703709 0.499007 1.203266 0.927062 1.580367 0.785986 0.859274 0.859274 
0.000000 2.603317 0.777170 0.710304 1.445238 0.726929 2.100621 0.771684 1.090365 1.090365 
0.000000 2.603317 1.057218 0.720271 1.314453 1.051424 1.898764 1.069378 1.023345 1.023345 
0.000000 2.603317 1.048097 1.153600 0.884260 0.966943 2.062809 1.058924 1.014445 1.014445 
0.000000 2.603317 0.910710 1.416681 0.673113 0.899257 1.992882 0.919782 1.058441 1.058441 
0.000000 2.603317 0.858077 1.391827 0.547351 0.874269 1.907010 0.830735 0.961199 0.961199 
0.000000 2.603317 1.093173 0.746763 1.171200 1.248885 1.761693 1.119148 0.952598 0.952598 
0.000000 2.603317 0.958427 0.980256 0.760673 0.971175 1.647854 0.956133 0.872734 0.872734 
0.000000 2.603317 1.047798 0.748000 1.325695 0.980385 1.938791 1.030288 1.033781 1.033781 
0.000000 2.603317 1.056669 0.798754 1.411973 1.034370 2.102884 1.049763 1.105917 1.105917 
0.000000 2.603317 0.930444 1.292206 0.412626 0.958848 1.685693 0.902906 0.843864 0.843864 
0.000000 2.603317 0.710731 1.167651 1.073283 0.740876 2.170094 0.710168 1.119082 1.119082 
0.000000 2.603317 1.326014 0.318312 1.764545 1.313705 1.567073 1.339582 0.984439 0.984439 
0.000000 2.603317 1.128053 1.041046 1.099849 1.069769 1.930250 1.126830 1.069733 1.069733 
0.000000 2.603317 0.848268 0.924860 1.157097 0.862570 2.035651 0.852912 1.045549 1.045549 
0.000000 2.603317 1.291446 0.557885 0.934094 1.258382 1.358441 1.281189 0.737621 0.737621 
0.000000 2.603317 1.151694 0.789075 1.251807 1.198427 2.051958 1.165190 1.035402 1.035402 
0.000000 2.603317 1.093658 1.111750 0.938129 0.981343 1.865437 1.103637 1.027632 1.027632 
0.000000 2.603317 1.153812 0.579671 1.164258 1.270894 1.569698 1.183219 0.860706 0.860706 
0.000000 2.603317 0.875031 0.428634 1.289594 0.959148 1.433947 0.899612 0.831405 0.831405 
0.000000 2.603317 1.261804 0.906447 1.136793 1.324472 2.061996 1.266757 1.026559 1.026559 
0.000000 2.603317 1.289405 1.121319 0.774759 1.228168 1.773071 1.302180 0.958271 0.958271 
0.000000 2.603317 1.097609 0.206496 2.154350 0.972390 2.030526 1.061113 1.162207 1.162207 
0.000000 2.603317 0.990679 0.540630 1.176417 0.978075 1.430483 0.984446 0.840731 0.840731 
0.000000 2.603317 1.098200 1.592186 0.222176 1.117127 1.798205 1.032060 0.894685 0.894685 
0.000000 2.603317 0.975187 1.374453 0.714591 0.953687 2.052555 0.984487 1.043183 1.043183 
0.000000 2.603317 0.686282 0.948232 1.027139 0.828745 1.973628 0.691734 0.989947 0.989947 
0.000000 2.603317 1.251285 1.310119 1.244447 1.371854 2.036611 1.249782 1.280881 1.280881 
0.000000 2.603317 0.689438 1.108652 0.621939 0.650366 1.753119 0.701037 0.854024 0.854024 
0.000000 2.603317 0.973192 1.029193 0.855699 1.027732 1.754735 0.965414 0.943476 0.943476 
0.000000 2.603317 0.811157 0.776369 1.143049 0.945188 1.867765 0.830054 0.963254 0.963254 
0.000000 2.603317 1.235123 0.789435 1.229554 1.055681 1.894285 1.202343 1.008452 1.008452 
0.000000 2.603317 1.063722 1.039970 1.035150 0.977109 1.936104 1.063910 1.037528 1.037528 
0.000000 2.603317 0.953260 0.422945 1.549127 0.855721 1.912761 0.926323 1.000051 1.000051 
0.000000 2.603317 0.847454 1.104558 0.842300 0.793458 1.902159 0.855857 0.969122 0.969122 
0.000000 2.603317 0.875316 0.083860 1.822093 1.109084 1.813767 0.988496 0.953669 0.953669 
0.000000 2.603317 0.816220 1.438015 0.684049 0.770844 2.095287 0.831263 1.033899 1.033899 
0.000000 2.603317 0.863074 1.247687 0.752280 0.928359 1.907889 0.839717 1.007507 1.007507 
0.000000 2.603317 0.949940 0.843969 1.450008 1.029159 1.945126 0.968575 1.123514 1.123514 
0.000000 2.603317 0.807668 1.363514 0.844502 0.913288 2.239876 0.776170 1.092705 1.092705 
0.000000 2.603317 1.122602 0.516089 1.523283 1.185428 1.789289 1.136661 1.003930 1.003930 
0.000000 2.603317 0.706834 0.677200 0.914730 0.732414 1.454930 0.711500 0.795174 0.795174 
0.000000 2.603317 1.187474 0.451308 1.267110 1.030838 1.631657 1.140339 0.871741 0.871741 
0.000000 2.603317 1.267058 1.484450 0.624002 1.299002 2.111454 1.244324 1.035378 1.035378 
0.000000 2.603317 1.044378 1.068549 1.250883 1.151961 2.159909 1.054255 1.161216 1.161216 
0.000000 2.603317 1.190959 1.600858 0.342677 1.203288 1.895109 1.166581 0.997002 0.997002 
0.000000 2.603317 1.053287 0.833774 1.493337 1.206400 2.144139 1.086719 1.162577 1.162577 
0.000000 2.603317 1.141693 1.415989 0.754257 1.103431 2.043030 1.155348 1.097811 1.097811 
0.000000 2.603317 0.801605 1.037844 0.839941 0.841167 1.816557 0.797743 0.936586 0.936586 
0.000000 2.603317 1.192925 0.408167 1.553257 1.136672 1.818579 1.181632 0.974802 0.974802 
0.000000 2.603317 1.123237 0.596910 1.279564 1.064377 1.792831 1.117681 0.948965 0.948965 
0.000000 2.603317 1.024740 1.422929 0.705958 0.954542 2.054130 1.059415 1.063392 1.063392 
0.000000 2.603317 1.278589 1.057044 0.762723 1.277198 1.747243 1.286511 0.904596 0.904596 
0.000000 2.603317 1.003233 0.920211 0.813739 0.960764 1.582032 1.006166 0.869797 0.869797 
0.000000 2.603317 0.676342 0.926475 0.934216 0.690949 1.911128 0.676387 0.930589 0.930589 
0.000000 2.603317 1.054111 1.730393 0.258537 1.042844 1.959544 1.078252 1.005140 1.005140 
0.000000 2.603317 0.984692 1.118431 0.997342 0.984414 2.015505 0.985420 1.056923 1.056923 
0.000000 2.603317 0.942301 0.022007 2.030219 0.795302 1.715469 0.897607 0.992568 0.992568 
0.000000 2.603317 1.185568 1.047428 1.069778 1.201040 2.089799 1.185712 1.059164 1.059164 
0.000000 2.603317 1.035379 0.361127 1.509457 1.105741 1.835771 1.056582 0.952184 0.952184 
0.000000 2.603317 1.124535 0.823839 0.980342 1.087222 1.706356 1.120634 0.901218 0.901218 
0.000000 2.603317 1.052062 1.031763 1.257688 0.924647 2.074518 1.041327 1.140810 1.140810 
0.000000 2.603317 0.929540 1.203296 0.531524 0.929486 1.599724 0.927374 0.890517 0.890517 
0.000000 2.603317 1.063413 -0.030463 2.066710 0.990551 1.963579 1.014968 1.022395 1.022395 
0.000000 2.603317 0.940786 1.524891 0.492420 0.965196 1.947440 0.906640 1.023146 1.023146 
0.000000 2.603317 1.079175 0.945271 1.130312 1.143046 1.930977 1.082832 1.035684 1.035684 
0.000000 2.603317 1.074081 0.940198 0.940386 0.903839 1.830308 1.074065 0.940293 0.940293 
0.000000 2.603317 0.919099 1.011997 0.814064 0.964535 1.727143 0.913234 0.915481 0.915481 
0.000000 2.603317 0.892183 0.545663 1.557231 0.904471 1.696761 0.884044 1.013609 1.013609 
0.000000 2.603317 1.083885 0.878551 1.015621 1.186947 1.903557 1.089764 0.950017 0.950017 
0.000000 2.603317 1.425724 1.050042 0.635106 1.401420 1.613557 1.435795 0.844758 0.844758 
0.000000 2.603317 0.668491 0.313471 1.958544 0.711499 2.152309 0.669299 1.151635 1.151635 
0.000000 2.603317 1.205464 1.272707 0.848576 1.263388 1.863780 1.186426 1.071662 1.071662 
0.000000 2.603317 0.668899 0.830486 1.277253 0.593554 1.878611 0.655595 1.040256 1.040256 
0.000000 2.603317 1.026994 1.377575 0.685245 0.970507 2.042542 1.063354 1.021313 1.021313 
0.000000 2.603317 0.648678 1.029965 1.026331 0.514178 1.929167 0.648725 1.028101 1.028101 
0.000000 2.603317 1.004959 1.806477 0.381065 1.075994 2.166710 0.876302 1.075996 1.075996 
0.000000 2.603317 1.098433 0.634388 0.877517 1.165405 1.453953 1.107947 0.758185 0.758185 
0.000000 2.603317 1.125782 1.503469 0.404374 1.115994 1.848754 1.143104 0.973699 0.973699 
0.000000 2.603317 0.842550 0.633951 1.586377 0.827180 1.966441 0.839699 1.096595 1.096595 
0.000000 2.603317 0.886105 0.696001 1.094156 0.883186 1.668750 0.885248 0.890984 0.890984 
0.000000 2.603317 1.234453 1.809524 0.516851 1.227038 2.279141 1.223422 1.154665 1.154665 
0.000000 2.603317 0.660875 1.052551 1.074908 0.561258 1.927858 0.659481 1.063351 1.063351 
0.000000 2.603317 0.976889 1.146173 0.726483 0.983461 1.834917 0.973134 0.934977 0.934977 
0.000000 2.603317 1.289990 1.025544 1.528035 1.288803 2.373198 1.290479 1.274104 1.274104 
0.000000 2.603317 0.553584 1.006183 1.097589 0.548491 1.952616 0.552129 1.051504 1.051504 
0.000000 2.603317 1.012406 0.437057 1.400629 1.016100 1.733195 1.010489 0.946819 0.946819 
0.000000 2.603317 1.124295 0.859408 1.014073 1.080905 1.754321 1.121593 0.938802 0.938802 
0.000000 2.603317 1.012496 0.563060 1.561881 1.148554 2.299990 1.062287 1.109154 1.109154 
0.000000 2.603317 1.031787 0.782735 1.591207 1.068726 2.174729 1.041913 1.171151 1.171151 
0.000000 2.603317 1.036386 0.454551 1.464016 0.965013 2.026274 1.011481 0.999482 0.999482 
0.000000 2.603317 1.245482 -0.042225 2.065402 1.107302 1.651624 1.187559 0.957073 0.957073 
0.000000 2.603317 0.902973 1.233581 0.913426 0.858409 2.103876 0.902592 1.062528 1.062528 
0.000000 2.603317 0.985974 0.717147 1.466651 0.816600 2.069573 0.944591 1.089751 1.089751 
0.000000 2.603317 1.381969 0.805552 1.150869 1.382750 1.818226 1.385401 0.972239 0.972239 
0.000000 2.603317 1.140228 1.225161 0.636425 1.096783 1.789691 1.159843 0.934930 0.934930 
0.000000 2.603317 0.910378 0.800883 1.198274 0.814409 1.851301 0.887296 0.996830 0.996830 
0.000000 2.603317 0.456412 1.040092 0.960209 0.457846 1.856072 0.455756 1.001358 1.001358 
0.000000 2.603317 1.160471 1.284567 0.813846 1.038972 2.062764 1.199645 1.041994 1.041994 
0.000000 2.603317 1.183632 0.862602 1.231931 1.278635 1.964576 1.197955 1.043253 1.043253 
0.000000 2.603317 0.711099 0.927929 1.075025 0.729468 1.825337 0.712799 0.997077 0.997077 
0.000000 2.603317 1.214055 0.552473 1.226574 1.205086 1.633041 1.213635 0.901011 0.901011 
0.000000 2.603317 1.059504 1.448823 0.522310 1.043461 1.893434 1.085807 1.001695 1.001695 
0.000000 2.603317 1.179942 0.607541 1.272202 1.231745 1.925569 1.195478 0.953598 0.953598 
0.000000 2.603317 0.719070 0.542367 1.361849 0.725965 1.755627 0.734008 0.959555 0.959555 
0.000000 2.603317 1.362179 1.342209 0.842276 1.382766 2.116800 1.350452 1.089762 1.089762 
0.000000 2.603317 0.959285 1.201740 0.842717 0.877791 1.936795 0.982619 1.022398 1.022398 
0.000000 2.603317 0.982428 0.379463 1.070217 1.110786 1.380987 1.040211 0.735345 0.735345 
0.000000 2.603317 1.118460 1.639653 0.336122 1.134663 1.976985 1.074761 0.956454 0.956454 
0.000000 2.603317 0.883606 0.576741 1.514494 0.927087 2.068424 0.894268 1.069806 1.069806 
0.000000 2.603317 1.024690 0.639439 1.522300 1.006448 2.170779 1.015943 1.103492 1.103492 
0.000000 2.603317 1.224848 0.952557 1.356357 1.186481 1.982884 1.218501 1.134956 1.134956 
0.000000 2.603317 0.740004 1.355412 0.608603 0.674001 1.902391 0.778756 0.983733 0.983733 
0.000000 2.603317 0.964291 0.558424 0.964057 1.088030 1.422859 0.980376 0.765199 0.765199 
0.000000 2.603317 0.841123 0.951665 0.600344 0.891496 1.355515 0.828406 0.794340 0.794340 
0.000000 2.603317 0.982648 0.939537 1.039470 0.982813 1.999721 0.982070 0.991447 0.991447 
0.000000 2.603317 0.939957 0.867539 1.180426 1.019088 1.982107 0.950149 1.025734 1.025734 
0.000000 2.603317 0.816641 0.392695 1.631111 1.026767 2.038181 0.919732 1.043076 1.043076 
0.000000 2.603317 0.587074 1.377247 0.984336 0.560295 2.496382 0.593615 1.155111 1.155111 
0.000000 2.603317 1.211350 1.171274 0.875099 1.233755 2.110960 1.206378 1.011463 1.011463 
0.000000 2.603317 0.677355 1.876176 0.005276 0.676618 1.880674 0.813465 0.971890 0.971890 
0.000000 2.603317 0.986919 1.274809 0.666959 1.013518 1.904933 0.973451 0.975414 0.975414 
0.000000 2.603317 1.224981 0.664294 1.466773 1.129693 1.811843 1.197797 1.038317 1.038317 
0.000000 2.603317 1.046710 1.213814 0.854650 1.052303 1.970038 1.047239 1.037541 1.037541 
0.000000 2.603317 0.997265 0.499701 1.378781 1.066725 1.747952 1.019351 0.937440 0.937440 
0.000000 2.603317 0.861594 1.471521 0.852962 0.894828 2.236011 0.846736 1.169241 1.169241 
0.000000 2.603317 1.110248 0.633709 1.269632 1.009986 1.927396 1.095622 0.979498 0.979498 
0.000000 2.603317 0.876200 1.166403 0.876380 0.934763 1.924844 0.866108 1.025028 1.025028 
0.000000 2.603317 0.693900 0.627070 1.371411 0.622665 1.841716 0.679167 0.999618 0.999618 
0.000000 2.603317 0.991643 0.911715 1.051801 0.927787 1.736585 0.988941 0.979323 0.979323 
0.000000 2.603317 1.003517 0.506828 1.594792 1.022460 1.835223 1.019144 1.024999 1.024999 
0.000000 2.603317 0.773560 0.821462 1.393071 0.720950 1.837480 0.766832 1.075890 1.075890 
0.000000 2.603317 0.981212 0.578375 1.376676 1.150945 1.808850 1.031302 0.966900 0.966900 
0.000000 2.603317 0.951939 -0.110443 2.211844 0.885060 2.160381 0.914310 1.098404 1.098404 
0.000000 2.603317 1.042659 0.825483 0.929840 1.031383 1.503928 1.041771 0.874980 0.874980 
0.000000 2.603317 1.341703 1.411172 0.762223 1.364726 2.110215 1.337051 1.088167 1.088167 
0.000000 2.603317 0.953443 1.644877 0.567852 1.019825 2.211096 0.889622 1.089713 1.089713 
0.000000 2.603317 0.723985 0.745853 0.961018 0.526937 1.733655 0.704319 0.861882 0.861882 
0.000000 2.603317 0.695615 1.157026 0.693842 0.788262 1.743882 0.671061 0.927341 0.927341 
0.000000 2.603317 0.869515 0.649172 1.062912 1.007925 1.577231 0.898828 0.851594 0.851594 
0.000000 2.603317 0.841384 1.221954 1.001804 0.813840 2.045698 0.850981 1.111825 1.111825 
0.000000 2.603317 0.705501 0.819388 1.059161 0.609645 1.951872 0.695283 0.947794 0.947794 
0.000000 2.603317 0.845298 0.254623 1.881718 0.936306 2.151738 0.891624 1.107246 1.107246 
0.000000 2.603317 1.128740 0.972145 0.788770 1.086364 1.762594 1.134012 0.875913 0.875913 
0.000000 2.603317 0.902142 0.837619 1.166178 0.834021 1.842661 0.889557 0.996655 0.996655 
0.000000 2.603317 1.051377 1.910459 0.270189 1.070871 2.149034 0.993680 1.089207 1.089207 
0.000000 2.603317 0.733819 0.760606 1.130998 0.714173 1.929777 0.731300 0.961531 0.961531 
0.000000 2.603317 1.027761 0.439207 1.515948 0.975288 1.853487 1.002494 0.994666 0.994666 
0.000000 2.603317 1.011698 1.121608 0.874821 0.953692 1.834049 1.020109 1.003196 1.003196 
0.000000 2.603317 0.883798 0.671614 1.618156 0.931363 1.959587 0.901968 1.111403 1.111403 
0.000000 2.603317 1.003819 0.834597 0.926894 0.929707 1.671978 0.999172 0.880890 0.880890 
0.000000 2.603317 0.861499 1.068039 0.818175 0.864497 1.843305 0.860018 0.940617 0.940617 
0.000000 2.603317 0.968020 0.109515 1.941337 0.962128 1.642545 1.002436 1.012062 1.012062 
0.000000 2.603317 0.868933 0.972100 0.953789 0.828461 1.938623 0.869289 0.962296 0.962296 
0.000000 2.603317 0.790210 1.003982 0.929638 0.754106 1.813352 0.791107 0.967332 0.967332 
0.000000 2.603317 1.040250 1.255173 0.763395 0.936066 1.986298 1.068260 1.004466 1.004466 
0.000000 2.603317 1.144892 1.267865 0.641324 1.079407 1.875699 1.176023 0.953149 0.953149 
0.000000 2.603317 1.077821 1.504372 0.558604 1.119963 2.040896 1.023712 1.017765 1.017765 
0.000000 2.603317 0.977995 1.325810 0.661379 0.934679 1.949357 0.995900 0.983934 0.983934 
0.000000 2.603317 0.881138 1.260628 0.966860 0.855624 2.015375 0.882300 1.120772 1.120772 
0.000000 2.603317 0.757093 0.664361 1.458677 0.701321 1.932538 0.743262 1.074873 1.074873 
0.000000 2.603317 1.191182 0.834009 0.995449 1.200212 1.692041 1.193929 0.913706 0.913706 
0.000000 2.603317 1.354685 0.435563 1.529087 1.381307 1.840667 1.377887 0.991171 0.991171 
0.000000 2.603317 1.049498 1.195444 0.890485 0.981958 2.011826 1.048092 1.035436 1.035436 
0.000000 2.603317 1.056851 1.001096 0.854938 1.124250 1.767181 1.052238 0.928275 0.928275 
0.000000 2.603317 0.943993 1.109036 0.789067 0.976400 1.758356 0.937044 0.949997 0.949997 
0.000000 2.603317 1.072419 0.936858 0.984102 0.956651 1.687117 1.069802 0.958722 0.958722 
0.000000 2.603317 0.937304 1.301646 0.610513 0.877474 1.834417 0.974612 0.963518 0.963518 
0.000000 2.603317 0.718761 0.877684 1.153094 0.596152 2.079153 0.704735 1.024927 1.024927 
0.000000 2.603317 1.018367 0.841178 1.518264 0.785214 2.331713 0.966294 1.189499 1.189499 
0.000000 2.603317 1.006587 0.379152 1.372781 0.933360 1.497256 0.978219 0.869333 0.869333 
0.000000 2.603317 1.023616 1.206202 0.833014 0.962569 1.919844 1.038576 1.023984 1.023984 
0.000000 2.603317 0.846440 0.710483 0.976267 0.806262 1.623826 0.842518 0.845187 0.845187 
0.000000 2.603317 0.955676 0.775709 1.195663 0.909962 1.871814 0.947053 0.985659 0.985659 
0.000000 2.603317 0.867587 1.353424 0.697183 0.819861 1.870600 0.900728 1.039227 1.039227 
0.000000 2.603317 1.263680 1.114516 0.846320 1.273961 2.028914 1.263523 0.971590 0.971590 
0.000000 2.603317 1.168614 1.401920 0.552306 1.166302 1.988287 1.165243 0.949589 0.949589 
0.000000 2.603317 0.770064 1.058674 0.907179 0.730843 2.010899 0.773392 0.978092 0.978092 
0.000000 2.603317 1.364985 0.774043 1.125226 1.464764 1.846750 1.375621 0.953963 0.953963 
0.000000 2.603317 1.045739 0.491431 1.359283 1.007442 1.712253 1.035133 0.927046 0.927046 
0.000000 2.603317 0.612809 1.455771 0.204014 0.611015 1.636803 0.631243 0.838318 0.838318 
0.000000 2.603317 0.861726 0.916031 1.008430 0.806889 1.769674 0.860640 0.961278 0.961278 
0.000000 2.603317 0.878734 0.604436 1.494624 0.747915 2.043156 0.850198 1.070427 1.070427 
0.000000 2.603317 1.300693 1.934912 0.153186 1.331573 2.073878 1.106332 1.039545 1.039545 
0.000000 2.603317 0.885080 0.907716 0.911532 0.722756 1.753474 0.884750 0.909622 0.909622 
0.000000 2.603317 0.857441 0.528043 1.292400 0.697630 1.684931 0.811596 0.899917 0.899917 
0.000000 2.603317 1.117497 1.207383 0.873657 1.043645 2.005720 1.130392 1.036178 1.036178 
0.000000 2.603317 1.374561 2.086116 0.098627 1.381092 2.180301 1.323836 1.066242 1.066242 
0.000000 2.603317 0.985781 0.795513 0.939616 0.999662 1.631280 0.985973 0.866457 0.866457 
0.000000 2.603317 0.941678 0.041246 1.908327 1.199928 1.732797 1.081843 0.954181 0.954181 
0.000000 2.603317 0.907205 0.935602 1.587929 0.751705 2.329117 0.873886 1.258748 1.258748 
0.000000 2.603317 1.261969 1.191759 0.933617 1.318217 1.983800 1.251267 1.061952 1.061952 
0.000000 2.603317 0.895472 0.700778 1.141249 0.890738 1.582461 0.880016 0.919247 0.919247 
0.000000 2.603317 1.353801 0.986458 1.067655 1.338351 1.970608 1.353939 1.027021 1.027021 
0.000000 2.603317 0.923279 0.403618 1.495786 0.945944 1.806691 0.933383 0.954257 0.954257 
0.000000 2.603317 0.982131 0.601362 1.377213 1.235694 1.929267 1.046809 1.013027 1.013027 
0.000000 2.603317 0.874826 0.339641 1.446900 0.984861 1.755630 0.912175 0.901968 0.901968 
0.000000 2.603317 1.263174 0.358168 1.307150 1.343887 1.368270 1.293899 0.796572 0.796572 
0.000000 2.603317 1.159788 1.837821 0.579094 1.144281 2.371864 1.171985 1.181498 1.181498 
0.000000 2.603317 1.178439 0.946162 1.352766 1.216748 1.981235 1.185833 1.139437 1.139437 
0.000000 2.603317 0.972738 1.307883 0.744714 1.033274 1.904043 0.956047 1.042304 1.042304 
0.000000 2.603317 1.009351 0.851161 1.575630 0.982173 2.007841 1.000753 1.239765 1.239765 
0.000000 2.603317 0.993824 0.678453 1.118690 1.072780 1.711911 1.007408 0.896807 0.896807 
0.000000 2.603317 1.069381 1.150510 0.803899 1.018454 1.899839 1.079293 0.968169 0.968169 
0.000000 2.603317 1.042216 1.372825 1.105159 0.985278 2.272578 1.045861 1.241093 1.241093 
0.000000 2.603317 1.173888 0.663226 1.134750 1.305748 1.730681 1.209863 0.904991 0.904991 
0.000000 2.603317 1.149518 1.684843 0.323611 1.162224 1.976133 1.119253 0.983284 0.983284 
0.000000 2.603317 1.332072 1.849830 0.106507 1.342104 1.956517 1.251871 0.932005 0.932005 
0.000000 2.603317 1.281126 1.895710 0.478565 1.328309 2.369533 1.222874 1.145441 1.145441 
0.000000 2.603317 1.048192 1.017575 1.127558 0.969702 1.946853 1.044271 1.070969 1.070969 
0.000000 2.603317 1.025143 1.338829 1.030482 1.008887 2.206739 1.022334 1.189549 1.189549 
0.000000 2.603317 1.019596 1.308796 0.628726 0.990316 1.833021 1.030003 0.985506 0.985506 
0.000000 2.603317 1.017593 0.622728 1.530032 0.943630 2.008967 0.992708 1.071731 1.071731 
0.000000 2.603317 0.977402 1.151718 1.027496 0.993822 1.999723 0.974208 1.093195 1.093195 
0.000000 2.603317 1.151948 1.126078 1.145875 1.248732 2.179092 1.152637 1.136206 1.136206 
0.000000 2.603317 0.872460 1.473302 0.797803 0.878487 2.231269 0.880293 1.123577 1.123577 
0.000000 2.603317 0.923329 0.319400 1.410676 0.855047 1.756600 0.897606 0.886170 0.886170 
0.000000 2.603317 0.926033 0.330761 1.475715 0.914229 1.776707 0.927695 0.940014 0.940014 
0.000000 2.603317 1.027107 1.057157 0.997760 1.264258 1.858356 1.019873 1.028834 1.028834 
0.000000 2.603317 0.844093 0.166221 1.768988 0.886874 1.521350 0.861140 0.918790 0.918790 
0.000000 2.603317 0.734189 0.330110 1.685433 0.889343 1.877287 0.806233 1.014986 1.014986 
0.000000 2.603317 0.886529 0.518852 1.321525 1.025472 1.802163 0.939598 0.929566 0.929566 
0.000000 2.603317 1.019144 1.176390 0.361551 1.019856 1.493728 1.018982 0.769163 0.769163 
0.000000 2.603317 0.899320 0.845913 1.039664 0.844193 1.855581 0.892879 0.947962 0.947962 
0.000000 2.603317 0.737970 1.052754 1.071169 0.877439 1.843295 0.738326 1.061982 1.061982 
0.000000 2.603317 1.174507 0.976134 0.978803 1.235405 1.958727 1.174620 0.977522 0.977522 
0.000000 2.603317 0.891452 1.752538 0.210931 0.875688 1.969102 0.940980 0.937476 0.937476 
0.000000 2.603317 0.778282 0.723430 1.343957 0.693559 2.026359 0.750388 1.043263 1.043263 
0.000000 2.603317 1.162919 1.348096 0.589161 1.240534 1.901805 1.093458 0.958387 0.958387 
0.000000 2.603317 1.092600 1.061900 0.998187 1.069751 1.926980 1.093954 1.029494 1.029494 
0.000000 2.603317 1.212761 0.891459 1.202789 1.208478 1.965137 1.206493 1.047707 1.047707 
0.000000 2.603317 0.919528 0.938816 1.094594 0.869826 1.830840 0.918323 1.013219 1.013219 
0.000000 2.603317 0.739474 0.509188 1.315501 0.663822 1.637001 0.707835 0.903919 0.903919 
0.000000 2.603317 0.882835 1.559588 0.615154 0.877113 2.128035 0.893409 1.071558 1.071558 
0.000000 2.603317 1.154656 0.630405 1.421628 1.428664 1.956234 1.231445 1.032669 1.032669 
0.000000 2.603317 0.953194 0.937825 1.293038 0.869966 2.034066 0.951640 1.111205 1.111205 
0.000000 2.603317 1.164561 0.777408 1.320926 1.063668 1.827566 1.130395 1.037753 1.037753 
0.000000 2.603317 0.968186 1.661549 0.392124 0.918747 1.956108 1.036122 1.060182 1.060182 
0.000000 2.603317 0.973368 0.989295 1.272230 1.082582 2.106696 0.979315 1.131713 1.131713 
0.000000 2.603317 0.727686 0.982136 1.089200 0.662938 1.918355 0.724823 1.033883 1.033883 
0.000000 2.603317 1.075376 0.380576 1.685325 0.998281 2.055208 1.032614 1.051724 1.051724 
0.000000 2.603317 0.884370 1.022505 1.167204 0.785079 2.102435 0.878776 1.095451 1.095451 
0.000000 2.603317 0.845673 1.006983 1.041158 0.891945 1.952802 0.846658 1.023958 1.023958 
0.000000 2.603317 1.073352 1.543193 0.749563 1.140970 2.260258 1.032097 1.136490 1.136490 
0.000000 2.603317 0.796123 1.005372 0.930448 0.715868 1.868668 0.800082 0.967097 0.967097 
0.000000 2.603317 1.043042 0.773937 1.170255 0.945787 1.807260 1.026798 0.965742 0.965742 
0.000000 2.603317 1.230341 0.516485 1.700291 1.232360 2.209783 1.229574 1.149022 1.149022 
0.000000 2.603317 1.141385 1.282114 0.511504 1.080040 1.707990 1.191172 0.912645 0.912645 
0.000000 2.603317 0.706308 0.878683 1.139992 0.774874 1.992090 0.714412 1.011739 1.011739 
0.000000 2.603317 0.988235 0.028965 1.779836 1.099730 1.830342 1.058484 0.956120 0.956120 
0.000000 2.603317 1.255298 0.786527 1.320031 1.262324 2.142419 1.260795 1.073167 1.073167 
0.000000 2.603317 1.122852 1.287867 0.548536 1.054389 1.808728 1.163047 0.916522 0.916522 
0.000000 2.603317 1.339530 0.670042 1.073092 1.422487 1.606225 1.356078 0.865140 0.865140 
0.000000 2.603317 1.034202 1.330558 0.854593 0.929246 2.057779 1.073241 1.091757 1.091757 
0.000000 2.603317 1.075854 1.503360 0.633645 1.058335 2.055476 1.083408 1.076315 1.076315 
0.000000 2.603317 0.838314 0.893372 1.602943 0.843999 2.309501 0.837498 1.255583 1.255583 
0.000000 2.603317 0.855756 1.215039 0.515174 0.877954 1.747370 0.840013 0.841352 0.841352 
0.000000 2.603317 1.044308 0.611162 1.393220 1.115015 2.120726 1.056240 1.034001 1.034001 
0.000000 2.603317 1.105198 1.934563 0.317884 1.087194 2.187416 1.172573 1.120769 1.120769 
0.000000 2.603317 0.836797 1.658477 0.271955 0.807595 1.898745 0.910848 0.987793 0.987793 
0.000000 2.603317 1.168588 1.092839 0.936164 1.179424 1.983505 1.168700 1.013067 1.013067 
0.000000 2.603317 0.834333 1.433559 0.891078 0.816041 2.218945 0.848276 1.164787 1.164787 
0.000000 2.603317 0.912924 0.895734 1.014552 0.898043 1.914865 0.913930 0.958287 0.958287 
0.000000 2.603317 0.901795 1.100882 0.982278 0.866827 1.933596 0.904378 1.043353 1.043353 
0.000000 2.603317 1.146905 1.238479 0.996143 1.034734 2.029200 1.161205 1.126211 1.126211 
0.000000 2.603317 0.977624 0.752475 1.167453 0.920502 1.803150 0.971049 0.957662 0.957662 
0.000000 2.603317 0.815872 0.410415 1.104231 0.928319 1.357416 0.853229 0.755737 0.755737 
0.000000 2.603317 0.969697 0.909759 1.056030 1.029183 1.928263 0.972695 0.984084 0.984084 
0.000000 2.603317 0.879493 1.382567 0.504423 0.911202 1.837309 0.853152 0.950981 0.950981 
0.000000 2.603317 0.996105 0.552470 1.384159 0.836627 1.861514 0.960527 0.985365 0.985365 
0.000000 2.603317 0.871710 1.706274 0.321237 0.868118 2.036982 0.869781 0.965024 0.965024 
0.000000 2.603317 0.924134 0.286870 1.830354 0.866796 1.904806 0.877092 1.050216 1.050216 
0.000000 2.603317 1.076657 0.654308 1.832286 1.032570 2.264183 1.067515 1.218587 1.218587 
0.000000 2.603317 1.090201 -0.463030 2.202436 1.165642 2.096463 1.148163 1.018750 1.018750 
0.000000 2.603317 0.998149 0.786589 1.241097 0.841390 1.953849 0.969516 1.015934 1.015934 
0.000000 2.603317 1.234738 1.747281 0.182441 1.248458 1.917489 1.178569 0.963552 0.963552 
0.000000 2.603317 0.828390 0.905679 1.027338 0.940851 1.791316 0.833068 0.966742 0.966742 
0.000000 2.603317 0.901665 0.705007 1.097212 0.924704 1.681905 0.912246 0.901375 0.901375 
0.000000 2.603317 1.012138 1.405747 0.721208 1.011212 2.048892 1.022634 1.066329 1.066329 
0.000000 2.603317 0.996623 2.152457 0.246089 0.960692 2.453515 1.128454 1.061602 1.061602 
0.000000 2.603317 1.069665 0.870319 1.103945 1.007642 1.878813 1.062132 0.985856 0.985856 
0.000000 2.603317 0.947382 1.198135 0.585013 0.956730 1.610049 0.939220 0.912172 0.912172 
0.000000 2.603317 0.986933 1.103862 0.762292 0.981838 1.754085 0.983126 0.940025 0.940025 
0.000000 2.603317 0.938154 1.361101 0.471227 0.902306 1.792490 0.974511 0.924414 0.924414 
0.000000 2.603317 1.165710 1.436314 0.555269 1.092530 1.890546 1.224565 1.021348 1.021348 
0.000000 2.603317 1.040919 1.235364 0.784386 0.999160 1.891299 1.059927 1.012317 1.012317 
0.000000 2.603317 1.057675 1.599081 0.664930 1.068470 2.209269 1.044182 1.129880 1.129880 
0.000000 2.603317 1.084730 0.484822 1.137973 0.992958 1.435706 1.074233 0.806519 0.806519 
0.000000 2.603317 1.018160 1.695144 0.455925 0.984297 2.106360 1.065624 1.084598 1.084598 
0.000000 2.603317 0.854165 1.681647 0.625359 0.894127 2.248268 0.833188 1.156204 1.156204 
0.000000 2.603317 1.032324 1.264984 0.868964 1.057561 2.082571 1.034519 1.062432 1.062432 
0.000000 2.603317 0.911891 1.466297 1.057527 1.039804 2.415284 0.890356 1.260061 1.260061 
0.000000 2.603317 0.894092 0.699240 0.995080 0.922540 1.526493 0.898045 0.840281 0.840281 
0.000000 2.603317 1.016549 1.303578 0.904748 1.075579 1.989640 0.999771 1.124801 1.124801 
0.000000 2.603317 1.085966 1.510551 0.669330 0.947216 2.140032 1.174572 1.083312 1.083312 
0.000000 2.603317 1.036108 0.745412 0.980448 1.127914 1.555536 1.040902 0.862512 0.862512 
0.000000 2.603317 0.998310 0.179656 1.838372 1.197847 1.884466 1.053350 1.033473 1.033473 
0.000000 2.603317 1.190746 1.200800 0.977155 1.262575 2.129701 1.181151 1.087057 1.087057 
0.000000 2.603317 0.814781 0.997730 0.901118 0.760513 1.840320 0.816246 0.947488 0.947488 
0.000000 2.603317 0.855156 1.235032 0.743864 0.789319 1.855493 0.876033 0.998951 0.998951 
0.000000 2.603317 1.079840 0.746753 1.595057 1.081887 2.237876 1.080456 1.170823 1.170823 
0.000000 2.603317 0.694765 1.561112 0.459709 0.708965 2.017233 0.683440 0.991944 0.991944 
0.000000 2.603317 0.969542 2.071998 -0.235520 0.990596 1.861648 1.073914 0.946579 0.946579 
0.000000 2.603317 0.951800 0.840274 1.153348 0.961956 1.899948 0.957202 1.006244 1.006244 
0.000000 2.603317 0.655711 0.866186 1.390488 0.753443 2.019845 0.682364 1.132588 1.132588 
0.000000 2.603317 0.999452 0.293473 1.000811 0.901191 1.246113 0.969548 0.663377 0.663377 
0.000000 2.603317 0.627401 0.402151 1.786031 0.595666 2.037150 0.619527 1.080808 1.080808 
0.000000 2.603317 1.025264 1.033006 1.145879 1.007742 1.955500 1.024083 1.086828 1.086828 
0.000000 2.603317 0.981599 0.915947 1.167445 1.018837 1.852226 0.983380 1.035814 1.035814 
0.000000 2.603317 0.907364 1.242408 0.924115 0.962368 2.046468 0.899886 1.087840 1.087840 
0.000000 2.603317 0.821063 0.035347 2.196368 0.900332 1.884909 0.821718 1.075993 1.075993 
0.000000 2.603317 0.779710 0.859529 1.088060 0.829523 1.840505 0.782105 0.975062 0.975062 
0.000000 2.603317 1.080789 0.141784 1.836441 0.697774 1.651368 0.902248 0.938497 0.938497 
0.000000 2.603317 0.994321 1.121954 0.724835 1.072926 1.767549 0.971770 0.924840 0.924840 
0.000000 2.603317 0.862956 1.183014 0.724305 0.854113 1.967065 0.867953 0.925943 0.925943 
0.000000 2.603317 0.979795 0.974385 0.702206 1.029552 1.591772 0.972443 0.842062 0.842062 
0.000000 2.603317 0.915958 1.175316 0.865049 0.977616 1.869250 0.910601 1.024955 1.024955 
0.000000 2.603317 1.034948 0.360216 1.666400 1.049786 1.925921 1.047618 1.040643 1.040643 
0.000000 2.603317 1.290544 1.548326 0.695776 1.381211 2.154757 1.242134 1.118535 1.118535 
0.000000 2.603317 1.197927 1.448513 0.615955 1.197525 2.042453 1.181768 1.023399 1.023399 
0.000000 2.603317 0.814839 1.443683 0.366113 0.767714 1.776726 0.899739 0.883842 0.883842 
0.000000 2.603317 0.896135 0.917485 1.087077 0.861985 1.915084 0.894973 1.001383 1.001383 
0.000000 2.603317 0.705504 0.262629 1.593416 1.086970 1.700373 0.873799 0.932673 0.932673 
0.000000 2.603317 1.103729 0.829329 1.275083 1.001030 1.933105 1.088424 1.043363 1.043363 
0.000000 2.603317 0.790536 0.237808 1.580689 0.773699 1.740096 0.793121 0.916407 0.916407 
0.000000 2.603317 0.872084 0.711733 1.295064 1.011916 2.039767 0.892541 1.024341 1.024341 
0.000000 2.603317 1.223102 0.893409 0.967372 1.163273 1.755995 1.220470 0.929674 0.929674 
0.000000 2.603317 1.140270 0.793706 0.973125 1.107441 1.532347 1.135843 0.874864 0.874864 
0.000000 2.603317 0.960426 0.755400 1.185080 1.084735 1.701032 0.987085 0.958924 0.958924 
0.000000 2.603317 0.583124 1.127434 0.741111 0.551917 1.789371 0.600608 0.934618 0.934618 
0.000000 2.603317 1.105531 1.420363 0.421114 1.129266 1.724545 1.065252 0.976939 0.976939 
0.000000 2.603317 0.872902 0.816706 1.038543 0.673036 1.607938 0.851561 0.919478 0.919478 
0.000000 2.603317 0.726877 -0.378470 2.300902 0.761674 1.449380 0.765946 0.874282 0.874282 
0.000000 2.603317 0.853911 1.329940 0.667353 0.910563 1.910079 0.810999 1.002602 1.002602 
0.000000 2.603317 0.809438 0.637322 1.040323 0.885382 1.647167 0.822869 0.845975 0.845975 
0.000000 2.603317 1.016118 1.153669 0.783611 1.062643 1.825114 1.005488 0.978064 0.978064 
0.000000 2.603317 1.511139 1.351310 0.773578 1.498365 2.090322 1.517323 1.056261 1.056261 
0.000000 2.603317 1.161492 1.344749 0.396493 1.182850 1.717558 1.131707 0.845680 0.845680 
0.000000 2.603317 0.960655 0.366508 1.406914 1.167934 1.669491 1.011810 0.897196 0.897196 
0.000000 2.603317 0.861004 1.382043 0.852040 0.752118 2.062861 0.898333 1.131110 1.131110 
0.000000 2.603317 0.955445 0.319707 1.407412 0.982065 1.576684 0.992333 0.878313 0.878313 
0.000000 2.603317 0.566941 0.742576 1.200739 0.563352 1.745534 0.557729 0.964646 0.964646 
0.000000 2.603317 1.455479 1.152533 0.366416 1.467747 1.486516 1.447703 0.761860 0.761860 
0.000000 2.603317 1.101163 1.135534 0.931156 1.226415 1.943494 1.084729 1.036162 1.036162 
0.000000 2.603317 0.871762 0.921859 0.844149 0.868946 1.660591 0.871677 0.881645 0.881645 
0.000000 2.603317 0.825953 0.202377 1.535189 1.016962 1.836130 0.907031 0.916622 0.916622 
0.000000 2.603317 1.024689 1.296976 0.688084 1.141123 1.980003 0.972468 0.981709 0.981709 
0.000000 2.603317 0.779560 1.333935 0.712921 0.794958 2.064646 0.772880 1.014243 1.014243 
0.000000 2.603317 0.724494 1.354405 0.648335 0.625125 1.966807 0.787928 0.992581 0.992581 
0.000000 2.603317 1.283683 1.201512 1.189006 1.204316 2.191131 1.284028 1.195541 1.195541 
0.000000 2.603317 0.880524 1.531634 0.363330 0.901514 1.846831 0.847187 0.944356 0.944356 
0.000000 2.603317 0.519042 0.826962 0.892598 0.330186 1.645769 0.511091 0.860541 0.860541 
0.000000 2.603317 0.875209 0.991103 0.891151 0.918603 1.805550 0.872990 0.941361 0.941361 
0.000000 2.603317 1.065447 1.281407 0.458460 1.063954 1.653240 1.070656 0.891336 0.891336 
0.000000 2.603317 0.743083 1.593789 0.738301 0.702429 2.283456 0.765343 1.161044 1.161044 
0.000000 2.603317 1.306716 1.156204 0.593969 1.294030 1.709205 1.312992 0.875863 0.875863 
0.000000 2.603317 1.180770 1.148709 0.844857 1.170084 1.889811 1.187531 1.000148 1.000148 
0.000000 2.603317 1.017931 1.367602 0.753501 1.125265 2.058664 0.968729 1.055154 1.055154 
0.000000 2.603317 0.714600 1.873507 0.217252 0.725103 2.075825 0.669403 1.045925 1.045925 
0.000000 2.603317 1.016352 1.235380 0.753886 0.988332 1.858557 1.021019 1.000681 1.000681 
0.000000 2.603317 1.455986 0.535304 1.501068 1.244913 1.886618 1.390008 1.010248 1.010248 
0.000000 2.603317 1.234230 0.980334 0.854103 1.234493 1.730307 1.235482 0.917802 0.917802 
0.000000 2.603317 0.723908 1.420313 0.724926 0.738790 2.140669 0.727916 1.050723 1.050723 
0.000000 2.603317 1.028189 1.403706 0.766329 0.968026 2.150776 1.051136 1.078324 1.078324 
0.000000 2.603317 1.012310 0.838017 1.394665 0.876139 1.947408 0.976679 1.113794 1.113794 
0.000000 2.603317 1.117280 1.403219 0.890969 1.228626 2.105449 1.086460 1.158291 1.158291 
0.000000 2.603317 1.207959 1.265306 0.866864 1.109613 2.072007 1.230822 1.065565 1.065565 
0.000000 2.603317 1.111260 1.025890 0.600086 1.151752 1.532178 1.095377 0.822580 0.822580 
0.000000 2.603317 0.867874 1.235097 1.013544 0.671211 2.089719 0.887187 1.121613 1.121613 
0.000000 2.603317 1.140930 0.758333 1.070470 1.161341 1.637035 1.144681 0.909641 0.909641 
0.000000 2.603317 0.798142 0.511055 1.583638 0.918082 1.900667 0.861504 1.042369 1.042369 
0.000000 2.603317 1.234273 0.736120 0.913790 1.187344 1.555736 1.229228 0.824415 0.824415 
0.000000 2.603317 0.730230 0.878159 1.100184 0.659448 1.823864 0.725064 0.993916 0.993916 
0.000000 2.603317 0.888590 0.971802 1.050946 0.853000 1.957569 0.886446 1.011365 1.011365 
0.000000 2.603317 0.546166 0.801691 1.141120 0.566694 1.882897 0.551529 0.978331 0.978331 
0.000000 2.603317 0.841639 0.736790 1.157140 0.823509 1.836018 0.843947 0.952259 0.952259 
0.000000 2.603317 0.928986 1.388782 0.865868 0.929322 2.115555 0.927858 1.140027 1.140027 
0.000000 2.603317 0.849501 0.296596 1.920572 0.955448 1.969966 0.913574 1.089799 1.089799 
0.000000 2.603317 1.078303 1.665412 0.515295 1.069518 2.091536 1.095524 1.117514 1.117514 
0.000000 2.603317 0.934652 0.919715 0.646004 0.912856 1.512856 0.939100 0.780494 0.780494 
0.000000 2.603317 1.049321 0.948276 1.161183 0.905296 1.932644 1.034271 1.051337 1.051337 
0.000000 2.603317 1.235491 1.782692 0.305072 1.238309 2.051758 1.224174 1.050653 1.050653 
0.000000 2.603317 1.036476 1.629243 0.249237 1.047870 1.865479 1.009936 0.923625 0.923625 
0.000000 2.603317 1.180288 0.281812 1.576532 1.126336 1.828370 1.167199 0.962652 0.962652 
0.000000 2.603317 1.225010 0.154629 1.747270 1.358409 1.902134 1.281128 1.004038 1.004038 
0.000000 2.603317 0.837841 0.381530 1.848786 0.771151 1.913491 0.807526 1.066816 1.066816 
0.000000 2.603317 0.827085 1.634190 0.266778 0.833331 1.902858 0.802597 0.925033 0.925033 
0.000000 2.603317 1.248175 1.447810 0.575369 1.293660 1.982559 1.198692 1.006287 1.006287 
0.000000 2.603317 0.743802 1.009253 1.155613 0.793625 2.086221 0.746174 1.082674 1.082674 
0.000000 2.603317 0.911993 1.096543 0.752282 1.024187 1.758196 0.881437 0.928324 0.928324 
0.000000 2.603317 0.998155 1.166570 0.720396 1.083035 1.916889 0.971042 0.932712 0.932712 
0.000000 2.603317 0.780620 0.586502 1.401249 0.782257 1.874746 0.774121 1.003593 1.003593 
0.000000 2.603317 0.776195 1.382943 0.814029 0.849422 2.164811 0.754377 1.096034 1.096034 
0.000000 2.603317 1.115049 0.659813 1.316892 1.125185 1.946568 1.111849 0.997583 0.997583 
0.000000 2.603317 1.210923 1.067549 1.106885 1.142631 2.082980 1.210210 1.087775 1.087775 
0.000000 2.603317 1.105518 1.032643 0.725555 1.002941 1.654622 1.129229 0.882658 0.882658 
0.000000 2.603317 1.073814 0.864557 1.064547 1.068654 1.954243 1.076529 0.975292 0.975292 
0.000000 2.603317 1.362983 0.741645 1.238943 1.449513 1.778932 1.382586 0.978370 0.978370 
0.000000 2.603317 0.491021 0.106973 1.620288 0.700123 1.551858 0.578449 0.855891 0.855891 
0.000000 2.603317 0.986969 0.680967 1.250884 1.116682 1.808406 1.015220 0.967589 0.967589 
0.000000 2.603317 1.117594 1.291114 0.847753 1.142110 2.061530 1.109007 1.072614 1.072614 
0.000000 2.603317 1.469460 1.078850 1.323698 1.203578 2.429263 1.443974 1.210719 1.210719 
0.000000 2.603317 1.052105 0.695043 1.298879 0.964542 1.955257 1.028591 1.010386 1.010386 
0.000000 2.603317 1.075021 0.300388 1.746831 1.160516 1.800932 1.122481 0.998440 0.998440 
0.000000 2.603317 1.242792 1.045068 0.901684 1.158518 1.967438 1.249846 0.970465 0.970465 
0.000000 2.603317 1.037764 0.933179 0.675599 1.094808 1.514904 1.026949 0.803973 0.803973 
0.000000 2.603317 1.302171 0.709434 1.459932 1.280226 2.209389 1.286322 1.107637 1.107637 
0.000000 2.603317 1.202262 0.090796 1.496080 1.038348 1.506385 1.113299 0.795704 0.795704 
0.000000 2.603317 0.606327 0.911767 0.829604 0.517078 1.695951 0.610152 0.869038 0.869038 
0.000000 2.603317 0.986335 1.770879 0.568451 0.870433 2.333251 1.108941 1.131495 1.131495 
0.000000 2.603317 1.392092 1.127054 0.754553 1.415658 1.877712 1.383332 0.933286 0.933286 
0.000000 2.603317 0.987953 0.635307 1.505200 1.085324 1.920697 1.021882 1.053794 1.053794 
0.000000 2.603317 1.175741 0.754856 1.268869 0.989138 1.836889 1.138692 0.998201 0.998201 
0.000000 2.603317 0.995785 0.975415 0.960772 1.080720 1.925999 0.995127 0.967853 0.967853 
0.000000 2.603317 0.769243 1.873553 0.246230 0.736588 2.131988 0.879611 0.992660 0.992660 
0.000000 2.603317 0.766603 0.354183 1.474543 0.748284 1.655712 0.759121 0.927012 0.927012 
0.000000 2.603317 0.762136 0.747223 1.318891 0.770142 1.908460 0.762801 1.025143 1.025143 
0.000000 2.603317 1.065782 1.043634 0.939567 0.974256 1.873340 1.072283 0.991441 0.991441 
0.000000 2.603317 0.908816 0.778879 1.239237 0.908563 1.963233 0.906343 1.010463 1.010463 
0.000000 2.603317 1.204508 1.155112 1.020149 1.256463 2.134066 1.200874 1.085501 1.085501 
0.000000 2.603317 0.891977 0.753349 1.214849 0.814204 1.989731 0.871078 0.999330 0.999330 
0.000000 2.603317 1.016755 0.752126 1.217058 1.136562 1.749680 1.029321 0.982660 0.982660 
0.000000 2.603317 1.062363 0.639708 1.565896 1.014758 2.064547 1.046799 1.100133 1.100133 
