0.000000 0.343842 0.431432 -0.253241 0.021397 
0.000000 0.343842 0.190368 -0.081311 0.169783 
0.000000 0.343842 -0.018299 -0.122359 -0.048667 
0.000000 0.343842 0.389509 -0.152062 -0.009785 
0.000000 0.343842 -0.205186 -0.052394 0.075399 
0.000000 0.343842 0.342210 -0.179047 -0.132321 
0.000000 0.343842 0.076800 -0.051349 0.333348 
0.000000 0.343842 -0.441424 -0.126884 0.044524 
0.000000 0.343842 -0.017870 -0.082758 -0.094767 
0.000000 0.343842 -0.016470 -0.176720 -0.073004 
0.000000 0.343842 -0.145926 -0.100831 -0.073411 
0.000000 0.343842 -0.055808 -0.134033 -0.147280 
0.000000 0.343842 0.535558 -0.199851 -0.093941 
0.000000 0.343842 0.170735 -0.146675 -0.108688 
0.000000 0.343842 0.053565 0.014068 0.000992 
0.000000 0.343842 0.430805 -0.250521 -0.022948 
0.000000 0.343842 0.446205 -0.200960 0.009416 
0.000000 0.343842 -0.180117 -0.200782 -0.149743 
0.000000 0.343842 -0.017436 -0.109805 -0.033862 
0.000000 0.343842 0.063169 -0.042551 0.009021 
0.000000 0.343842 -0.179028 -0.250748 -0.048969 
0.000000 0.343842 0.027184 -0.046799 -0.039348 
0.000000 0.343842 -0.238856 -0.081816 0.068997 
0.000000 0.343842 0.179097 -0.066126 -0.100676 
0.000000 0.343842 0.133544 -0.040381 -0.236550 
0.000000 0.343842 0.268501 -0.206461 0.249615 
0.000000 0.343842 -0.071898 -0.155917 0.053778 
0.000000 0.343842 0.405621 -0.144478 0.251496 
0.000000 0.343842 -0.068264 -0.058672 0.061879 
0.000000 0.343842 -0.105310 -0.178059 -0.180669 
0.000000 0.343842 0.026360 -0.086030 0.027259 
0.000000 0.343842 -0.312082 -0.028309 -0.203721 
0.000000 0.343842 0.281305 -0.090618 -0.182240 
0.000000 0.343842 -0.218450 -0.267346 -0.133694 
0.000000 0.343842 0.096378 -0.162815 -0.006314 
0.000000 0.343842 0.132214 -0.233425 -0.193574 
0.000000 0.343842 0.432190 -0.135831 0.152859 
0.000000 0.343842 0.193414 -0.250925 -0.307815 
0.000000 0.343842 -0.317271 -0.171672 0.355363 
0.000000 0.343842 -0.131581 -0.096657 -0.107147 
0.000000 0.343842 0.015587 -0.151191 0.018760 
0.000000 0.343842 -0.259709 -0.085010 -0.068750 
0.000000 0.343842 -0.276735 -0.226677 -0.112646 
0.000000 0.343842 0.088794 -0.176162 0.057305 
0.000000 0.343842 -0.198439 -0.063757 -0.034762 
0.000000 0.343842 0.078117 -0.232402 0.096993 
0.000000 0.343842 0.035922 -0.139923 -0.028461 
0.000000 0.343842 -0.307930 -0.103408 0.151304 
0.000000 0.343842 0.791756 -0.232125 -0.025581 
0.000000 0.343842 -0.371316 -0.088530 -0.048695 
0.000000 0.343842 -0.607890 -0.201098 -0.119561 
0.000000 0.343842 0.085413 -0.197235 0.343054 
0.000000 0.343842 -0.131056 -0.137156 0.014605 
0.000000 0.343842 0.057644 -0.080624 -0.057819 
0.000000 0.343842 0.051335 -0.189615 0.253757 
0.000000 0.343842 0.048301 -0.109744 0.005557 
0.000000 0.343842 0.466501 -0.123143 -0.255522 
0.000000 0.343842 0.042722 -0.078257 0.050617 
0.000000 0.343842 -0.440997 -0.074730 -0.341777 
0.000000 0.343842 -0.137624 -0.078658 0.144962 
0.000000 0.343842 -0.041085 -0.082060 -0.079488 
0.000000 0.343842 -0.003458 -0.063663 0.407169 
0.000000 0.343842 0.225061 -0.078279 0.008139 
0.000000 0.343842 0.076054 -0.132157 -0.095196 
0.000000 0.343842 -0.051448 -0.137587 -0.048845 
0.000000 0.343842 -0.471709 -0.280103 -0.418880 
0.000000 0.343842 0.022387 -0.022855 0.151291 
0.000000 0.343842 -0.269647 -0.058077 0.204471 
0.000000 0.343842 -0.022383 -0.150915 -0.037800 
0.000000 0.343842 0.335029 -0.034316 -0.413862 
0.000000 0.343842 0.319634 -0.045264 -0.130275 
0.000000 0.343842 -0.136424 -0.131380 -0.320447 
0.000000 0.343842 -0.197062 -0.154547 0.132571 
0.000000 0.343842 -0.108086 -0.124101 -0.174432 
0.000000 0.343842 -0.067890 -0.130968 -0.058366 
0.000000 0.343842 0.466783 -0.161935 0.015543 
0.000000 0.343842 -0.075151 -0.067650 -0.006140 
0.000000 0.343842 0.410384 -0.121897 0.057671 
0.000000 0.343842 -0.099398 -0.012516 -0.203511 
0.000000 0.343842 -0.403788 -0.201087 0.122623 
0.000000 0.343842 -0.143544 -0.104797 -0.126928 
0.000000 0.343842 0.264848 -0.132557 0.085002 
0.000000 0.343842 0.441367 -0.032398 0.220943 
0.000000 0.343842 -0.035230 -0.135685 0.243046 
0.000000 0.343842 -0.006034 -0.078328 -0.023387 
0.000000 0.343842 0.000878 -0.124873 -0.131937 
0.000000 0.343842 0.156363 -0.011208 -0.140297 
0.000000 0.343842 -0.085691 -0.047837 -0.090329 
0.000000 0.343842 0.113522 -0.072907 -0.157954 
0.000000 0.343842 0.065815 -0.102358 0.230168 
0.000000 0.343842 -0.068287 -0.051119 0.250802 
0.000000 0.343842 -0.186617 -0.138166 0.170100 
0.000000 0.343842 0.114999 -0.099749 -0.122846 
0.000000 0.343842 -0.050628 -0.054236 0.078885 
0.000000 0.343842 0.050550 -0.202720 -0.055230 
0.000000 0.343842 -0.193421 -0.178731 -0.134069 
0.000000 0.343842 0.287869 -0.112586 0.206919 
0.000000 0.343842 0.101273 -0.078825 0.135136 
0.000000 0.343842 0.153277 -0.057840 0.104122 
0.000000 0.343842 -0.087147 -0.038912 -0.171183 
0.000000 0.683571 -0.335353 -0.111637 -0.246587 
0.000000 0.683571 0.160620 -0.056913 0.267693 
0.000000 0.683571 0.441882 -0.162054 -0.141720 
0.000000 0.683571 0.300700 -0.235820 0.018337 
0.000000 0.683571 0.077584 -0.155266 0.021075 
0.000000 0.683571 -0.126870 -0.138619 -0.038756 
0.000000 0.683571 -0.537046 -0.185335 -0.142726 
0.000000 0.683571 0.162355 -0.058190 0.064964 
0.000000 0.683571 0.020912 -0.182439 -0.024338 
0.000000 0.683571 -0.190251 -0.196985 0.069339 
0.000000 0.683571 0.325736 -0.060897 -0.119335 
0.000000 0.683571 -0.360235 -0.130415 0.030920 
0.000000 0.683571 0.317050 -0.206414 -0.056080 
0.000000 0.683571 0.455473 -0.088731 -0.002298 
0.000000 0.683571 0.202071 -0.311951 -0.184564 
0.000000 0.683571 0.199658 -0.019595 -0.261401 
0.000000 0.683571 0.529740 -0.079870 -0.351005 
0.000000 0.683571 0.052418 -0.068911 -0.061841 
0.000000 0.683571 0.036198 -0.054692 0.033159 
0.000000 0.683571 0.123834 -0.146943 -0.217765 
0.000000 0.683571 -0.110944 -0.174522 -0.216573 
0.000000 0.683571 -0.570722 -0.373260 -0.251205 
0.000000 0.683571 -0.135278 -0.059527 0.105238 
0.000000 0.683571 0.238100 -0.143782 0.151249 
0.000000 0.683571 -0.335613 -0.156716 -0.069662 
0.000000 0.683571 -0.440560 -0.271355 0.008036 
0.000000 0.683571 -0.245661 -0.126118 -0.333975 
0.000000 0.683571 -0.065674 -0.298922 -0.262803 
0.000000 0.683571 0.173639 -0.086832 0.109463 
0.000000 0.683571 0.014626 -0.085780 0.094669 
0.000000 0.683571 0.075892 -0.104666 0.099061 
0.000000 0.683571 0.089373 -0.084062 0.115332 
0.000000 0.683571 0.015002 -0.094605 0.211120 
0.000000 0.683571 -0.073557 -0.175269 0.186377 
0.000000 0.683571 -0.369497 -0.146854 -0.212852 
0.000000 0.683571 -0.504829 -0.155983 0.075432 
0.000000 0.683571 -0.251621 -0.074526 -0.123950 
0.000000 0.683571 0.237122 -0.047207 -0.145186 
0.000000 0.683571 -0.089931 -0.228711 0.122535 
0.000000 0.683571 -0.187182 -0.042846 0.134252 
0.000000 0.683571 0.297054 -0.132467 0.079574 
0.000000 0.683571 0.027050 -0.134015 -0.011670 
0.000000 0.683571 0.145123 -0.158622 -0.023272 
0.000000 0.683571 -0.081984 -0.127834 -0.140070 
0.000000 0.683571 -0.022134 -0.026745 -0.014530 
0.000000 0.683571 -0.244684 -0.094886 -0.080916 
0.000000 0.683571 0.212045 -0.209045 0.031820 
0.000000 0.683571 -0.201082 -0.295579 -0.325872 
0.000000 0.683571 -0.246344 -0.153339 -0.042182 
0.000000 0.683571 -0.072415 -0.162334 0.115558 
0.000000 0.683571 -0.044661 -0.072851 -0.084552 
0.000000 0.683571 0.259362 -0.055697 -0.081873 
0.000000 0.683571 0.066488 -0.184357 0.105183 
0.000000 0.683571 -0.239333 -0.130096 0.166292 
0.000000 0.683571 0.122953 -0.082078 0.258888 
0.000000 0.683571 -0.159970 -0.284064 -0.356920 
0.000000 0.683571 -0.007911 -0.078396 0.107253 
0.000000 0.683571 0.032716 -0.043773 0.029753 
0.000000 0.683571 -0.538639 -0.076855 -0.004200 
0.000000 0.683571 -0.006877 -0.158999 0.111654 
0.000000 0.683571 0.028568 -0.069925 0.333106 
0.000000 0.683571 -0.011227 -0.223859 -0.294320 
0.000000 0.683571 -0.340767 -0.089837 0.128790 
0.000000 0.683571 -0.736392 -0.212497 0.040116 
0.000000 0.683571 0.176668 -0.063879 -0.230644 
0.000000 0.683571 -0.081213 -0.085694 -0.137916 
0.000000 0.683571 -0.084399 -0.018145 -0.065204 
0.000000 0.683571 0.019397 -0.128086 -0.003730 
0.000000 0.683571 0.138110 -0.068989 0.130392 
0.000000 0.683571 0.317837 -0.131698 0.184473 
0.000000 0.683571 0.046572 -0.060040 0.050307 
0.000000 0.683571 -0.120574 -0.023353 0.036694 
0.000000 0.683571 -0.077012 -0.202216 0.177586 
0.000000 0.683571 0.371221 -0.257222 -0.231023 
0.000000 0.683571 -0.047899 -0.116270 -0.127696 
0.000000 0.683571 -0.250276 -0.084379 -0.409266 
0.000000 0.683571 -0.026778 -0.042002 0.192257 
0.000000 0.683571 -0.541175 -0.119015 0.084205 
0.000000 0.683571 0.432098 -0.100541 -0.076180 
0.000000 0.683571 -0.695162 -0.221665 0.067269 
0.000000 0.683571 0.212381 -0.189405 -0.044368 
0.000000 0.683571 -0.094900 -0.067052 0.167651 
0.000000 0.683571 0.073507 -0.021296 0.422259 
0.000000 0.683571 0.078201 -0.085792 0.187609 
0.000000 0.683571 0.135404 -0.088041 -0.057562 
0.000000 0.683571 -0.135040 -0.093036 0.127799 
0.000000 0.683571 0.004803 -0.088553 0.178128 
0.000000 0.683571 0.166235 -0.114180 0.179584 
0.000000 0.683571 0.047214 -0.119809 0.246618 
0.000000 0.683571 -0.092968 -0.037505 0.344419 
0.000000 0.683571 0.278303 -0.079564 -0.059894 
0.000000 0.683571 -0.026357 -0.065696 -0.364014 
0.000000 0.683571 -0.212401 -0.116883 0.026234 
0.000000 0.683571 0.189981 -0.065070 0.193321 
0.000000 0.683571 -0.240686 -0.058591 0.184475 
0.000000 0.683571 -0.311098 -0.028757 -0.142907 
0.000000 0.683571 -0.069282 -0.072574 -0.237125 
0.000000 0.683571 -0.214524 -0.084258 0.031580 
0.000000 0.683571 0.165994 -0.143358 -0.193083 
0.000000 0.683571 0.195175 -0.102177 -0.070794 
0.000000 1.029770 0.224592 -0.076799 -0.187964 
0.000000 1.029770 0.127473 -0.032098 0.182499 
0.000000 1.029770 -0.010288 -0.153343 0.055624 
0.000000 1.029770 0.083245 -0.086467 -0.077643 
0.000000 1.029770 -0.144452 -0.077605 0.174901 
0.000000 1.029770 -0.057772 -0.093463 -0.133149 
0.000000 1.029770 -0.097504 -0.131509 -0.375411 
0.000000 1.029770 0.066447 -0.130611 -0.133326 
0.000000 1.029770 -0.132870 -0.136862 -0.013211 
0.000000 1.029770 0.023731 -0.211495 -0.060711 
0.000000 1.029770 -0.086380 -0.016918 0.091477 
0.000000 1.029770 -0.058818 -0.084545 0.207305 
0.000000 1.029770 -0.271424 -0.031534 0.148236 
0.000000 1.029770 0.280624 -0.204782 0.402545 
0.000000 1.029770 -0.069930 -0.090224 0.156634 
0.000000 1.029770 0.039507 -0.105742 0.157208 
0.000000 1.029770 -0.243992 -0.043626 -0.064630 
0.000000 1.029770 -0.065552 -0.069666 -0.170336 
0.000000 1.029770 -0.081793 -0.153072 0.077660 
0.000000 1.029770 -0.266456 -0.121431 -0.033320 
0.000000 1.029770 0.149749 -0.056101 -0.140002 
0.000000 1.029770 -0.038570 -0.040312 -0.030147 
0.000000 1.029770 -0.226867 -0.097063 -0.140912 
0.000000 1.029770 -0.094709 -0.146466 -0.026597 
0.000000 1.029770 -0.404677 -0.129136 0.206444 
0.000000 1.029770 -0.078501 -0.066358 -0.186674 
0.000000 1.029770 0.027121 -0.060421 0.069888 
0.000000 1.029770 -0.119508 -0.052841 0.135705 
0.000000 1.029770 -0.004450 -0.036565 -0.211266 
0.000000 1.029770 -0.132669 -0.087313 -0.228397 
0.000000 1.029770 -0.145450 -0.180542 -0.079122 
0.000000 1.029770 0.065479 -0.023076 0.002826 
0.000000 1.029770 0.251572 -0.094657 0.180084 
0.000000 1.029770 -0.176549 -0.048143 -0.082889 
0.000000 1.029770 0.074637 -0.108834 0.022270 
0.000000 1.029770 0.218021 -0.164226 -0.066495 
0.000000 1.029770 -0.221073 -0.123905 -0.126139 
0.000000 1.029770 -0.005380 -0.017266 0.200928 
0.000000 1.029770 -0.152254 -0.077744 0.076607 
0.000000 1.029770 0.124516 -0.136492 0.070985 
0.000000 1.029770 -0.128667 -0.022073 -0.082160 
0.000000 1.029770 -0.269820 -0.055082 0.187906 
0.000000 1.029770 0.371933 -0.123158 -0.141163 
0.000000 1.029770 0.097978 -0.026406 0.182509 
0.000000 1.029770 -0.241351 -0.126662 -0.388457 
0.000000 1.029770 0.188239 -0.062273 0.023614 
0.000000 1.029770 -0.510141 -0.123678 -0.228216 
0.000000 1.029770 0.309592 -0.149404 -0.111169 
0.000000 1.029770 0.547366 -0.134756 0.175666 
0.000000 1.029770 -0.217454 -0.232153 -0.176785 
0.000000 1.029770 -0.092682 -0.206484 -0.252064 
0.000000 1.029770 -0.218286 -0.027365 0.150161 
0.000000 1.029770 0.100222 -0.050298 -0.030952 
0.000000 1.029770 -0.166567 -0.078173 0.110436 
0.000000 1.029770 0.234087 -0.057955 0.028761 
0.000000 1.029770 -0.183185 -0.118324 -0.001749 
0.000000 1.029770 0.294634 -0.092407 -0.304497 
0.000000 1.029770 -0.413508 -0.195611 0.159466 
0.000000 1.029770 0.100488 -0.131254 -0.200742 
0.000000 1.029770 -0.153407 -0.280290 0.005781 
0.000000 1.029770 -0.101957 -0.124920 0.028749 
0.000000 1.029770 0.233374 -0.052105 0.188170 
0.000000 1.029770 -0.068629 -0.074442 -0.030754 
0.000000 1.029770 -0.045250 -0.129298 0.176054 
0.000000 1.029770 -0.247454 -0.077742 0.122794 
0.000000 1.029770 0.211852 -0.156498 -0.044719 
0.000000 1.029770 0.272076 -0.183347 0.016494 
0.000000 1.029770 -0.452146 -0.154124 -0.247443 
0.000000 1.029770 0.064494 -0.034038 0.068827 
0.000000 1.029770 -0.283241 -0.190109 -0.019691 
0.000000 1.029770 -0.143093 -0.054838 0.065374 
0.000000 1.029770 0.110486 -0.187208 -0.264977 
0.000000 1.029770 -0.805060 -0.178033 -0.183945 
0.000000 1.029770 0.438477 -0.110361 0.193347 
0.000000 1.029770 0.029598 -0.102338 -0.016320 
0.000000 1.029770 0.618404 -0.185402 -0.048114 
0.000000 1.029770 0.020602 -0.366900 0.055222 
0.000000 1.029770 -0.419634 -0.075716 0.218533 
0.000000 1.029770 0.222479 -0.067357 0.021233 
0.000000 1.029770 0.086554 -0.108980 0.170640 
0.000000 1.029770 0.041662 -0.065302 0.204274 
0.000000 1.029770 -1.044669 -0.460338 -0.330296 
0.000000 1.029770 -0.072942 -0.014283 -0.145569 
0.000000 1.029770 0.239382 -0.173939 -0.022677 
0.000000 1.029770 -0.001496 -0.022602 0.120857 
0.000000 1.029770 0.170920 -0.187554 0.043929 
0.000000 1.029770 0.199262 -0.145961 -0.145729 
0.000000 1.029770 0.029394 -0.158062 0.085126 
0.000000 1.029770 -0.049433 -0.052934 0.150302 
0.000000 1.029770 0.037858 -0.053487 0.242838 
0.000000 1.029770 -0.366156 -0.125933 0.369982 
0.000000 1.029770 0.010125 -0.023910 -0.311601 
0.000000 1.029770 -0.477058 -0.209836 0.264811 
0.000000 1.029770 0.558593 -0.165430 0.311021 
0.000000 1.029770 -0.586767 -0.130642 -0.151346 
0.000000 1.029770 -0.116778 -0.007843 -0.126520 
0.000000 1.029770 -0.174257 -0.045488 -0.120045 
0.000000 1.029770 -0.199596 -0.050476 0.021446 
0.000000 1.029770 -0.085216 -0.122911 0.143348 
0.000000 1.029770 0.045346 -0.066909 -0.094953 
0.000000 1.365952 0.305227 -0.074861 0.281710 
0.000000 1.365952 0.138319 -0.115796 -0.033358 
0.000000 1.365952 -0.038426 -0.044067 -0.143125 
0.000000 1.365952 -0.089917 -0.070811 0.242305 
0.000000 1.365952 0.256096 -0.143408 0.078046 
0.000000 1.365952 0.185181 -0.069709 -0.007871 
0.000000 1.365952 0.007680 -0.259872 -0.236086 
0.000000 1.365952 -0.072308 -0.087928 -0.053698 
0.000000 1.365952 0.459420 -0.108953 0.140437 
0.000000 1.365952 -0.164215 -0.175319 -0.148529 
0.000000 1.365952 -0.296622 -0.123114 -0.229189 
0.000000 1.365952 -0.430339 -0.100092 -0.086280 
0.000000 1.365952 0.197271 -0.087544 0.247910 
0.000000 1.365952 0.347693 -0.198781 -0.161155 
0.000000 1.365952 0.022831 -0.182458 -0.062048 
0.000000 1.365952 -0.050354 -0.151603 0.137506 
0.000000 1.365952 -0.505912 -0.085822 -0.220183 
0.000000 1.365952 0.215854 -0.090389 -0.190913 
0.000000 1.365952 -0.211765 -0.116862 0.000720 
0.000000 1.365952 0.206219 -0.060920 -0.347116 
0.000000 1.365952 -0.350657 -0.128842 -0.049524 
0.000000 1.365952 -0.098646 -0.109693 -0.166525 
0.000000 1.365952 0.069201 -0.096233 0.263288 
0.000000 1.365952 0.171039 -0.102407 -0.129129 
0.000000 1.365952 -0.172969 -0.100098 0.084679 
0.000000 1.365952 -0.157895 -0.040634 -0.030665 
0.000000 1.365952 0.084080 -0.084829 -0.306366 
0.000000 1.365952 0.241959 -0.157548 -0.083911 
0.000000 1.365952 0.995982 -0.204816 -0.134247 
0.000000 1.365952 0.000366 -0.078645 0.169522 
0.000000 1.365952 0.530708 -0.100536 0.091013 
0.000000 1.365952 0.101050 -0.017556 -0.416430 
0.000000 1.365952 0.048996 -0.085303 -0.165482 
0.000000 1.365952 0.053061 -0.085188 0.138185 
0.000000 1.365952 -0.053658 -0.087095 -0.090247 
0.000000 1.365952 -0.172494 -0.118839 -0.029757 
0.000000 1.365952 0.015445 -0.142041 0.182433 
0.000000 1.365952 0.058813 -0.081321 0.099365 
0.000000 1.365952 -0.135056 -0.048341 0.105644 
0.000000 1.365952 0.023597 -0.220485 0.004594 
0.000000 1.365952 -0.318988 -0.042138 -0.217860 
0.000000 1.365952 0.254863 -0.179664 0.214280 
0.000000 1.365952 -0.080777 -0.059282 -0.005701 
0.000000 1.365952 0.346072 -0.252900 -0.211046 
0.000000 1.365952 0.296340 -0.197862 -0.213606 
0.000000 1.365952 -0.294821 -0.284393 -0.003850 
0.000000 1.365952 0.311809 -0.077740 0.015177 
0.000000 1.365952 0.102825 -0.078265 -0.036395 
0.000000 1.365952 0.018266 -0.091918 0.038418 
0.000000 1.365952 -0.190404 -0.108402 -0.201878 
0.000000 1.365952 -0.089567 -0.038412 0.507083 
0.000000 1.365952 -0.438532 -0.112562 -0.077359 
0.000000 1.365952 0.616485 -0.167264 -0.428378 
0.000000 1.365952 0.153305 -0.132785 0.363603 
0.000000 1.365952 0.436566 -0.211990 -0.161115 
0.000000 1.365952 0.057796 -0.130378 0.018074 
0.000000 1.365952 0.392657 -0.184472 -0.067555 
0.000000 1.365952 -0.115602 -0.092742 0.028618 
0.000000 1.365952 0.118117 -0.029420 0.014931 
0.000000 1.365952 -0.053856 -0.099003 -0.002724 
0.000000 1.365952 0.327599 -0.247770 0.071371 
0.000000 1.365952 -0.077530 -0.106350 0.080996 
0.000000 1.365952 0.160619 -0.056413 0.081070 
0.000000 1.365952 0.144235 -0.258781 0.140491 
0.000000 1.365952 -0.066657 -0.159268 -0.105101 
0.000000 1.365952 -0.157152 -0.067262 0.048182 
0.000000 1.365952 -0.310290 -0.050799 -0.190612 
0.000000 1.365952 -0.202505 -0.178768 -0.004221 
0.000000 1.365952 0.163960 -0.334227 -0.014214 
0.000000 1.365952 0.083484 -0.244990 -0.101195 
0.000000 1.365952 -0.070767 -0.231802 -0.129119 
0.000000 1.365952 -0.092735 -0.024124 -0.061077 
0.000000 1.365952 -0.450488 -0.108184 -0.216942 
0.000000 1.365952 -0.306447 -0.127985 0.248085 
0.000000 1.365952 -0.003838 -0.208357 -0.032816 
0.000000 1.365952 0.165326 -0.019740 -0.078503 
0.000000 1.365952 -0.348903 -0.084928 0.173926 
0.000000 1.365952 -0.216476 -0.071220 0.079449 
0.000000 1.365952 -0.006989 -0.264226 -0.060608 
0.000000 1.365952 -0.085124 -0.080360 0.018152 
0.000000 1.365952 -0.279360 -0.058959 -0.128976 
0.000000 1.365952 0.232996 -0.065395 -0.132273 
0.000000 1.365952 -0.103067 -0.087850 -0.006209 
0.000000 1.365952 0.260708 -0.108277 0.164331 
0.000000 1.365952 0.330963 -0.037108 -0.181122 
0.000000 1.365952 -0.224559 -0.096699 -0.216159 
0.000000 1.365952 -0.425232 -0.157619 -0.215001 
0.000000 1.365952 0.259731 -0.222175 -0.332745 
0.000000 1.365952 -0.038711 -0.082380 -0.296198 
0.000000 1.365952 0.165475 -0.094960 -0.019631 
0.000000 1.365952 -0.466854 -0.180381 0.014227 
0.000000 1.365952 0.461569 -0.128963 0.278285 
0.000000 1.365952 -0.116711 -0.041730 0.093070 
0.000000 1.365952 -0.015974 -0.067725 -0.282977 
0.000000 1.365952 -0.114336 -0.077263 0.170520 
0.000000 1.365952 0.091489 -0.076769 0.018087 
0.000000 1.365952 -0.435695 -0.108831 0.106931 
0.000000 1.365952 -0.289629 -0.081002 -0.052789 
0.000000 1.365952 -0.142558 -0.222875 0.057561 
0.000000 1.365952 -0.196362 -0.188973 -0.029003 
0.000000 1.700874 -0.162064 -0.156925 -0.006705 
0.000000 1.700874 0.034892 -0.102918 0.183150 
0.000000 1.700874 0.164679 -0.013558 0.146565 
0.000000 1.700874 -0.063087 -0.022475 -0.137852 
0.000000 1.700874 -0.085658 -0.011407 -0.137264 
0.000000 1.700874 0.088064 -0.176745 -0.043248 
0.000000 1.700874 -0.207523 -0.033941 -0.121968 
0.000000 1.700874 0.067514 -0.145422 -0.046281 
0.000000 1.700874 0.167181 -0.131773 -0.255940 
0.000000 1.700874 0.057177 -0.148172 -0.241044 
0.000000 1.700874 -0.153965 -0.087858 -0.037358 
0.000000 1.700874 -0.109503 -0.084046 -0.100944 
0.000000 1.700874 -0.049905 -0.095793 0.011346 
0.000000 1.700874 -0.592181 -0.198659 -0.032823 
0.000000 1.700874 0.440378 -0.315030 0.126766 
0.000000 1.700874 -0.091797 -0.088686 -0.359510 
0.000000 1.700874 0.010117 -0.097237 -0.024386 
0.000000 1.700874 0.406846 -0.111640 -0.035411 
0.000000 1.700874 0.049730 -0.060352 0.063961 
0.000000 1.700874 0.238666 -0.093758 -0.341779 
0.000000 1.700874 -0.038832 -0.133475 0.027884 
0.000000 1.700874 0.294366 -0.222083 0.072649 
0.000000 1.700874 0.552114 -0.130758 0.047635 
0.000000 1.700874 -0.068128 -0.011148 0.020176 
0.000000 1.700874 -0.241069 -0.107926 -0.032554 
0.000000 1.700874 -0.216799 -0.154072 -0.095481 
0.000000 1.700874 -0.133419 -0.156595 -0.183959 
0.000000 1.700874 0.019411 -0.102477 0.068239 
0.000000 1.700874 -0.096408 -0.056539 0.013054 
0.000000 1.700874 0.043142 -0.179666 -0.033272 
0.000000 1.700874 -0.142760 -0.159899 0.000970 
0.000000 1.700874 0.356499 -0.254001 -0.014553 
0.000000 1.700874 0.095810 -0.101424 -0.265624 
0.000000 1.700874 -0.291738 -0.095582 0.047185 
0.000000 1.700874 -0.678599 -0.277464 -0.251499 
0.000000 1.700874 -0.095305 -0.225173 0.009154 
0.000000 1.700874 -0.108009 -0.181553 -0.411702 
0.000000 1.700874 0.022522 -0.144305 0.062834 
0.000000 1.700874 0.440364 -0.126197 -0.080500 
0.000000 1.700874 -0.017292 -0.031927 -0.184400 
0.000000 1.700874 0.211408 -0.055442 0.036909 
0.000000 1.700874 0.484685 -0.184156 -0.174389 
0.000000 1.700874 0.188269 -0.132982 -0.175129 
0.000000 1.700874 -0.125687 -0.093526 -0.097770 
0.000000 1.700874 -0.044063 -0.084396 0.088066 
0.000000 1.700874 -0.090288 -0.169186 0.160597 
0.000000 1.700874 0.077650 -0.003990 -0.022655 
0.000000 1.700874 -0.032019 -0.218648 -0.145033 
0.000000 1.700874 -0.261973 -0.128689 -0.032396 
0.000000 1.700874 0.175688 -0.038833 0.445130 
0.000000 1.700874 -0.164655 -0.145216 -0.084890 
0.000000 1.700874 -0.168681 -0.157275 0.105569 
0.000000 1.700874 0.272292 -0.145559 -0.205689 
0.000000 1.700874 -0.681131 -0.142622 0.089631 
0.000000 1.700874 -0.091169 -0.151276 0.166048 
0.000000 1.700874 -0.128184 -0.102295 0.067560 
0.000000 1.700874 -0.339722 -0.203330 -0.116524 
0.000000 1.700874 -0.139354 -0.073937 -0.019455 
0.000000 1.700874 0.180549 -0.087437 0.055627 
0.000000 1.700874 0.080805 -0.089706 -0.199015 
0.000000 1.700874 0.549554 -0.095212 -0.072040 
0.000000 1.700874 -0.296518 -0.253011 -0.115158 
0.000000 1.700874 -0.085297 -0.056314 -0.074317 
0.000000 1.700874 -0.088823 -0.035179 -0.011917 
0.000000 1.700874 -0.560405 -0.133832 -0.059380 
0.000000 1.700874 -0.315115 -0.189681 0.101737 
0.000000 1.700874 0.202345 -0.083936 0.235776 
0.000000 1.700874 0.020650 -0.118790 -0.050760 
0.000000 1.700874 0.365612 -0.070645 -0.092476 
0.000000 1.700874 -0.271472 -0.127255 -0.136660 
0.000000 1.700874 -0.096395 -0.009887 0.137164 
0.000000 1.700874 -0.185713 -0.109616 -0.117966 
0.000000 1.700874 0.614706 -0.157292 -0.036796 
0.000000 1.700874 -0.032974 -0.061513 0.230763 
0.000000 1.700874 0.287034 -0.108961 0.082520 
0.000000 1.700874 -0.161881 -0.019937 -0.137491 
0.000000 1.700874 0.206577 -0.102107 -0.408860 
0.000000 1.700874 0.156229 -0.101102 0.030234 
0.000000 1.700874 -0.357996 -0.160315 -0.034739 
0.000000 1.700874 -0.044879 -0.068230 0.009876 
0.000000 1.700874 0.049105 -0.045639 -0.227102 
0.000000 1.700874 -0.128617 -0.164589 -0.125425 
0.000000 1.700874 -0.017357 -0.011031 -0.258793 
0.000000 1.700874 0.307462 -0.075546 0.129155 
0.000000 1.700874 0.324947 -0.210185 0.019214 
0.000000 1.700874 1.507486 -0.418329 -0.156460 
0.000000 1.700874 -0.686143 -0.175809 0.237814 
0.000000 1.700874 0.128742 -0.059810 0.014848 
0.000000 1.700874 -0.191720 -0.206767 -0.297840 
0.000000 1.700874 -0.306241 -0.054715 -0.250575 
0.000000 1.700874 0.111229 -0.100063 -0.207961 
0.000000 1.700874 0.356153 -0.125734 0.026824 
0.000000 1.700874 -0.237348 -0.094978 -0.132358 
0.000000 1.700874 -0.062982 -0.050843 0.284842 
0.000000 1.700874 -0.197179 -0.065395 0.320216 
0.000000 1.700874 0.000965 -0.181628 -0.118845 
0.000000 1.700874 0.502770 -0.119846 -0.080854 
0.000000 1.700874 -0.376141 -0.134702 -0.013978 
0.000000 1.700874 0.212651 -0.089890 0.048037 
0.000000 1.700874 0.103054 -0.151847 -0.125674 
0.000000 2.054764 -0.108157 -0.109723 0.285888 
0.000000 2.054764 -0.356842 -0.099020 -0.018679 
0.000000 2.054764 0.360350 -0.084909 -0.018705 
0.000000 2.054764 0.051721 -0.091672 0.288025 
0.000000 2.054764 -0.072766 -0.191921 -0.087835 
0.000000 2.054764 -0.355003 -0.189182 0.188887 
0.000000 2.054764 -0.060627 -0.156597 -0.494893 
0.000000 2.054764 -0.523059 -0.241456 -0.351064 
0.000000 2.054764 -0.265921 -0.279783 0.090037 
0.000000 2.054764 0.434778 -0.125850 0.047482 
0.000000 2.054764 0.112543 -0.208074 -0.107309 
0.000000 2.054764 -0.034142 -0.194172 -0.011140 
0.000000 2.054764 -0.217424 -0.072625 -0.089256 
0.000000 2.054764 0.155417 -0.164439 0.080687 
0.000000 2.054764 0.545956 -0.309978 0.104375 
0.000000 2.054764 -0.242222 -0.048050 -0.031168 
0.000000 2.054764 0.141384 -0.059066 -0.010986 
0.000000 2.054764 -0.202137 -0.103824 0.110935 
0.000000 2.054764 0.166816 -0.135509 0.352010 
0.000000 2.054764 -0.284901 -0.132489 -0.032262 
0.000000 2.054764 -0.280697 -0.180272 -0.117790 
0.000000 2.054764 0.279395 -0.076154 -0.144487 
0.000000 2.054764 0.089602 -0.165283 0.051908 
0.000000 2.054764 0.154647 -0.057783 -0.220788 
0.000000 2.054764 0.002624 -0.010942 -0.139278 
0.000000 2.054764 0.361973 -0.203054 0.027669 
0.000000 2.054764 0.115326 -0.010717 0.257715 
0.000000 2.054764 -0.215160 -0.137453 0.118461 
0.000000 2.054764 0.394929 -0.215260 -0.175664 
0.000000 2.054764 0.250679 -0.079320 0.054236 
0.000000 2.054764 -0.072691 -0.098743 0.027286 
0.000000 2.054764 0.276145 -0.068097 0.099645 
0.000000 2.054764 0.048832 -0.081553 0.096226 
0.000000 2.054764 0.061428 -0.219047 -0.164497 
0.000000 2.054764 0.037037 -0.064632 0.226659 
0.000000 2.054764 -0.154215 -0.101733 0.224367 
0.000000 2.054764 0.242366 -0.050949 0.243830 
0.000000 2.054764 -0.003525 -0.162441 0.149663 
0.000000 2.054764 0.439890 -0.098430 0.047892 
0.000000 2.054764 0.594582 -0.134744 0.082744 
0.000000 2.054764 0.016468 -0.041686 -0.184653 
0.000000 2.054764 0.303111 -0.210128 0.045295 
0.000000 2.054764 0.101455 -0.217516 0.192406 
0.000000 2.054764 -0.207913 -0.077558 0.236654 
0.000000 2.054764 0.014178 -0.050651 0.374352 
0.000000 2.054764 0.066566 -0.198628 -0.114336 
0.000000 2.054764 -0.441701 -0.161381 0.172890 
0.000000 2.054764 0.095334 -0.254228 -0.207435 
0.000000 2.054764 0.493668 -0.246494 0.183405 
0.000000 2.054764 -0.116780 -0.228712 0.035391 
0.000000 2.054764 -0.042247 -0.169284 -0.191692 
0.000000 2.054764 0.197203 -0.235871 -0.079257 
0.000000 2.054764 -0.281317 -0.061406 -0.252276 
0.000000 2.054764 -0.239856 -0.142004 0.032173 
0.000000 2.054764 -0.341711 -0.118686 -0.163851 
0.000000 2.054764 0.189179 -0.043774 0.191339 
0.000000 2.054764 -0.093710 -0.060722 -0.154917 
0.000000 2.054764 0.116021 -0.135948 -0.181399 
0.000000 2.054764 0.535162 -0.090333 0.075165 
0.000000 2.054764 0.059479 -0.047655 -0.301702 
0.000000 2.054764 -0.178448 -0.135181 -0.313705 
0.000000 2.054764 0.190464 -0.185462 -0.225968 
0.000000 2.054764 0.382013 -0.256763 -0.011935 
0.000000 2.054764 -0.288484 -0.144298 -0.031143 
0.000000 2.054764 -0.277486 -0.199293 0.160581 
0.000000 2.054764 0.019229 -0.179610 0.255959 
0.000000 2.054764 0.087406 -0.126770 0.021726 
0.000000 2.054764 -0.422249 -0.129626 0.177889 
0.000000 2.054764 0.147410 -0.098796 -0.349546 
0.000000 2.054764 0.472735 -0.164191 0.110825 
0.000000 2.054764 -0.235854 -0.225279 -0.163988 
0.000000 2.054764 -0.018309 -0.140269 0.273785 
0.000000 2.054764 0.189391 -0.091633 -0.198767 
0.000000 2.054764 -0.252698 -0.059825 -0.147237 
0.000000 2.054764 -0.199009 -0.211008 -0.052139 
0.000000 2.054764 -0.011268 -0.063217 -0.060906 
0.000000 2.054764 -0.161550 -0.120002 0.050877 
0.000000 2.054764 0.305720 -0.081494 0.080288 
0.000000 2.054764 -0.071836 -0.200042 0.033627 
0.000000 2.054764 0.167922 -0.022673 -0.091775 
0.000000 2.054764 0.248269 -0.049641 -0.071714 
0.000000 2.054764 0.050010 -0.075799 -0.283641 
0.000000 2.054764 0.254499 -0.172988 0.108070 
0.000000 2.054764 -0.294262 -0.150606 -0.022439 
0.000000 2.054764 -0.064021 -0.029605 -0.256440 
0.000000 2.054764 0.191287 -0.087914 -0.333770 
0.000000 2.054764 0.023919 -0.075609 -0.172474 
0.000000 2.054764 -0.377255 -0.130904 -0.044723 
0.000000 2.054764 0.084122 -0.134210 -0.161527 
0.000000 2.054764 -0.120463 -0.082602 -0.342187 
0.000000 2.054764 0.072349 -0.100278 0.289735 
0.000000 2.054764 0.159677 -0.180247 -0.179377 
0.000000 2.054764 0.461114 -0.287906 -0.151120 
0.000000 2.054764 -0.274920 -0.055221 -0.107690 
0.000000 2.054764 -0.040542 -0.073747 0.290103 
0.000000 2.054764 0.208412 -0.129394 0.183707 
0.000000 2.054764 0.067247 -0.241293 -0.304203 
0.000000 2.054764 -0.104737 -0.072355 -0.064547 
0.000000 2.054764 -0.285696 -0.171207 -0.099025 
0.000000 2.054764 0.121769 -0.103035 0.317070 
0.000000 2.402641 -0.117656 -0.297780 -0.129845 
0.000000 2.402641 -0.044380 -0.210238 0.143358 
0.000000 2.402641 -0.176164 -0.069247 -0.087671 
0.000000 2.402641 0.069318 -0.017067 0.215588 
0.000000 2.402641 0.363951 -0.127836 0.151789 
0.000000 2.402641 0.119814 -0.212655 0.133619 
0.000000 2.402641 -0.074354 -0.074376 -0.076083 
0.000000 2.402641 -0.179720 -0.051210 -0.067581 
0.000000 2.402641 -0.017633 -0.031373 0.012375 
0.000000 2.402641 -0.682685 -0.229600 0.126089 
0.000000 2.402641 -0.099166 -0.012551 -0.000383 
0.000000 2.402641 -0.098663 -0.102794 -0.237526 
0.000000 2.402641 -0.248522 -0.063562 -0.058915 
0.000000 2.402641 -0.596637 -0.168244 0.035072 
0.000000 2.402641 -0.019119 -0.053729 -0.327685 
0.000000 2.402641 -0.196499 -0.137140 0.202769 
0.000000 2.402641 0.316018 -0.198927 0.025477 
0.000000 2.402641 -0.147788 -0.126716 0.027718 
0.000000 2.402641 -0.554604 -0.227565 -0.074369 
0.000000 2.402641 0.353335 -0.062395 0.061010 
0.000000 2.402641 -0.557734 -0.268191 -0.102842 
0.000000 2.402641 0.149776 -0.093236 -0.249174 
0.000000 2.402641 -0.693679 -0.160066 -0.020880 
0.000000 2.402641 0.323193 -0.105941 -0.102035 
0.000000 2.402641 -0.319137 -0.074294 0.109227 
0.000000 2.402641 0.018213 -0.021090 -0.116247 
0.000000 2.402641 -0.840547 -0.296491 -0.369451 
0.000000 2.402641 0.271238 -0.095039 -0.092128 
0.000000 2.402641 -0.032630 -0.233465 -0.056459 
0.000000 2.402641 -0.183223 -0.085636 -0.036208 
0.000000 2.402641 0.367854 -0.148639 -0.066372 
0.000000 2.402641 0.086420 -0.114271 0.148797 
0.000000 2.402641 0.161820 -0.173205 0.137683 
0.000000 2.402641 -0.102585 -0.025902 -0.605271 
0.000000 2.402641 0.090510 -0.036834 -0.097985 
0.000000 2.402641 0.126961 -0.299051 -0.148408 
0.000000 2.402641 -0.210535 -0.090478 0.278359 
0.000000 2.402641 -0.283897 -0.061858 0.388288 
0.000000 2.402641 -0.127749 -0.133091 -0.037553 
0.000000 2.402641 -0.249987 -0.096332 0.012040 
0.000000 2.402641 -0.077942 -0.168845 0.152188 
0.000000 2.402641 0.038106 -0.101683 -0.187350 
0.000000 2.402641 -0.098534 -0.177799 0.040537 
0.000000 2.402641 0.081190 -0.101390 0.132006 
0.000000 2.402641 -0.173597 -0.134088 0.014521 
0.000000 2.402641 0.003422 -0.262532 -0.040921 
0.000000 2.402641 -0.154192 -0.115029 0.155120 
0.000000 2.402641 -0.051611 -0.128695 -0.177565 
0.000000 2.402641 -0.227578 -0.213815 -0.024415 
0.000000 2.402641 0.196571 -0.039389 -0.057914 
0.000000 2.402641 0.152823 -0.102597 -0.082163 
0.000000 2.402641 0.053282 -0.129927 0.121473 
0.000000 2.402641 -0.097303 -0.167259 0.077549 
0.000000 2.402641 -0.148244 -0.058058 -0.227673 
0.000000 2.402641 -0.252532 -0.203392 -0.125309 
0.000000 2.402641 0.160211 -0.142042 -0.006057 
0.000000 2.402641 -0.109706 -0.044015 -0.341921 
0.000000 2.402641 0.280154 -0.131304 0.080307 
0.000000 2.402641 0.114103 -0.158615 0.302532 
0.000000 2.402641 0.316405 -0.095630 0.050230 
0.000000 2.402641 0.061865 -0.060443 -0.269914 
0.000000 2.402641 0.075129 -0.031262 -0.079920 
0.000000 2.402641 0.300104 -0.064831 -0.137176 
0.000000 2.402641 0.184105 -0.249626 -0.143685 
0.000000 2.402641 0.055753 -0.159237 -0.214129 
0.000000 2.402641 0.082109 -0.198763 0.163963 
0.000000 2.402641 -0.066491 -0.071903 0.068645 
0.000000 2.402641 -0.398744 -0.205937 -0.192844 
0.000000 2.402641 -0.196010 -0.075887 0.099111 
0.000000 2.402641 0.098044 -0.058105 0.084977 
0.000000 2.402641 -0.396727 -0.176456 0.182713 
0.000000 2.402641 -0.206457 -0.117952 0.031587 
0.000000 2.402641 -0.380040 -0.103701 -0.383628 
0.000000 2.402641 -0.032613 -0.027428 0.087681 
0.000000 2.402641 0.099566 0.000463 -0.202597 
0.000000 2.402641 0.098939 -0.078373 -0.170191 
0.000000 2.402641 -0.179202 -0.191736 0.155553 
0.000000 2.402641 0.971125 -0.199421 0.038248 
0.000000 2.402641 -0.095927 -0.110033 0.171268 
0.000000 2.402641 -0.061118 -0.113399 -0.125999 
0.000000 2.402641 -0.214893 -0.082084 -0.113576 
0.000000 2.402641 -0.242110 -0.164294 0.046576 
0.000000 2.402641 -0.040571 -0.041349 0.086092 
0.000000 2.402641 -0.350874 -0.202636 0.077331 
0.000000 2.402641 -0.033278 -0.095424 0.244554 
0.000000 2.402641 0.198232 -0.129601 -0.168117 
0.000000 2.402641 0.054681 -0.044495 0.129273 
0.000000 2.402641 -0.424889 -0.193560 0.124197 
0.000000 2.402641 0.383066 -0.156776 0.385114 
0.000000 2.402641 -0.628894 -0.162779 -0.463479 
0.000000 2.402641 0.074280 -0.059740 0.263937 
0.000000 2.402641 -0.117887 -0.060197 -0.013603 
0.000000 2.402641 -0.599649 -0.184780 -0.059593 
0.000000 2.402641 0.166587 -0.134034 -0.119718 
0.000000 2.402641 0.275237 -0.182871 0.141118 
0.000000 2.402641 0.220103 -0.070106 -0.105777 
0.000000 2.402641 -0.520476 -0.066216 0.264341 
0.000000 2.402641 0.025813 -0.105772 -0.181046 
0.000000 2.402641 0.060349 -0.120901 0.323613 
0.000000 2.402641 0.222749 -0.129618 -0.116728 
0.000000 2.744240 -0.128019 -0.078051 0.018458 
0.000000 2.744240 -0.637085 -0.168230 -0.127257 
0.000000 2.744240 0.053961 -0.121763 0.009989 
0.000000 2.744240 -0.007998 -0.131644 0.087085 
0.000000 2.744240 0.303342 -0.302653 -0.154234 
0.000000 2.744240 -0.190317 -0.213291 -0.019304 
0.000000 2.744240 0.180011 -0.093999 0.129508 
0.000000 2.744240 -0.180147 -0.167017 0.272292 
0.000000 2.744240 -0.252538 -0.119020 0.089826 
0.000000 2.744240 0.287108 -0.086715 -0.052608 
0.000000 2.744240 -0.226984 -0.091995 -0.058451 
0.000000 2.744240 -0.316599 -0.281504 -0.151066 
0.000000 2.744240 0.271073 -0.115432 -0.239804 
0.000000 2.744240 -0.037630 -0.097772 -0.085508 
0.000000 2.744240 -0.133846 -0.021223 -0.043399 
0.000000 2.744240 -0.034124 -0.123901 0.046316 
0.000000 2.744240 0.049673 -0.078668 0.003896 
0.000000 2.744240 -0.063964 -0.060935 -0.204826 
0.000000 2.744240 0.430143 -0.093303 -0.098187 
0.000000 2.744240 0.351244 -0.139921 -0.049891 
0.000000 2.744240 0.151062 -0.173715 0.032288 
0.000000 2.744240 0.273434 -0.128790 0.205929 
0.000000 2.744240 -0.080897 -0.119497 0.045500 
0.000000 2.744240 0.091319 -0.087811 -0.247118 
0.000000 2.744240 -0.052739 -0.141875 0.187268 
0.000000 2.744240 -0.200081 -0.097380 -0.164326 
0.000000 2.744240 0.068706 -0.020132 -0.042584 
0.000000 2.744240 -0.105529 -0.130429 -0.016541 
0.000000 2.744240 -0.039012 -0.115982 -0.090846 
0.000000 2.744240 -0.083469 -0.281876 -0.037763 
0.000000 2.744240 0.117784 -0.120078 -0.038072 
0.000000 2.744240 0.299055 -0.254013 -0.051956 
0.000000 2.744240 0.374938 -0.197802 -0.089740 
0.000000 2.744240 -0.233004 -0.147889 -0.288389 
0.000000 2.744240 0.532013 -0.231288 -0.026641 
0.000000 2.744240 0.043032 -0.219364 -0.090159 
0.000000 2.744240 0.103090 -0.161763 -0.102310 
0.000000 2.744240 0.096929 -0.077291 -0.038824 
0.000000 2.744240 0.025057 -0.028712 0.109557 
0.000000 2.744240 -0.350496 -0.200424 -0.146237 
0.000000 2.744240 -0.042892 -0.059604 -0.199725 
0.000000 2.744240 -0.172943 -0.131306 0.338151 
0.000000 2.744240 -0.110617 -0.001336 -0.172284 
0.000000 2.744240 0.191400 -0.113945 0.079014 
0.000000 2.744240 0.074404 -0.093225 0.024940 
0.000000 2.744240 0.104252 -0.178099 0.000312 
0.000000 2.744240 -0.017852 -0.077642 0.064471 
0.000000 2.744240 0.076009 0.001044 0.060649 
0.000000 2.744240 -0.368169 -0.198595 -0.130431 
0.000000 2.744240 0.002250 -0.165398 -0.061379 
0.000000 2.744240 -0.043512 -0.125661 -0.078900 
0.000000 2.744240 0.454536 -0.189398 -0.170834 
0.000000 2.744240 -0.154007 -0.023174 -0.054757 
0.000000 2.744240 0.027702 -0.170009 -0.068104 
0.000000 2.744240 -0.156587 -0.093523 -0.017091 
0.000000 2.744240 -0.180623 -0.081344 0.003167 
0.000000 2.744240 0.365672 -0.068914 0.239504 
0.000000 2.744240 -0.261448 -0.139453 -0.116594 
0.000000 2.744240 -0.079034 -0.143054 -0.253924 
0.000000 2.744240 0.043313 -0.039849 -0.240067 
0.000000 2.744240 -0.237847 -0.222151 -0.022764 
0.000000 2.744240 0.016133 -0.155777 -0.163276 
0.000000 2.744240 0.124541 -0.152805 -0.169667 
0.000000 2.744240 0.496519 -0.102323 0.123543 
0.000000 2.744240 -0.425948 -0.109000 -0.368170 
0.000000 2.744240 -0.199592 -0.076976 -0.322213 
0.000000 2.744240 -0.111179 -0.130370 0.001374 
0.000000 2.744240 0.180827 -0.116082 0.008463 
0.000000 2.744240 0.915237 -0.184785 0.202976 
0.000000 2.744240 -0.260635 -0.146116 -0.058801 
0.000000 2.744240 0.014882 -0.163381 0.121782 
0.000000 2.744240 0.052028 -0.295863 -0.154860 
0.000000 2.744240 0.052459 -0.187532 -0.167817 
0.000000 2.744240 -0.232523 -0.156606 0.303063 
0.000000 2.744240 -0.029027 -0.113984 0.115715 
0.000000 2.744240 -0.194643 -0.091586 -0.285586 
0.000000 2.744240 0.228304 -0.201122 -0.126456 
0.000000 2.744240 -0.031638 -0.083669 -0.267936 
0.000000 2.744240 0.065439 -0.046029 -0.019926 
0.000000 2.744240 0.338742 -0.234346 0.016912 
0.000000 2.744240 -0.179644 -0.139049 0.119651 
0.000000 2.744240 0.182513 -0.125007 0.049912 
0.000000 2.744240 0.358235 -0.133717 0.063632 
0.000000 2.744240 0.275573 -0.150133 -0.032312 
0.000000 2.744240 -0.180485 -0.041641 -0.137247 
0.000000 2.744240 0.452872 -0.309189 0.059592 
0.000000 2.744240 0.153748 -0.101182 0.078373 
0.000000 2.744240 0.215812 -0.088331 -0.047402 
0.000000 2.744240 0.918696 -0.353401 -0.280323 
0.000000 2.744240 -0.228242 -0.115699 0.132161 
0.000000 2.744240 0.115587 0.001758 0.078111 
0.000000 2.744240 0.170327 -0.156636 0.139351 
0.000000 2.744240 0.067132 -0.042243 0.108977 
0.000000 2.744240 -0.025236 -0.073085 -0.044481 
0.000000 2.744240 0.015308 -0.021216 -0.088262 
0.000000 2.744240 0.281099 -0.273938 -0.276161 
0.000000 2.744240 -0.099810 -0.057253 0.058608 
0.000000 2.744240 0.025969 -0.061440 0.100159 
0.000000 2.744240 0.208869 -0.020917 0.033905 
0.000000 2.744240 -0.115634 -0.024575 0.094320 
0.000000 3.085571 0.423516 -0.321015 -0.293117 
0.000000 3.085571 0.096069 -0.156549 0.145483 
0.000000 3.085571 -0.040441 -0.140415 -0.061135 
0.000000 3.085571 0.232006 -0.129810 0.147198 
0.000000 3.085571 -0.299874 -0.126296 -0.352506 
0.000000 3.085571 -0.411219 -0.150347 -0.034542 
0.000000 3.085571 0.233762 -0.079685 -0.035168 
0.000000 3.085571 0.311575 -0.131644 0.193759 
0.000000 3.085571 0.040901 -0.085758 -0.127293 
0.000000 3.085571 -0.154190 -0.158812 -0.167840 
0.000000 3.085571 -0.235608 -0.099923 -0.027062 
0.000000 3.085571 -0.008659 -0.208270 -0.143067 
0.000000 3.085571 -0.304062 -0.141032 0.085013 
0.000000 3.085571 0.160187 -0.133421 0.282117 
0.000000 3.085571 -0.222163 -0.095921 0.343156 
0.000000 3.085571 0.002639 -0.073061 0.209190 
0.000000 3.085571 -0.169196 -0.133436 -0.141618 
0.000000 3.085571 0.280566 -0.029832 -0.156899 
0.000000 3.085571 0.562142 -0.245688 -0.434908 
0.000000 3.085571 0.106668 -0.349097 -0.226577 
0.000000 3.085571 -0.194595 -0.032421 -0.182555 
0.000000 3.085571 0.522083 -0.230355 0.174033 
0.000000 3.085571 0.458980 -0.126755 0.118530 
0.000000 3.085571 0.128477 -0.025772 0.190766 
0.000000 3.085571 -0.184767 -0.112657 0.019716 
0.000000 3.085571 0.094140 -0.278869 0.179570 
0.000000 3.085571 0.332394 -0.105809 -0.238532 
0.000000 3.085571 0.112316 -0.150290 0.066890 
0.000000 3.085571 -0.472654 -0.079218 0.246635 
0.000000 3.085571 -0.030628 -0.104975 0.493178 
0.000000 3.085571 -0.059295 -0.172113 -0.052838 
0.000000 3.085571 -0.301278 -0.131839 0.274175 
0.000000 3.085571 0.111234 -0.143607 0.307742 
0.000000 3.085571 0.004609 -0.055626 0.295593 
0.000000 3.085571 0.075899 -0.039732 0.045312 
0.000000 3.085571 -0.257160 -0.176028 -0.217485 
0.000000 3.085571 0.051836 -0.087897 0.066008 
0.000000 3.085571 0.252533 -0.051665 0.162883 
0.000000 3.085571 0.338700 -0.086669 0.009659 
0.000000 3.085571 0.300728 -0.130415 -0.188066 
0.000000 3.085571 0.381460 -0.172639 0.179455 
0.000000 3.085571 -0.155181 -0.262971 0.019289 
0.000000 3.085571 0.388748 -0.310768 -0.276076 
0.000000 3.085571 -0.265531 -0.071741 -0.222082 
0.000000 3.085571 -0.100123 -0.050944 0.067280 
0.000000 3.085571 -0.201950 -0.044553 0.098489 
0.000000 3.085571 -0.574905 -0.218127 0.029948 
0.000000 3.085571 0.556902 -0.124294 -0.199350 
0.000000 3.085571 -0.008874 -0.185984 -0.077976 
0.000000 3.085571 -0.770056 -0.225271 -0.073338 
0.000000 3.085571 -0.244284 -0.126367 -0.304045 
0.000000 3.085571 0.066738 -0.150615 -0.135549 
0.000000 3.085571 0.082777 -0.141960 0.208437 
0.000000 3.085571 0.144839 -0.159616 -0.041015 
0.000000 3.085571 -0.055962 -0.179360 -0.061002 
0.000000 3.085571 -0.068697 -0.272321 0.176552 
0.000000 3.085571 -0.352400 -0.223999 0.254728 
0.000000 3.085571 -0.044598 -0.050467 0.185486 
0.000000 3.085571 0.226377 -0.084352 -0.184942 
0.000000 3.085571 0.455421 -0.209755 -0.005699 
0.000000 3.085571 -0.057213 -0.100744 -0.143964 
0.000000 3.085571 0.407833 -0.306831 0.114866 
0.000000 3.085571 -0.142398 -0.074729 0.188631 
0.000000 3.085571 0.002476 -0.080451 -0.079215 
0.000000 3.085571 0.187864 -0.191024 0.130007 
0.000000 3.085571 0.104649 -0.103585 0.000151 
0.000000 3.085571 0.164586 -0.248065 -0.344643 
0.000000 3.085571 0.170960 -0.124160 0.250306 
0.000000 3.085571 0.506319 -0.212491 0.082726 
0.000000 3.085571 -0.630961 -0.131262 -0.149222 
0.000000 3.085571 -0.042316 -0.155423 -0.061570 
0.000000 3.085571 0.069654 -0.093925 0.103756 
0.000000 3.085571 -0.041686 -0.124894 0.224480 
0.000000 3.085571 0.095223 -0.199601 -0.029332 
0.000000 3.085571 -0.035358 -0.113709 -0.006653 
0.000000 3.085571 0.310220 -0.090667 -0.207623 
0.000000 3.085571 0.140495 -0.193455 -0.050088 
0.000000 3.085571 0.006637 -0.061246 0.060594 
0.000000 3.085571 -0.366506 -0.301312 0.036955 
0.000000 3.085571 -0.260776 -0.158077 0.178263 
0.000000 3.085571 0.185516 -0.140899 0.032408 
0.000000 3.085571 -0.651122 -0.270462 -0.220201 
0.000000 3.085571 0.152701 -0.177125 0.121923 
0.000000 3.085571 -0.235555 -0.070623 0.090158 
0.000000 3.085571 -0.061916 0.003773 0.202470 
0.000000 3.085571 -0.080855 -0.076601 0.010397 
0.000000 3.085571 0.220556 -0.120868 -0.205362 
0.000000 3.085571 0.011747 -0.043258 0.011883 
0.000000 3.085571 -0.148378 -0.102339 -0.027003 
0.000000 3.085571 0.404832 -0.077922 0.116598 
0.000000 3.085571 0.637560 -0.287054 -0.026554 
0.000000 3.085571 -0.044776 -0.118801 -0.284486 
0.000000 3.085571 -0.478491 -0.117713 -0.245078 
0.000000 3.085571 0.352445 -0.150398 -0.237896 
0.000000 3.085571 -0.179277 -0.061772 0.057511 
0.000000 3.085571 -0.082616 -0.069489 0.143137 
0.000000 3.085571 -0.398250 -0.140647 0.081057 
0.000000 3.085571 0.343243 -0.216478 0.279919 
0.000000 3.085571 0.203586 -0.081706 0.096189 
0.000000 3.085571 -0.112834 -0.018346 0.080781 
0.000000 3.434677 0.192350 -0.133166 0.096646 
0.000000 3.434677 0.060811 -0.188217 -0.156995 
0.000000 3.434677 0.252630 -0.228939 0.091571 
0.000000 3.434677 0.186722 -0.172945 0.049943 
0.000000 3.434677 0.006744 -0.094747 0.213961 
0.000000 3.434677 -0.009627 -0.100332 -0.155841 
0.000000 3.434677 0.546484 -0.106199 -0.220245 
0.000000 3.434677 -0.242728 -0.133187 -0.013252 
0.000000 3.434677 0.015660 -0.010547 0.043853 
0.000000 3.434677 0.095991 -0.087859 0.132490 
0.000000 3.434677 -0.419606 -0.216894 0.097598 
0.000000 3.434677 -0.060425 -0.067215 0.143877 
0.000000 3.434677 -0.035550 -0.071673 -0.124225 
0.000000 3.434677 -0.019061 -0.091359 0.190249 
0.000000 3.434677 0.519771 -0.163900 -0.062216 
0.000000 3.434677 0.239203 -0.083219 0.026005 
0.000000 3.434677 -0.096915 -0.034007 -0.124462 
0.000000 3.434677 -0.029103 -0.077139 -0.027609 
0.000000 3.434677 0.043263 -0.028048 -0.098220 
0.000000 3.434677 0.193177 -0.134247 -0.120956 
0.000000 3.434677 -0.365735 -0.120837 0.066177 
0.000000 3.434677 0.366444 -0.124373 -0.031416 
0.000000 3.434677 0.134465 -0.029992 -0.210510 
0.000000 3.434677 -0.034193 -0.219559 -0.504622 
0.000000 3.434677 0.371521 -0.267498 -0.039539 
0.000000 3.434677 -0.126163 -0.100157 0.239667 
0.000000 3.434677 -0.320834 -0.218839 -0.383459 
0.000000 3.434677 -0.046170 -0.148138 0.113127 
0.000000 3.434677 -0.008376 -0.203172 0.106988 
0.000000 3.434677 0.031319 -0.056823 0.139300 
0.000000 3.434677 -0.374116 -0.290623 0.005462 
0.000000 3.434677 -0.377788 -0.059061 0.021511 
0.000000 3.434677 0.276800 -0.167303 0.053026 
0.000000 3.434677 0.312426 -0.187596 -0.218265 
0.000000 3.434677 -0.581096 -0.162376 -0.399800 
0.000000 3.434677 0.230808 -0.047102 -0.074825 
0.000000 3.434677 -0.231219 -0.101013 0.299695 
0.000000 3.434677 0.307085 -0.086440 0.124911 
0.000000 3.434677 0.044507 -0.149689 0.104081 
0.000000 3.434677 0.091390 -0.058770 0.003386 
0.000000 3.434677 -0.105173 -0.136861 0.047705 
0.000000 3.434677 0.093191 -0.094853 0.149338 
0.000000 3.434677 0.300508 -0.077680 0.021591 
0.000000 3.434677 -0.051208 -0.026045 0.092338 
0.000000 3.434677 0.474382 -0.217372 0.072714 
0.000000 3.434677 0.022710 -0.143668 -0.058402 
0.000000 3.434677 -0.061927 -0.093136 0.258643 
0.000000 3.434677 -0.124426 -0.117181 -0.037863 
0.000000 3.434677 -0.040671 -0.005824 -0.180006 
0.000000 3.434677 0.059761 -0.254879 -0.095106 
0.000000 3.434677 -0.127994 -0.068629 -0.081632 
0.000000 3.434677 -0.059134 -0.149461 -0.056703 
0.000000 3.434677 0.015487 -0.087051 0.125927 
0.000000 3.434677 0.215986 -0.241789 -0.028429 
0.000000 3.434677 -0.170064 -0.013825 0.167088 
0.000000 3.434677 -0.007803 -0.069045 -0.105175 
0.000000 3.434677 0.006954 -0.047218 0.226958 
0.000000 3.434677 -0.233190 -0.226719 -0.194478 
0.000000 3.434677 -0.165379 -0.071087 0.145888 
0.000000 3.434677 -0.574266 -0.151342 0.025487 
0.000000 3.434677 0.109791 -0.081851 -0.087687 
0.000000 3.434677 0.213857 -0.166076 0.156305 
0.000000 3.434677 -0.042700 -0.088482 -0.208277 
0.000000 3.434677 0.055087 -0.062592 -0.117267 
0.000000 3.434677 -0.159210 -0.108683 0.205559 
0.000000 3.434677 0.029314 -0.312391 -0.303643 
0.000000 3.434677 0.044250 -0.102941 -0.107058 
0.000000 3.434677 0.119878 -0.240153 -0.147686 
0.000000 3.434677 0.167444 -0.147085 0.013057 
0.000000 3.434677 -0.235562 -0.291736 0.040327 
0.000000 3.434677 -0.312469 -0.154518 0.127903 
0.000000 3.434677 -0.194044 -0.083599 -0.118946 
0.000000 3.434677 -0.085695 -0.147666 -0.110308 
0.000000 3.434677 0.126884 -0.092602 0.115464 
0.000000 3.434677 0.151497 -0.057212 0.220370 
0.000000 3.434677 0.330912 -0.104150 -0.125657 
0.000000 3.434677 0.137415 -0.048720 -0.222135 
0.000000 3.434677 -0.291344 -0.082698 0.120684 
0.000000 3.434677 0.208704 -0.170228 0.151508 
0.000000 3.434677 0.287315 -0.177820 -0.089149 
0.000000 3.434677 -0.141248 -0.170032 -0.018228 
0.000000 3.434677 -0.102873 -0.217320 -0.279427 
0.000000 3.434677 0.112823 -0.160465 0.203425 
0.000000 3.434677 -0.203781 -0.089592 -0.051876 
0.000000 3.434677 -0.013029 -0.040194 -0.098267 
0.000000 3.434677 -0.343580 -0.082696 0.184692 
0.000000 3.434677 -0.049469 -0.086442 0.161602 
0.000000 3.434677 0.432973 -0.202311 -0.025278 
0.000000 3.434677 -0.159501 -0.146570 -0.232782 
0.000000 3.434677 0.699107 -0.160507 0.168146 
0.000000 3.434677 0.054308 -0.080038 -0.153112 
0.000000 3.434677 -0.141157 -0.121924 -0.076484 
0.000000 3.434677 0.377835 -0.186379 0.102122 
0.000000 3.434677 -0.177337 -0.301724 -0.382177 
0.000000 3.434677 -0.293842 -0.178362 -0.499665 
0.000000 3.434677 0.545098 -0.118088 -0.198258 
0.000000 3.434677 0.204349 -0.105943 0.032110 
0.000000 3.434677 0.101345 -0.105309 0.160099 
0.000000 3.434677 -0.242719 -0.108519 -0.039547 
0.000000 3.434677 0.246236 -0.173278 -0.394015 
